Log file open, 10/09/23 12:56:43
LogWindows: Failed to load 'aqProf.dll' (GetLastError=126)
LogWindows: File 'aqProf.dll' does not exist
LogWindows: Failed to load 'VtuneApi.dll' (GetLastError=126)
LogWindows: File 'VtuneApi.dll' does not exist
LogWindows: Failed to load 'VtuneApi32e.dll' (GetLastError=126)
LogWindows: File 'VtuneApi32e.dll' does not exist
LogConsoleResponse: Display: Failed to find resolution value strings in scalability ini. Falling back to default.
LogConsoleResponse: Display: Failed to find resolution value strings in scalability ini. Falling back to default.
LogInit: Display: Running engine for game: CppTPS
LogPlatformFile: Not using cached read wrapper
LogTaskGraph: Started task graph with 5 named threads and 35 total threads with 3 sets of task threads.
LogStats: Stats thread started at 1.892706
LogICUInternationalization: ICU TimeZone Detection - Raw Offset: +3:00, Platform Override: ''
LogInit: Display: Loading text-based GConfig....
LogPluginManager: Mounting plugin MeshPainting
LogPluginManager: Mounting plugin XGEController
LogPluginManager: Mounting plugin LiveLink
LogPluginManager: Mounting plugin Paper2D
LogPluginManager: Mounting plugin AISupport
LogPluginManager: Mounting plugin EnvironmentQueryEditor
LogPluginManager: Mounting plugin LightPropagationVolume
LogPluginManager: Mounting plugin GameplayCameras
LogPluginManager: Mounting plugin OodleData
LogPluginManager: Mounting plugin OodleNetwork
LogPluginManager: Mounting plugin CameraShakePreviewer
LogPluginManager: Mounting plugin AnimationSharing
LogPluginManager: Mounting plugin CLionSourceCodeAccess
LogPluginManager: Mounting plugin GitSourceControl
LogPluginManager: Mounting plugin KDevelopSourceCodeAccess
LogPluginManager: Mounting plugin NullSourceCodeAccess
LogPluginManager: Mounting plugin CodeLiteSourceCodeAccess
LogPluginManager: Mounting plugin AssetManagerEditor
LogPluginManager: Mounting plugin CryptoKeys
LogPluginManager: Mounting plugin PixWinPlugin
LogPluginManager: Mounting plugin PlasticSourceControl
LogPluginManager: Mounting plugin PropertyAccessNode
LogPluginManager: Mounting plugin PluginUtils
LogPluginManager: Mounting plugin RiderSourceCodeAccess
LogPluginManager: Mounting plugin SubversionSourceControl
LogPluginManager: Mounting plugin CurveEditorTools
LogPluginManager: Mounting plugin TextureFormatOodle
LogPluginManager: Mounting plugin UObjectPlugin
LogPluginManager: Mounting plugin VisualStudioSourceCodeAccess
LogPluginManager: Mounting plugin XCodeSourceCodeAccess
LogPluginManager: Mounting plugin DataValidation
LogPluginManager: Mounting plugin VisualStudioCodeSourceCodeAccess
LogPluginManager: Mounting plugin FacialAnimation
LogPluginManager: Mounting plugin GameplayTagsEditor
LogPluginManager: Mounting plugin GeometryMode
LogPluginManager: Mounting plugin MacGraphicsSwitching
LogPluginManager: Mounting plugin PerforceSourceControl
LogPluginManager: Mounting plugin MaterialAnalyzer
LogPluginManager: Mounting plugin MobileLauncherProfileWizard
LogPluginManager: Mounting plugin PluginBrowser
LogPluginManager: Mounting plugin SpeedTreeImporter
LogPluginManager: Mounting plugin Niagara
LogPluginManager: Mounting plugin DatasmithContent
LogPluginManager: Mounting plugin VariantManagerContent
LogPluginManager: Mounting plugin LuminPlatformFeatures
LogPluginManager: Mounting plugin MagicLeap
LogPluginManager: Mounting plugin MagicLeapLightEstimation
LogPluginManager: Mounting plugin MagicLeapMedia
LogPluginManager: Mounting plugin MagicLeapPassableWorld
LogPluginManager: Mounting plugin MLSDK
LogPluginManager: Mounting plugin AlembicImporter
LogPluginManager: Mounting plugin BackChannel
LogPluginManager: Mounting plugin AutomationUtils
LogPluginManager: Mounting plugin ChaosClothEditor
LogPluginManager: Mounting plugin ChaosNiagara
LogPluginManager: Mounting plugin ChaosEditor
LogPluginManager: Mounting plugin ChaosCloth
LogPluginManager: Mounting plugin CharacterAI
LogPluginManager: Mounting plugin ChaosSolverPlugin
LogPluginManager: Mounting plugin GeometryCache
LogPluginManager: Mounting plugin GeometryCollectionPlugin
LogPluginManager: Mounting plugin AndroidMedia
LogPluginManager: Mounting plugin AvfMedia
LogPluginManager: Mounting plugin ImgMedia
LogPluginManager: Mounting plugin MediaCompositing
LogPluginManager: Mounting plugin MediaPlayerEditor
LogPluginManager: Mounting plugin WebMMedia
LogPluginManager: Mounting plugin WmfMedia
LogPluginManager: Mounting plugin GeometryProcessing
LogPluginManager: Mounting plugin MotoSynth
LogPluginManager: Mounting plugin OpenImageDenoise
LogPluginManager: Mounting plugin PlanarCut
LogPluginManager: Mounting plugin PlatformCrypto
LogPluginManager: Mounting plugin ProxyLODPlugin
LogPluginManager: Mounting plugin PythonScriptPlugin
LogPluginManager: Mounting plugin SkeletalReduction
LogPluginManager: Mounting plugin ActorSequence
LogPluginManager: Mounting plugin TcpMessaging
LogPluginManager: Mounting plugin UdpMessaging
LogPluginManager: Mounting plugin LevelSequenceEditor
LogPluginManager: Mounting plugin TemplateSequence
LogPluginManager: Mounting plugin MatineeToLevelSequence
LogPluginManager: Mounting plugin OnlineSubsystem
LogPluginManager: Mounting plugin OnlineSubsystemNull
LogPluginManager: Mounting plugin OnlineSubsystemUtils
LogPluginManager: Mounting plugin ActorLayerUtilities
LogPluginManager: Mounting plugin AndroidMoviePlayer
LogPluginManager: Mounting plugin AndroidDeviceProfileSelector
LogPluginManager: Mounting plugin AndroidPermission
LogPluginManager: Mounting plugin LauncherChunkInstaller
LogPluginManager: Mounting plugin AppleMoviePlayer
LogPluginManager: Mounting plugin AppleImageUtils
LogPluginManager: Mounting plugin ArchVisCharacter
LogPluginManager: Mounting plugin AudioCapture
LogPluginManager: Mounting plugin CableComponent
LogPluginManager: Mounting plugin AudioSynesthesia
LogPluginManager: Mounting plugin AssetTags
LogPluginManager: Mounting plugin ChunkDownloader
LogPluginManager: Mounting plugin CustomMeshComponent
LogPluginManager: Mounting plugin EditableMesh
LogPluginManager: Mounting plugin ExampleDeviceProfileSelector
LogPluginManager: Mounting plugin GoogleCloudMessaging
LogPluginManager: Mounting plugin GooglePAD
LogPluginManager: Mounting plugin IOSDeviceProfileSelector
LogPluginManager: Mounting plugin LinuxDeviceProfileSelector
LogPluginManager: Mounting plugin LocationServicesBPLibrary
LogPluginManager: Mounting plugin MobilePatchingUtils
LogPluginManager: Mounting plugin OpenXR
LogPluginManager: Mounting plugin OpenXREyeTracker
LogPluginManager: Mounting plugin OpenXRHandTracking
LogPluginManager: Mounting plugin PhysXVehicles
LogPluginManager: Mounting plugin PostSplashScreen
LogPluginManager: Mounting plugin PropertyAccessEditor
LogPluginManager: Mounting plugin ProceduralMeshComponent
LogPluginManager: Mounting plugin RuntimePhysXCooking
LogPluginManager: Mounting plugin SignificanceManager
LogPluginManager: Mounting plugin SoundFields
LogPluginManager: Mounting plugin Synthesis
LogPluginManager: Mounting plugin WebMMoviePlayer
LogPluginManager: Mounting plugin WindowsMoviePlayer
LogPluginManager: Mounting plugin ScreenshotTools
LogPluginManager: Mounting plugin Takes
LogPluginManager: Mounting plugin ContentBrowserAssetDataSource
LogPluginManager: Mounting plugin ContentBrowserFileDataSource
LogPluginManager: Mounting plugin ContentBrowserClassDataSource
LogPluginManager: Mounting plugin OnlineSubsystemGooglePlay
LogPluginManager: Mounting plugin OnlineSubsystemIOS
LogPluginManager: Mounting plugin OculusVR
LogPluginManager: Mounting plugin SteamVR
LogPluginManager: Mounting plugin WoodyQuests
PixWinPlugin: PIX capture plugin failed to initialize! Check that the process is launched from PIX.
LogInit: Using libcurl 7.55.1-DEV
LogInit:  - built for x86_64-pc-win32
LogInit:  - supports SSL with OpenSSL/1.1.1
LogInit:  - supports HTTP deflate (compression) using libz 1.2.8
LogInit:  - other features:
LogInit:      CURL_VERSION_SSL
LogInit:      CURL_VERSION_LIBZ
LogInit:      CURL_VERSION_IPV6
LogInit:      CURL_VERSION_ASYNCHDNS
LogInit:      CURL_VERSION_LARGEFILE
LogInit:      CURL_VERSION_IDN
LogInit:  CurlRequestOptions (configurable via config and command line):
LogInit:  - bVerifyPeer = true  - Libcurl will verify peer certificate
LogInit:  - bUseHttpProxy = false  - Libcurl will NOT use HTTP proxy
LogInit:  - bDontReuseConnections = false  - Libcurl will reuse connections
LogInit:  - MaxHostConnections = 16  - Libcurl will limit the number of connections to a host
LogInit:  - LocalHostAddr = Default
LogInit:  - BufferSize = 65536
LogOnline: OSS: Creating online subsystem instance for: NULL
LogInit: WinSock: version 1.1 (2.2), MaxSocks=32767, MaxUdp=65467
LogOnline: OSS: TryLoadSubsystemAndSetDefault: Loaded subsystem for module [NULL]
LogInit: Build: ++UE4+Release-4.27-CL-18319896
LogInit: Engine Version: 4.27.2-18319896+++UE4+Release-4.27
LogInit: Compatible Engine Version: 4.27.0-17155196+++UE4+Release-4.27
LogInit: Net CL: 17155196
LogInit: OS: Windows 10 (Release 2009) (), CPU: Intel(R) Core(TM) i5-10400 CPU @ 2.90GHz, GPU: Intel(R) UHD Graphics 630
LogInit: Compiled (64-bit): Nov 30 2021 07:12:08
LogInit: Compiled with Visual C++: 19.24.28315.00
LogInit: Build Configuration: Development
LogInit: Branch Name: ++UE4+Release-4.27
LogInit: Command Line:  "C:\Users\s.dronskiy\Documents\Unreal Projects\CppTPS\CppTPS.uproject" -run=VisualStudioTools -unattended -noshadercompile -nosound -nullrhi -nocpuprofilertrace -nocrashreports -nosplash -ddc=noshared -output=C:\Users\s.dronskiy\AppData\Local\Temp\tmpDF54.tmp
LogInit: Base Directory: R:/Port/UE_4.27/Engine/Binaries/Win64/
LogInit: Allocator: TBB
LogInit: Installed Engine Build: 1
LogDevObjectVersion: Number of dev versions registered: 29
LogDevObjectVersion:   Dev-Blueprints (B0D832E4-1F89-4F0D-ACCF-7EB736FD4AA2): 10
LogDevObjectVersion:   Dev-Build (E1C64328-A22C-4D53-A36C-8E866417BD8C): 0
LogDevObjectVersion:   Dev-Core (375EC13C-06E4-48FB-B500-84F0262A717E): 4
LogDevObjectVersion:   Dev-Editor (E4B068ED-F494-42E9-A231-DA0B2E46BB41): 40
LogDevObjectVersion:   Dev-Framework (CFFC743F-43B0-4480-9391-14DF171D2073): 37
LogDevObjectVersion:   Dev-Mobile (B02B49B5-BB20-44E9-A304-32B752E40360): 3
LogDevObjectVersion:   Dev-Networking (A4E4105C-59A1-49B5-A7C5-40C4547EDFEE): 0
LogDevObjectVersion:   Dev-Online (39C831C9-5AE6-47DC-9A44-9C173E1C8E7C): 0
LogDevObjectVersion:   Dev-Physics (78F01B33-EBEA-4F98-B9B4-84EACCB95AA2): 14
LogDevObjectVersion:   Dev-Platform (6631380F-2D4D-43E0-8009-CF276956A95A): 0
LogDevObjectVersion:   Dev-Rendering (12F88B9F-8875-4AFC-A67C-D90C383ABD29): 45
LogDevObjectVersion:   Dev-Sequencer (7B5AE74C-D270-4C10-A958-57980B212A5A): 13
LogDevObjectVersion:   Dev-VR (D7296918-1DD6-4BDD-9DE2-64A83CC13884): 3
LogDevObjectVersion:   Dev-LoadTimes (C2A15278-BFE7-4AFE-6C17-90FF531DF755): 1
LogDevObjectVersion:   Private-Geometry (6EACA3D4-40EC-4CC1-B786-8BED09428FC5): 3
LogDevObjectVersion:   Dev-AnimPhys (29E575DD-E0A3-4627-9D10-D276232CDCEA): 17
LogDevObjectVersion:   Dev-Anim (AF43A65D-7FD3-4947-9873-3E8ED9C1BB05): 15
LogDevObjectVersion:   Dev-ReflectionCapture (6B266CEC-1EC7-4B8F-A30B-E4D90942FC07): 1
LogDevObjectVersion:   Dev-Automation (0DF73D61-A23F-47EA-B727-89E90C41499A): 1
LogDevObjectVersion:   FortniteMain (601D1886-AC64-4F84-AA16-D3DE0DEAC7D6): 47
LogDevObjectVersion:   FortniteRelease (E7086368-6B23-4C58-8439-1B7016265E91): 1
LogDevObjectVersion:   Dev-Enterprise (9DFFBCD6-494F-0158-E221-12823C92A888): 10
LogDevObjectVersion:   Dev-Niagara (F2AED0AC-9AFE-416F-8664-AA7FFA26D6FC): 1
LogDevObjectVersion:   Dev-Destruction (174F1F0B-B4C6-45A5-B13F-2EE8D0FB917D): 10
LogDevObjectVersion:   Dev-Physics-Ext (35F94A83-E258-406C-A318-09F59610247C): 41
LogDevObjectVersion:   Dev-PhysicsMaterial-Chaos (B68FC16E-8B1B-42E2-B453-215C058844FE): 1
LogDevObjectVersion:   Dev-CineCamera (B2E18506-4273-CFC2-A54E-F4BB758BBA07): 1
LogDevObjectVersion:   Dev-VirtualProduction (64F58936-FD1B-42BA-BA96-7289D5D0FA4E): 1
LogDevObjectVersion:   Dev-MediaFramework (6F0ED827-A609-4895-9C91-998D90180EA4): 2
LogInit: Presizing for max 25165824 objects, including 0 objects not considered by GC, pre-allocating 0 bytes for permanent pool.
LogConfig: Applying CVar settings from Section [/Script/Engine.StreamingSettings] File [C:/Users/s.dronskiy/Documents/Unreal Projects/CppTPS/Saved/Config/Windows/Engine.ini]
LogConfig: Setting CVar [[s.MinBulkDataSizeForAsyncLoading:131072]]
LogConfig: Setting CVar [[s.AsyncLoadingThreadEnabled:0]]
LogConfig: Setting CVar [[s.EventDrivenLoaderEnabled:1]]
LogConfig: Setting CVar [[s.WarnIfTimeLimitExceeded:0]]
LogConfig: Setting CVar [[s.TimeLimitExceededMultiplier:1.5]]
LogConfig: Setting CVar [[s.TimeLimitExceededMinTime:0.005]]
LogConfig: Setting CVar [[s.UseBackgroundLevelStreaming:1]]
LogConfig: Setting CVar [[s.PriorityAsyncLoadingExtraTime:15.0]]
LogConfig: Setting CVar [[s.LevelStreamingActorsUpdateTimeLimit:5.0]]
LogConfig: Setting CVar [[s.PriorityLevelStreamingActorsUpdateExtraTime:5.0]]
LogConfig: Setting CVar [[s.LevelStreamingComponentsRegistrationGranularity:10]]
LogConfig: Setting CVar [[s.UnregisterComponentsTimeLimit:1.0]]
LogConfig: Setting CVar [[s.LevelStreamingComponentsUnregistrationGranularity:5]]
LogConfig: Setting CVar [[s.FlushStreamingOnExit:1]]
LogInit: Object subsystem initialized
LogConfig: Setting CVar [[con.DebugEarlyDefault:1]]
LogConfig: Setting CVar [[r.setres:1280x720]]
[2023.10.09-09.56.45:957][  0]LogConfig: Setting CVar [[con.DebugEarlyDefault:1]]
[2023.10.09-09.56.45:957][  0]LogConfig: Setting CVar [[r.setres:1280x720]]
[2023.10.09-09.56.45:957][  0]LogConfig: Applying CVar settings from Section [/Script/Engine.RendererSettings] File [C:/Users/s.dronskiy/Documents/Unreal Projects/CppTPS/Saved/Config/Windows/Engine.ini]
[2023.10.09-09.56.45:957][  0]LogConfig: Setting CVar [[r.GPUCrashDebugging:0]]
[2023.10.09-09.56.45:957][  0]LogConfig: Setting CVar [[r.Mobile.DisableVertexFog:1]]
[2023.10.09-09.56.45:957][  0]LogConfig: Setting CVar [[r.Shadow.CSM.MaxMobileCascades:2]]
[2023.10.09-09.56.45:957][  0]LogConfig: Setting CVar [[r.MobileMSAA:1]]
[2023.10.09-09.56.45:958][  0]LogConfig: Setting CVar [[r.Mobile.AllowDitheredLODTransition:0]]
[2023.10.09-09.56.45:958][  0]LogConfig: Setting CVar [[r.Mobile.AllowSoftwareOcclusion:0]]
[2023.10.09-09.56.45:958][  0]LogConfig: Setting CVar [[r.Mobile.VirtualTextures:0]]
[2023.10.09-09.56.45:958][  0]LogConfig: Setting CVar [[r.DiscardUnusedQuality:0]]
[2023.10.09-09.56.45:958][  0]LogConfig: Setting CVar [[r.AllowOcclusionQueries:1]]
[2023.10.09-09.56.45:958][  0]LogConfig: Setting CVar [[r.MinScreenRadiusForLights:0.030000]]
[2023.10.09-09.56.45:958][  0]LogConfig: Setting CVar [[r.MinScreenRadiusForDepthPrepass:0.030000]]
[2023.10.09-09.56.45:958][  0]LogConfig: Setting CVar [[r.MinScreenRadiusForCSMDepth:0.010000]]
[2023.10.09-09.56.45:958][  0]LogConfig: Setting CVar [[r.PrecomputedVisibilityWarning:0]]
[2023.10.09-09.56.45:958][  0]LogConfig: Setting CVar [[r.TextureStreaming:1]]
[2023.10.09-09.56.45:958][  0]LogConfig: Setting CVar [[Compat.UseDXT5NormalMaps:0]]
[2023.10.09-09.56.45:958][  0]LogConfig: Setting CVar [[r.VirtualTextures:0]]
[2023.10.09-09.56.45:958][  0]LogConfig: Setting CVar [[r.VT.EnableAutoImport:1]]
[2023.10.09-09.56.45:958][  0]LogConfig: Setting CVar [[r.VirtualTexturedLightmaps:0]]
[2023.10.09-09.56.45:958][  0]LogConfig: Setting CVar [[r.VT.TileSize:128]]
[2023.10.09-09.56.45:958][  0]LogConfig: Setting CVar [[r.VT.TileBorderSize:4]]
[2023.10.09-09.56.45:958][  0]LogConfig: Setting CVar [[r.vt.FeedbackFactor:16]]
[2023.10.09-09.56.45:958][  0]LogConfig: Setting CVar [[r.VT.EnableCompressZlib:1]]
[2023.10.09-09.56.45:958][  0]LogConfig: Setting CVar [[r.VT.EnableCompressCrunch:0]]
[2023.10.09-09.56.45:958][  0]LogConfig: Setting CVar [[r.ClearCoatNormal:0]]
[2023.10.09-09.56.45:958][  0]LogConfig: Setting CVar [[r.ReflectionCaptureResolution:128]]
[2023.10.09-09.56.45:958][  0]LogConfig: Setting CVar [[r.Mobile.ReflectionCaptureCompression:0]]
[2023.10.09-09.56.45:958][  0]LogConfig: Setting CVar [[r.ReflectionEnvironmentLightmapMixBasedOnRoughness:1]]
[2023.10.09-09.56.45:958][  0]LogConfig: Setting CVar [[r.ForwardShading:0]]
[2023.10.09-09.56.45:958][  0]LogConfig: Setting CVar [[r.VertexFoggingForOpaque:1]]
[2023.10.09-09.56.45:958][  0]LogConfig: Setting CVar [[r.AllowStaticLighting:1]]
[2023.10.09-09.56.45:958][  0]LogConfig: Setting CVar [[r.NormalMapsForStaticLighting:0]]
[2023.10.09-09.56.45:958][  0]LogConfig: Setting CVar [[r.GenerateMeshDistanceFields:0]]
[2023.10.09-09.56.45:958][  0]LogConfig: Setting CVar [[r.DistanceFieldBuild.EightBit:0]]
[2023.10.09-09.56.45:958][  0]LogConfig: Setting CVar [[r.GenerateLandscapeGIData:0]]
[2023.10.09-09.56.45:958][  0]LogConfig: Setting CVar [[r.DistanceFieldBuild.Compress:0]]
[2023.10.09-09.56.45:958][  0]LogConfig: Setting CVar [[r.TessellationAdaptivePixelsPerTriangle:48.000000]]
[2023.10.09-09.56.45:958][  0]LogConfig: Setting CVar [[r.SeparateTranslucency:1]]
[2023.10.09-09.56.45:958][  0]LogConfig: Setting CVar [[r.TranslucentSortPolicy:0]]
[2023.10.09-09.56.45:958][  0]LogConfig: Setting CVar [[vr.VRS.HMDFixedFoveationLevel:0]]
[2023.10.09-09.56.45:958][  0]LogConfig: Setting CVar [[r.CustomDepth:1]]
[2023.10.09-09.56.45:958][  0]LogConfig: Setting CVar [[r.CustomDepthTemporalAAJitter:1]]
[2023.10.09-09.56.45:958][  0]LogConfig: Setting CVar [[r.PostProcessing.PropagateAlpha:0]]
[2023.10.09-09.56.45:958][  0]LogConfig: Setting CVar [[r.DefaultFeature.Bloom:1]]
[2023.10.09-09.56.45:958][  0]LogConfig: Setting CVar [[r.DefaultFeature.AmbientOcclusion:1]]
[2023.10.09-09.56.45:958][  0]LogConfig: Setting CVar [[r.DefaultFeature.AmbientOcclusionStaticFraction:1]]
[2023.10.09-09.56.45:958][  0]LogConfig: Setting CVar [[r.DefaultFeature.AutoExposure:0]]
[2023.10.09-09.56.45:958][  0]LogConfig: Setting CVar [[r.DefaultFeature.AutoExposure.Method:0]]
[2023.10.09-09.56.45:958][  0]LogConfig: Setting CVar [[r.DefaultFeature.AutoExposure.Bias:1.000000]]
[2023.10.09-09.56.45:958][  0]LogConfig: Setting CVar [[r.DefaultFeature.AutoExposure.ExtendDefaultLuminanceRange:0]]
[2023.10.09-09.56.45:958][  0]LogConfig: Setting CVar [[r.UsePreExposure:1]]
[2023.10.09-09.56.45:958][  0]LogConfig: Setting CVar [[r.EyeAdaptation.EditorOnly:0]]
[2023.10.09-09.56.45:958][  0]LogConfig: Setting CVar [[r.DefaultFeature.MotionBlur:0]]
[2023.10.09-09.56.45:958][  0]LogConfig: Setting CVar [[r.DefaultFeature.LensFlare:0]]
[2023.10.09-09.56.45:958][  0]LogConfig: Setting CVar [[r.TemporalAA.Upsampling:0]]
[2023.10.09-09.56.45:958][  0]LogConfig: Setting CVar [[r.SSGI.Enable:0]]
[2023.10.09-09.56.45:958][  0]LogConfig: Setting CVar [[r.DefaultFeature.AntiAliasing:0]]
[2023.10.09-09.56.45:958][  0]LogConfig: Setting CVar [[r.DefaultFeature.LightUnits:1]]
[2023.10.09-09.56.45:958][  0]LogConfig: Setting CVar [[r.DefaultBackBufferPixelFormat:4]]
[2023.10.09-09.56.45:958][  0]LogConfig: Setting CVar [[r.Shadow.UnbuiltPreviewInGame:1]]
[2023.10.09-09.56.45:958][  0]LogConfig: Setting CVar [[r.StencilForLODDither:0]]
[2023.10.09-09.56.45:958][  0]LogConfig: Setting CVar [[r.EarlyZPass:3]]
[2023.10.09-09.56.45:960][  0]LogConfig: Setting CVar [[r.EarlyZPassOnlyMaterialMasking:0]]
[2023.10.09-09.56.45:960][  0]LogConfig: Setting CVar [[r.DBuffer:1]]
[2023.10.09-09.56.45:960][  0]LogConfig: Setting CVar [[r.ClearSceneMethod:1]]
[2023.10.09-09.56.45:960][  0]LogConfig: Setting CVar [[r.BasePassOutputsVelocity:0]]
[2023.10.09-09.56.45:960][  0]LogConfig: Setting CVar [[r.VertexDeformationOutputsVelocity:0]]
[2023.10.09-09.56.45:960][  0]LogConfig: Setting CVar [[r.SelectiveBasePassOutputs:0]]
[2023.10.09-09.56.45:960][  0]LogConfig: Setting CVar [[fx.GPUSimulationTextureSizeX:1024]]
[2023.10.09-09.56.45:960][  0]LogConfig: Setting CVar [[fx.GPUSimulationTextureSizeY:1024]]
[2023.10.09-09.56.45:960][  0]LogConfig: Setting CVar [[r.AllowGlobalClipPlane:0]]
[2023.10.09-09.56.45:960][  0]LogConfig: Setting CVar [[r.GBufferFormat:1]]
[2023.10.09-09.56.45:960][  0]LogConfig: Setting CVar [[r.MorphTarget.Mode:1]]
[2023.10.09-09.56.45:960][  0]LogConfig: Setting CVar [[vr.InstancedStereo:0]]
[2023.10.09-09.56.45:960][  0]LogConfig: Setting CVar [[r.MobileHDR:1]]
[2023.10.09-09.56.45:960][  0]LogConfig: Setting CVar [[vr.MobileMultiView:0]]
[2023.10.09-09.56.45:960][  0]LogConfig: Setting CVar [[r.Mobile.UseHWsRGBEncoding:0]]
[2023.10.09-09.56.45:960][  0]LogConfig: Setting CVar [[vr.RoundRobinOcclusion:0]]
[2023.10.09-09.56.45:960][  0]LogConfig: Setting CVar [[vr.ODSCapture:0]]
[2023.10.09-09.56.45:960][  0]LogConfig: Setting CVar [[r.MeshStreaming:0]]
[2023.10.09-09.56.45:960][  0]LogConfig: Setting CVar [[r.WireframeCullThreshold:5.000000]]
[2023.10.09-09.56.45:960][  0]LogConfig: Setting CVar [[r.RayTracing:0]]
[2023.10.09-09.56.45:960][  0]LogConfig: Setting CVar [[r.RayTracing.UseTextureLod:0]]
[2023.10.09-09.56.45:960][  0]LogConfig: Setting CVar [[r.SupportStationarySkylight:1]]
[2023.10.09-09.56.45:960][  0]LogConfig: Setting CVar [[r.SupportLowQualityLightmaps:1]]
[2023.10.09-09.56.45:960][  0]LogConfig: Setting CVar [[r.SupportPointLightWholeSceneShadows:1]]
[2023.10.09-09.56.45:960][  0]LogConfig: Setting CVar [[r.SupportAtmosphericFog:1]]
[2023.10.09-09.56.45:960][  0]LogConfig: Setting CVar [[r.SupportSkyAtmosphere:1]]
[2023.10.09-09.56.45:960][  0]LogConfig: Setting CVar [[r.SupportSkyAtmosphereAffectsHeightFog:0]]
[2023.10.09-09.56.45:960][  0]LogConfig: Setting CVar [[r.SkinCache.CompileShaders:0]]
[2023.10.09-09.56.45:961][  0]LogConfig: Setting CVar [[r.SkinCache.DefaultBehavior:1]]
[2023.10.09-09.56.45:961][  0]LogConfig: Setting CVar [[r.SkinCache.SceneMemoryLimitInMB:128.000000]]
[2023.10.09-09.56.45:961][  0]LogConfig: Setting CVar [[r.Mobile.EnableStaticAndCSMShadowReceivers:1]]
[2023.10.09-09.56.45:961][  0]LogConfig: Setting CVar [[r.Mobile.EnableMovableLightCSMShaderCulling:1]]
[2023.10.09-09.56.45:961][  0]LogConfig: Setting CVar [[r.Mobile.AllowDistanceFieldShadows:1]]
[2023.10.09-09.56.45:961][  0]LogConfig: Setting CVar [[r.Mobile.AllowMovableDirectionalLights:1]]
[2023.10.09-09.56.45:961][  0]LogConfig: Setting CVar [[r.MobileNumDynamicPointLights:4]]
[2023.10.09-09.56.45:961][  0]LogConfig: Setting CVar [[r.MobileDynamicPointLightsUseStaticBranch:1]]
[2023.10.09-09.56.45:961][  0]LogConfig: Setting CVar [[r.Mobile.EnableMovableSpotlights:0]]
[2023.10.09-09.56.45:961][  0]LogConfig: Setting CVar [[r.Mobile.EnableMovableSpotlightsShadow:0]]
[2023.10.09-09.56.45:961][  0]LogConfig: Setting CVar [[r.GPUSkin.Support16BitBoneIndex:0]]
[2023.10.09-09.56.45:961][  0]LogConfig: Setting CVar [[r.GPUSkin.Limit2BoneInfluences:0]]
[2023.10.09-09.56.45:961][  0]LogConfig: Setting CVar [[r.SupportDepthOnlyIndexBuffers:1]]
[2023.10.09-09.56.45:961][  0]LogConfig: Setting CVar [[r.SupportReversedIndexBuffers:1]]
[2023.10.09-09.56.45:961][  0]LogConfig: Setting CVar [[r.LightPropagationVolume:0]]
[2023.10.09-09.56.45:961][  0]LogConfig: Setting CVar [[r.Mobile.AmbientOcclusion:0]]
[2023.10.09-09.56.45:961][  0]LogConfig: Setting CVar [[r.GPUSkin.UnlimitedBoneInfluences:0]]
[2023.10.09-09.56.45:961][  0]LogConfig: Setting CVar [[r.GPUSkin.UnlimitedBoneInfluencesThreshold:8]]
[2023.10.09-09.56.45:961][  0]LogConfig: Setting CVar [[r.Mobile.PlanarReflectionMode:0]]
[2023.10.09-09.56.45:961][  0]LogConfig: Setting CVar [[r.Mobile.SupportsGen4TAA:0]]
[2023.10.09-09.56.45:961][  0]LogConfig: Applying CVar settings from Section [/Script/Engine.RendererOverrideSettings] File [C:/Users/s.dronskiy/Documents/Unreal Projects/CppTPS/Saved/Config/Windows/Engine.ini]
[2023.10.09-09.56.45:961][  0]LogConfig: Applying CVar settings from Section [/Script/Engine.StreamingSettings] File [C:/Users/s.dronskiy/Documents/Unreal Projects/CppTPS/Saved/Config/Windows/Engine.ini]
[2023.10.09-09.56.45:961][  0]LogConfig: Setting CVar [[s.MinBulkDataSizeForAsyncLoading:131072]]
[2023.10.09-09.56.45:961][  0]LogConfig: Setting CVar [[s.AsyncLoadingThreadEnabled:0]]
[2023.10.09-09.56.45:961][  0]LogConfig: Setting CVar [[s.EventDrivenLoaderEnabled:1]]
[2023.10.09-09.56.45:961][  0]LogConfig: Setting CVar [[s.WarnIfTimeLimitExceeded:0]]
[2023.10.09-09.56.45:961][  0]LogConfig: Setting CVar [[s.TimeLimitExceededMultiplier:1.5]]
[2023.10.09-09.56.45:961][  0]LogConfig: Setting CVar [[s.TimeLimitExceededMinTime:0.005]]
[2023.10.09-09.56.45:961][  0]LogConfig: Setting CVar [[s.UseBackgroundLevelStreaming:1]]
[2023.10.09-09.56.45:961][  0]LogConfig: Setting CVar [[s.PriorityAsyncLoadingExtraTime:15.0]]
[2023.10.09-09.56.45:961][  0]LogConfig: Setting CVar [[s.LevelStreamingActorsUpdateTimeLimit:5.0]]
[2023.10.09-09.56.45:961][  0]LogConfig: Setting CVar [[s.PriorityLevelStreamingActorsUpdateExtraTime:5.0]]
[2023.10.09-09.56.45:961][  0]LogConfig: Setting CVar [[s.LevelStreamingComponentsRegistrationGranularity:10]]
[2023.10.09-09.56.45:961][  0]LogConfig: Setting CVar [[s.UnregisterComponentsTimeLimit:1.0]]
[2023.10.09-09.56.45:961][  0]LogConfig: Setting CVar [[s.LevelStreamingComponentsUnregistrationGranularity:5]]
[2023.10.09-09.56.45:961][  0]LogConfig: Setting CVar [[s.FlushStreamingOnExit:1]]
[2023.10.09-09.56.45:961][  0]LogConfig: Applying CVar settings from Section [/Script/Engine.GarbageCollectionSettings] File [C:/Users/s.dronskiy/Documents/Unreal Projects/CppTPS/Saved/Config/Windows/Engine.ini]
[2023.10.09-09.56.45:961][  0]LogConfig: Setting CVar [[gc.MaxObjectsNotConsideredByGC:1]]
[2023.10.09-09.56.45:961][  0]LogConfig: Setting CVar [[gc.SizeOfPermanentObjectPool:0]]
[2023.10.09-09.56.45:961][  0]LogConfig: Setting CVar [[gc.FlushStreamingOnGC:0]]
[2023.10.09-09.56.45:961][  0]LogConfig: Setting CVar [[gc.NumRetriesBeforeForcingGC:10]]
[2023.10.09-09.56.45:961][  0]LogConfig: Setting CVar [[gc.AllowParallelGC:1]]
[2023.10.09-09.56.45:961][  0]LogConfig: Setting CVar [[gc.TimeBetweenPurgingPendingKillObjects:61.1]]
[2023.10.09-09.56.45:961][  0]LogConfig: Setting CVar [[gc.MaxObjectsInEditor:25165824]]
[2023.10.09-09.56.45:961][  0]LogConfig: Setting CVar [[gc.IncrementalBeginDestroyEnabled:1]]
[2023.10.09-09.56.45:961][  0]LogConfig: Setting CVar [[gc.CreateGCClusters:1]]
[2023.10.09-09.56.45:961][  0]LogConfig: Setting CVar [[gc.MinGCClusterSize:5]]
[2023.10.09-09.56.45:961][  0]LogConfig: Setting CVar [[gc.ActorClusteringEnabled:0]]
[2023.10.09-09.56.45:961][  0]LogConfig: Setting CVar [[gc.BlueprintClusteringEnabled:0]]
[2023.10.09-09.56.45:961][  0]LogConfig: Setting CVar [[gc.UseDisregardForGCOnDedicatedServers:0]]
[2023.10.09-09.56.45:961][  0]LogConfig: Setting CVar [[gc.MultithreadedDestructionEnabled:1]]
[2023.10.09-09.56.45:961][  0]LogConfig: Applying CVar settings from Section [/Script/Engine.NetworkSettings] File [C:/Users/s.dronskiy/Documents/Unreal Projects/CppTPS/Saved/Config/Windows/Engine.ini]
[2023.10.09-09.56.45:961][  0]LogConfig: Applying CVar settings from Section [/Script/UnrealEd.CookerSettings] File [C:/Users/s.dronskiy/Documents/Unreal Projects/CppTPS/Saved/Config/Windows/Engine.ini]
[2023.10.09-09.56.45:962][  0]LogConfig: Applying CVar settings from Section [ViewDistanceQuality@3] File [C:/Users/s.dronskiy/Documents/Unreal Projects/CppTPS/Saved/Config/Windows/Scalability.ini]
[2023.10.09-09.56.45:962][  0]LogConfig: Setting CVar [[r.SkeletalMeshLODBias:0]]
[2023.10.09-09.56.45:962][  0]LogConfig: Setting CVar [[r.ViewDistanceScale:1.0]]
[2023.10.09-09.56.45:962][  0]LogConfig: Applying CVar settings from Section [AntiAliasingQuality@3] File [C:/Users/s.dronskiy/Documents/Unreal Projects/CppTPS/Saved/Config/Windows/Scalability.ini]
[2023.10.09-09.56.45:962][  0]LogConfig: Setting CVar [[r.PostProcessAAQuality:4]]
[2023.10.09-09.56.45:962][  0]LogConfig: Applying CVar settings from Section [ShadowQuality@3] File [C:/Users/s.dronskiy/Documents/Unreal Projects/CppTPS/Saved/Config/Windows/Scalability.ini]
[2023.10.09-09.56.45:962][  0]LogConfig: Setting CVar [[r.LightFunctionQuality:1]]
[2023.10.09-09.56.45:962][  0]LogConfig: Setting CVar [[r.ShadowQuality:5]]
[2023.10.09-09.56.45:962][  0]LogConfig: Setting CVar [[r.Shadow.CSM.MaxCascades:10]]
[2023.10.09-09.56.45:962][  0]LogConfig: Setting CVar [[r.Shadow.MaxResolution:2048]]
[2023.10.09-09.56.45:962][  0]LogConfig: Setting CVar [[r.Shadow.MaxCSMResolution:2048]]
[2023.10.09-09.56.45:962][  0]LogConfig: Setting CVar [[r.Shadow.RadiusThreshold:0.01]]
[2023.10.09-09.56.45:962][  0]LogConfig: Setting CVar [[r.Shadow.DistanceScale:1.0]]
[2023.10.09-09.56.45:962][  0]LogConfig: Setting CVar [[r.Shadow.CSM.TransitionScale:1.0]]
[2023.10.09-09.56.45:962][  0]LogConfig: Setting CVar [[r.Shadow.PreShadowResolutionFactor:1.0]]
[2023.10.09-09.56.45:962][  0]LogConfig: Setting CVar [[r.DistanceFieldShadowing:1]]
[2023.10.09-09.56.45:962][  0]LogConfig: Setting CVar [[r.DistanceFieldAO:1]]
[2023.10.09-09.56.45:962][  0]LogConfig: Setting CVar [[r.AOQuality:2]]
[2023.10.09-09.56.45:962][  0]LogConfig: Setting CVar [[r.VolumetricFog:1]]
[2023.10.09-09.56.45:962][  0]LogConfig: Setting CVar [[r.VolumetricFog.GridPixelSize:8]]
[2023.10.09-09.56.45:962][  0]LogConfig: Setting CVar [[r.VolumetricFog.GridSizeZ:128]]
[2023.10.09-09.56.45:962][  0]LogConfig: Setting CVar [[r.VolumetricFog.HistoryMissSupersampleCount:4]]
[2023.10.09-09.56.45:962][  0]LogConfig: Setting CVar [[r.LightMaxDrawDistanceScale:1]]
[2023.10.09-09.56.45:962][  0]LogConfig: Setting CVar [[r.CapsuleShadows:1]]
[2023.10.09-09.56.45:962][  0]LogConfig: Applying CVar settings from Section [PostProcessQuality@3] File [C:/Users/s.dronskiy/Documents/Unreal Projects/CppTPS/Saved/Config/Windows/Scalability.ini]
[2023.10.09-09.56.45:962][  0]LogConfig: Setting CVar [[r.MotionBlurQuality:4]]
[2023.10.09-09.56.45:962][  0]LogConfig: Setting CVar [[r.AmbientOcclusionMipLevelFactor:0.4]]
[2023.10.09-09.56.45:962][  0]LogConfig: Setting CVar [[r.AmbientOcclusionMaxQuality:100]]
[2023.10.09-09.56.45:962][  0]LogConfig: Setting CVar [[r.AmbientOcclusionLevels:-1]]
[2023.10.09-09.56.45:962][  0]LogConfig: Setting CVar [[r.AmbientOcclusionRadiusScale:1.0]]
[2023.10.09-09.56.45:962][  0]LogConfig: Setting CVar [[r.DepthOfFieldQuality:2]]
[2023.10.09-09.56.45:962][  0]LogConfig: Setting CVar [[r.RenderTargetPoolMin:400]]
[2023.10.09-09.56.45:962][  0]LogConfig: Setting CVar [[r.LensFlareQuality:2]]
[2023.10.09-09.56.45:962][  0]LogConfig: Setting CVar [[r.SceneColorFringeQuality:1]]
[2023.10.09-09.56.45:962][  0]LogConfig: Setting CVar [[r.EyeAdaptationQuality:2]]
[2023.10.09-09.56.45:962][  0]LogConfig: Setting CVar [[r.BloomQuality:5]]
[2023.10.09-09.56.45:962][  0]LogConfig: Setting CVar [[r.FastBlurThreshold:100]]
[2023.10.09-09.56.45:962][  0]LogConfig: Setting CVar [[r.Upscale.Quality:3]]
[2023.10.09-09.56.45:962][  0]LogConfig: Setting CVar [[r.Tonemapper.GrainQuantization:1]]
[2023.10.09-09.56.45:962][  0]LogConfig: Setting CVar [[r.LightShaftQuality:1]]
[2023.10.09-09.56.45:962][  0]LogConfig: Setting CVar [[r.Filter.SizeScale:1]]
[2023.10.09-09.56.45:962][  0]LogConfig: Setting CVar [[r.Tonemapper.Quality:5]]
[2023.10.09-09.56.45:962][  0]LogConfig: Setting CVar [[r.DOF.Gather.AccumulatorQuality:1        ; higher gathering accumulator quality]]
[2023.10.09-09.56.45:962][  0]LogConfig: Setting CVar [[r.DOF.Gather.PostfilterMethod:1          ; Median3x3 postfilering method]]
[2023.10.09-09.56.45:962][  0]LogConfig: Setting CVar [[r.DOF.Gather.EnableBokehSettings:0       ; no bokeh simulation when gathering]]
[2023.10.09-09.56.45:962][  0]LogConfig: Setting CVar [[r.DOF.Gather.RingCount:4                 ; medium number of samples when gathering]]
[2023.10.09-09.56.45:962][  0]LogConfig: Setting CVar [[r.DOF.Scatter.ForegroundCompositing:1    ; additive foreground scattering]]
[2023.10.09-09.56.45:962][  0]LogConfig: Setting CVar [[r.DOF.Scatter.BackgroundCompositing:2    ; additive background scattering]]
[2023.10.09-09.56.45:962][  0]LogConfig: Setting CVar [[r.DOF.Scatter.EnableBokehSettings:1      ; bokeh simulation when scattering]]
[2023.10.09-09.56.45:963][  0]LogConfig: Setting CVar [[r.DOF.Scatter.MaxSpriteRatio:0.1         ; only a maximum of 10% of scattered bokeh]]
[2023.10.09-09.56.45:963][  0]LogConfig: Setting CVar [[r.DOF.Recombine.Quality:1                ; cheap slight out of focus]]
[2023.10.09-09.56.45:963][  0]LogConfig: Setting CVar [[r.DOF.Recombine.EnableBokehSettings:0    ; no bokeh simulation on slight out of focus]]
[2023.10.09-09.56.45:963][  0]LogConfig: Setting CVar [[r.DOF.TemporalAAQuality:1                ; more stable temporal accumulation]]
[2023.10.09-09.56.45:963][  0]LogConfig: Setting CVar [[r.DOF.Kernel.MaxForegroundRadius:0.025]]
[2023.10.09-09.56.45:963][  0]LogConfig: Setting CVar [[r.DOF.Kernel.MaxBackgroundRadius:0.025]]
[2023.10.09-09.56.45:963][  0]LogConfig: Applying CVar settings from Section [TextureQuality@3] File [C:/Users/s.dronskiy/Documents/Unreal Projects/CppTPS/Saved/Config/Windows/Scalability.ini]
[2023.10.09-09.56.45:963][  0]LogConfig: Setting CVar [[r.Streaming.MipBias:0]]
[2023.10.09-09.56.45:963][  0]LogConfig: Setting CVar [[r.Streaming.AmortizeCPUToGPUCopy:0]]
[2023.10.09-09.56.45:963][  0]LogConfig: Setting CVar [[r.Streaming.MaxNumTexturesToStreamPerFrame:0]]
[2023.10.09-09.56.45:963][  0]LogConfig: Setting CVar [[r.Streaming.Boost:1]]
[2023.10.09-09.56.45:963][  0]LogConfig: Setting CVar [[r.MaxAnisotropy:8]]
[2023.10.09-09.56.45:963][  0]LogConfig: Setting CVar [[r.VT.MaxAnisotropy:8]]
[2023.10.09-09.56.45:963][  0]LogConfig: Setting CVar [[r.Streaming.LimitPoolSizeToVRAM:0]]
[2023.10.09-09.56.45:963][  0]LogConfig: Setting CVar [[r.Streaming.PoolSize:1000]]
[2023.10.09-09.56.45:963][  0]LogConfig: Setting CVar [[r.Streaming.MaxEffectiveScreenSize:0]]
[2023.10.09-09.56.45:963][  0]LogConfig: Applying CVar settings from Section [EffectsQuality@3] File [C:/Users/s.dronskiy/Documents/Unreal Projects/CppTPS/Saved/Config/Windows/Scalability.ini]
[2023.10.09-09.56.45:963][  0]LogConfig: Setting CVar [[r.TranslucencyLightingVolumeDim:64]]
[2023.10.09-09.56.45:963][  0]LogConfig: Setting CVar [[r.RefractionQuality:2]]
[2023.10.09-09.56.45:963][  0]LogConfig: Setting CVar [[r.SSR.Quality:3]]
[2023.10.09-09.56.45:963][  0]LogConfig: Setting CVar [[r.SSR.HalfResSceneColor:0]]
[2023.10.09-09.56.45:963][  0]LogConfig: Setting CVar [[r.SceneColorFormat:4]]
[2023.10.09-09.56.45:963][  0]LogConfig: Setting CVar [[r.DetailMode:2]]
[2023.10.09-09.56.45:963][  0]LogConfig: Setting CVar [[r.TranslucencyVolumeBlur:1]]
[2023.10.09-09.56.45:963][  0]LogConfig: Setting CVar [[r.MaterialQualityLevel:1 ; High quality]]
[2023.10.09-09.56.45:963][  0]LogConfig: Setting CVar [[r.AnisotropicMaterials:1]]
[2023.10.09-09.56.45:963][  0]LogConfig: Setting CVar [[r.SSS.Scale:1]]
[2023.10.09-09.56.45:963][  0]LogConfig: Setting CVar [[r.SSS.SampleSet:2]]
[2023.10.09-09.56.45:963][  0]LogConfig: Setting CVar [[r.SSS.Quality:1]]
[2023.10.09-09.56.45:963][  0]LogConfig: Setting CVar [[r.SSS.HalfRes:0]]
[2023.10.09-09.56.45:963][  0]LogConfig: Setting CVar [[r.SSGI.Quality:3]]
[2023.10.09-09.56.45:963][  0]LogConfig: Setting CVar [[r.EmitterSpawnRateScale:1.0]]
[2023.10.09-09.56.45:963][  0]LogConfig: Setting CVar [[r.ParticleLightQuality:2]]
[2023.10.09-09.56.45:963][  0]LogConfig: Setting CVar [[r.SkyAtmosphere.AerialPerspectiveLUT.FastApplyOnOpaque:1 ; Always have FastSkyLUT 1 in this case to avoid wrong sky]]
[2023.10.09-09.56.45:963][  0]LogConfig: Setting CVar [[r.SkyAtmosphere.AerialPerspectiveLUT.SampleCountMaxPerSlice:4]]
[2023.10.09-09.56.45:963][  0]LogConfig: Setting CVar [[r.SkyAtmosphere.AerialPerspectiveLUT.DepthResolution:16.0]]
[2023.10.09-09.56.45:963][  0]LogConfig: Setting CVar [[r.SkyAtmosphere.FastSkyLUT:1]]
[2023.10.09-09.56.45:963][  0]LogConfig: Setting CVar [[r.SkyAtmosphere.FastSkyLUT.SampleCountMin:4.0]]
[2023.10.09-09.56.45:963][  0]LogConfig: Setting CVar [[r.SkyAtmosphere.FastSkyLUT.SampleCountMax:128.0]]
[2023.10.09-09.56.45:963][  0]LogConfig: Setting CVar [[r.SkyAtmosphere.SampleCountMin:4.0]]
[2023.10.09-09.56.45:963][  0]LogConfig: Setting CVar [[r.SkyAtmosphere.SampleCountMax:128.0]]
[2023.10.09-09.56.45:963][  0]LogConfig: Setting CVar [[r.SkyAtmosphere.TransmittanceLUT.UseSmallFormat:0]]
[2023.10.09-09.56.45:963][  0]LogConfig: Setting CVar [[r.SkyAtmosphere.TransmittanceLUT.SampleCount:10.0]]
[2023.10.09-09.56.45:963][  0]LogConfig: Setting CVar [[r.SkyAtmosphere.MultiScatteringLUT.SampleCount:15.0]]
[2023.10.09-09.56.45:963][  0]LogConfig: Setting CVar [[r.SkyLight.RealTimeReflectionCapture:1]]
[2023.10.09-09.56.45:963][  0]LogConfig: Applying CVar settings from Section [FoliageQuality@3] File [C:/Users/s.dronskiy/Documents/Unreal Projects/CppTPS/Saved/Config/Windows/Scalability.ini]
[2023.10.09-09.56.45:963][  0]LogConfig: Setting CVar [[foliage.DensityScale:1.0]]
[2023.10.09-09.56.45:963][  0]LogConfig: Setting CVar [[grass.DensityScale:1.0]]
[2023.10.09-09.56.45:963][  0]LogConfig: Applying CVar settings from Section [ShadingQuality@3] File [C:/Users/s.dronskiy/Documents/Unreal Projects/CppTPS/Saved/Config/Windows/Scalability.ini]
[2023.10.09-09.56.45:963][  0]LogConfig: Setting CVar [[r.HairStrands.SkyLighting.IntegrationType:2]]
[2023.10.09-09.56.45:963][  0]LogConfig: Setting CVar [[r.HairStrands.SkyAO.SampleCount:4]]
[2023.10.09-09.56.45:963][  0]LogConfig: Setting CVar [[r.HairStrands.Visibility.MSAA.SamplePerPixel:4]]
[2023.10.09-09.56.45:968][  0]LogInit: Selected Device Profile: [Windows]
[2023.10.09-09.56.45:968][  0]LogInit: Applying CVar settings loaded from the selected device profile: [Windows]
[2023.10.09-09.56.45:969][  0]LogHAL: Display: Platform has ~ 8 GB [8413999104 / 8589934592 / 8], which maps to Default [LargestMinGB=32, LargerMinGB=12, DefaultMinGB=8, SmallerMinGB=6, SmallestMinGB=0)
[2023.10.09-09.56.45:970][  0]LogInit: Going up to parent DeviceProfile []
[2023.10.09-09.56.45:971][  0]LogConfig: Applying CVar settings from Section [ViewDistanceQuality@3] File [C:/Users/s.dronskiy/Documents/Unreal Projects/CppTPS/Saved/Config/Windows/Scalability.ini]
[2023.10.09-09.56.45:971][  0]LogConfig: Setting CVar [[r.SkeletalMeshLODBias:0]]
[2023.10.09-09.56.45:971][  0]LogConfig: Setting CVar [[r.ViewDistanceScale:1.0]]
[2023.10.09-09.56.45:971][  0]LogConfig: Applying CVar settings from Section [AntiAliasingQuality@3] File [C:/Users/s.dronskiy/Documents/Unreal Projects/CppTPS/Saved/Config/Windows/Scalability.ini]
[2023.10.09-09.56.45:971][  0]LogConfig: Setting CVar [[r.PostProcessAAQuality:4]]
[2023.10.09-09.56.45:971][  0]LogConfig: Applying CVar settings from Section [ShadowQuality@3] File [C:/Users/s.dronskiy/Documents/Unreal Projects/CppTPS/Saved/Config/Windows/Scalability.ini]
[2023.10.09-09.56.45:971][  0]LogConfig: Setting CVar [[r.LightFunctionQuality:1]]
[2023.10.09-09.56.45:971][  0]LogConfig: Setting CVar [[r.ShadowQuality:5]]
[2023.10.09-09.56.45:971][  0]LogConfig: Setting CVar [[r.Shadow.CSM.MaxCascades:10]]
[2023.10.09-09.56.45:971][  0]LogConfig: Setting CVar [[r.Shadow.MaxResolution:2048]]
[2023.10.09-09.56.45:971][  0]LogConfig: Setting CVar [[r.Shadow.MaxCSMResolution:2048]]
[2023.10.09-09.56.45:972][  0]LogConfig: Setting CVar [[r.Shadow.RadiusThreshold:0.01]]
[2023.10.09-09.56.45:972][  0]LogConfig: Setting CVar [[r.Shadow.DistanceScale:1.0]]
[2023.10.09-09.56.45:972][  0]LogConfig: Setting CVar [[r.Shadow.CSM.TransitionScale:1.0]]
[2023.10.09-09.56.45:972][  0]LogConfig: Setting CVar [[r.Shadow.PreShadowResolutionFactor:1.0]]
[2023.10.09-09.56.45:972][  0]LogConfig: Setting CVar [[r.DistanceFieldShadowing:1]]
[2023.10.09-09.56.45:972][  0]LogConfig: Setting CVar [[r.DistanceFieldAO:1]]
[2023.10.09-09.56.45:972][  0]LogConfig: Setting CVar [[r.AOQuality:2]]
[2023.10.09-09.56.45:972][  0]LogConfig: Setting CVar [[r.VolumetricFog:1]]
[2023.10.09-09.56.45:972][  0]LogConfig: Setting CVar [[r.VolumetricFog.GridPixelSize:8]]
[2023.10.09-09.56.45:972][  0]LogConfig: Setting CVar [[r.VolumetricFog.GridSizeZ:128]]
[2023.10.09-09.56.45:972][  0]LogConfig: Setting CVar [[r.VolumetricFog.HistoryMissSupersampleCount:4]]
[2023.10.09-09.56.45:972][  0]LogConfig: Setting CVar [[r.LightMaxDrawDistanceScale:1]]
[2023.10.09-09.56.45:972][  0]LogConfig: Setting CVar [[r.CapsuleShadows:1]]
[2023.10.09-09.56.45:972][  0]LogConfig: Applying CVar settings from Section [PostProcessQuality@3] File [C:/Users/s.dronskiy/Documents/Unreal Projects/CppTPS/Saved/Config/Windows/Scalability.ini]
[2023.10.09-09.56.45:972][  0]LogConfig: Setting CVar [[r.MotionBlurQuality:4]]
[2023.10.09-09.56.45:972][  0]LogConfig: Setting CVar [[r.AmbientOcclusionMipLevelFactor:0.4]]
[2023.10.09-09.56.45:972][  0]LogConfig: Setting CVar [[r.AmbientOcclusionMaxQuality:100]]
[2023.10.09-09.56.45:972][  0]LogConfig: Setting CVar [[r.AmbientOcclusionLevels:-1]]
[2023.10.09-09.56.45:972][  0]LogConfig: Setting CVar [[r.AmbientOcclusionRadiusScale:1.0]]
[2023.10.09-09.56.45:972][  0]LogConfig: Setting CVar [[r.DepthOfFieldQuality:2]]
[2023.10.09-09.56.45:972][  0]LogConfig: Setting CVar [[r.RenderTargetPoolMin:400]]
[2023.10.09-09.56.45:972][  0]LogConfig: Setting CVar [[r.LensFlareQuality:2]]
[2023.10.09-09.56.45:972][  0]LogConfig: Setting CVar [[r.SceneColorFringeQuality:1]]
[2023.10.09-09.56.45:972][  0]LogConfig: Setting CVar [[r.EyeAdaptationQuality:2]]
[2023.10.09-09.56.45:972][  0]LogConfig: Setting CVar [[r.BloomQuality:5]]
[2023.10.09-09.56.45:972][  0]LogConfig: Setting CVar [[r.FastBlurThreshold:100]]
[2023.10.09-09.56.45:972][  0]LogConfig: Setting CVar [[r.Upscale.Quality:3]]
[2023.10.09-09.56.45:972][  0]LogConfig: Setting CVar [[r.Tonemapper.GrainQuantization:1]]
[2023.10.09-09.56.45:972][  0]LogConfig: Setting CVar [[r.LightShaftQuality:1]]
[2023.10.09-09.56.45:972][  0]LogConfig: Setting CVar [[r.Filter.SizeScale:1]]
[2023.10.09-09.56.45:972][  0]LogConfig: Setting CVar [[r.Tonemapper.Quality:5]]
[2023.10.09-09.56.45:972][  0]LogConfig: Setting CVar [[r.DOF.Gather.AccumulatorQuality:1        ; higher gathering accumulator quality]]
[2023.10.09-09.56.45:972][  0]LogConfig: Setting CVar [[r.DOF.Gather.PostfilterMethod:1          ; Median3x3 postfilering method]]
[2023.10.09-09.56.45:972][  0]LogConfig: Setting CVar [[r.DOF.Gather.EnableBokehSettings:0       ; no bokeh simulation when gathering]]
[2023.10.09-09.56.45:972][  0]LogConfig: Setting CVar [[r.DOF.Gather.RingCount:4                 ; medium number of samples when gathering]]
[2023.10.09-09.56.45:972][  0]LogConfig: Setting CVar [[r.DOF.Scatter.ForegroundCompositing:1    ; additive foreground scattering]]
[2023.10.09-09.56.45:972][  0]LogConfig: Setting CVar [[r.DOF.Scatter.BackgroundCompositing:2    ; additive background scattering]]
[2023.10.09-09.56.45:972][  0]LogConfig: Setting CVar [[r.DOF.Scatter.EnableBokehSettings:1      ; bokeh simulation when scattering]]
[2023.10.09-09.56.45:972][  0]LogConfig: Setting CVar [[r.DOF.Scatter.MaxSpriteRatio:0.1         ; only a maximum of 10% of scattered bokeh]]
[2023.10.09-09.56.45:972][  0]LogConfig: Setting CVar [[r.DOF.Recombine.Quality:1                ; cheap slight out of focus]]
[2023.10.09-09.56.45:972][  0]LogConfig: Setting CVar [[r.DOF.Recombine.EnableBokehSettings:0    ; no bokeh simulation on slight out of focus]]
[2023.10.09-09.56.45:972][  0]LogConfig: Setting CVar [[r.DOF.TemporalAAQuality:1                ; more stable temporal accumulation]]
[2023.10.09-09.56.45:972][  0]LogConfig: Setting CVar [[r.DOF.Kernel.MaxForegroundRadius:0.025]]
[2023.10.09-09.56.45:972][  0]LogConfig: Setting CVar [[r.DOF.Kernel.MaxBackgroundRadius:0.025]]
[2023.10.09-09.56.45:972][  0]LogConfig: Applying CVar settings from Section [TextureQuality@3] File [C:/Users/s.dronskiy/Documents/Unreal Projects/CppTPS/Saved/Config/Windows/Scalability.ini]
[2023.10.09-09.56.45:972][  0]LogConfig: Setting CVar [[r.Streaming.MipBias:0]]
[2023.10.09-09.56.45:972][  0]LogConfig: Setting CVar [[r.Streaming.AmortizeCPUToGPUCopy:0]]
[2023.10.09-09.56.45:972][  0]LogConfig: Setting CVar [[r.Streaming.MaxNumTexturesToStreamPerFrame:0]]
[2023.10.09-09.56.45:972][  0]LogConfig: Setting CVar [[r.Streaming.Boost:1]]
[2023.10.09-09.56.45:972][  0]LogConfig: Setting CVar [[r.MaxAnisotropy:8]]
[2023.10.09-09.56.45:972][  0]LogConfig: Setting CVar [[r.VT.MaxAnisotropy:8]]
[2023.10.09-09.56.45:972][  0]LogConfig: Setting CVar [[r.Streaming.LimitPoolSizeToVRAM:0]]
[2023.10.09-09.56.45:972][  0]LogConfig: Setting CVar [[r.Streaming.PoolSize:1000]]
[2023.10.09-09.56.45:972][  0]LogConfig: Setting CVar [[r.Streaming.MaxEffectiveScreenSize:0]]
[2023.10.09-09.56.45:972][  0]LogConfig: Applying CVar settings from Section [EffectsQuality@3] File [C:/Users/s.dronskiy/Documents/Unreal Projects/CppTPS/Saved/Config/Windows/Scalability.ini]
[2023.10.09-09.56.45:972][  0]LogConfig: Setting CVar [[r.TranslucencyLightingVolumeDim:64]]
[2023.10.09-09.56.45:972][  0]LogConfig: Setting CVar [[r.RefractionQuality:2]]
[2023.10.09-09.56.45:972][  0]LogConfig: Setting CVar [[r.SSR.Quality:3]]
[2023.10.09-09.56.45:972][  0]LogConfig: Setting CVar [[r.SSR.HalfResSceneColor:0]]
[2023.10.09-09.56.45:972][  0]LogConfig: Setting CVar [[r.SceneColorFormat:4]]
[2023.10.09-09.56.45:972][  0]LogConfig: Setting CVar [[r.DetailMode:2]]
[2023.10.09-09.56.45:972][  0]LogConfig: Setting CVar [[r.TranslucencyVolumeBlur:1]]
[2023.10.09-09.56.45:972][  0]LogConfig: Setting CVar [[r.MaterialQualityLevel:1 ; High quality]]
[2023.10.09-09.56.45:972][  0]LogConfig: Setting CVar [[r.AnisotropicMaterials:1]]
[2023.10.09-09.56.45:972][  0]LogConfig: Setting CVar [[r.SSS.Scale:1]]
[2023.10.09-09.56.45:972][  0]LogConfig: Setting CVar [[r.SSS.SampleSet:2]]
[2023.10.09-09.56.45:972][  0]LogConfig: Setting CVar [[r.SSS.Quality:1]]
[2023.10.09-09.56.45:972][  0]LogConfig: Setting CVar [[r.SSS.HalfRes:0]]
[2023.10.09-09.56.45:972][  0]LogConfig: Setting CVar [[r.SSGI.Quality:3]]
[2023.10.09-09.56.45:972][  0]LogConfig: Setting CVar [[r.EmitterSpawnRateScale:1.0]]
[2023.10.09-09.56.45:972][  0]LogConfig: Setting CVar [[r.ParticleLightQuality:2]]
[2023.10.09-09.56.45:972][  0]LogConfig: Setting CVar [[r.SkyAtmosphere.AerialPerspectiveLUT.FastApplyOnOpaque:1 ; Always have FastSkyLUT 1 in this case to avoid wrong sky]]
[2023.10.09-09.56.45:972][  0]LogConfig: Setting CVar [[r.SkyAtmosphere.AerialPerspectiveLUT.SampleCountMaxPerSlice:4]]
[2023.10.09-09.56.45:972][  0]LogConfig: Setting CVar [[r.SkyAtmosphere.AerialPerspectiveLUT.DepthResolution:16.0]]
[2023.10.09-09.56.45:972][  0]LogConfig: Setting CVar [[r.SkyAtmosphere.FastSkyLUT:1]]
[2023.10.09-09.56.45:972][  0]LogConfig: Setting CVar [[r.SkyAtmosphere.FastSkyLUT.SampleCountMin:4.0]]
[2023.10.09-09.56.45:972][  0]LogConfig: Setting CVar [[r.SkyAtmosphere.FastSkyLUT.SampleCountMax:128.0]]
[2023.10.09-09.56.45:973][  0]LogConfig: Setting CVar [[r.SkyAtmosphere.SampleCountMin:4.0]]
[2023.10.09-09.56.45:973][  0]LogConfig: Setting CVar [[r.SkyAtmosphere.SampleCountMax:128.0]]
[2023.10.09-09.56.45:973][  0]LogConfig: Setting CVar [[r.SkyAtmosphere.TransmittanceLUT.UseSmallFormat:0]]
[2023.10.09-09.56.45:973][  0]LogConfig: Setting CVar [[r.SkyAtmosphere.TransmittanceLUT.SampleCount:10.0]]
[2023.10.09-09.56.45:973][  0]LogConfig: Setting CVar [[r.SkyAtmosphere.MultiScatteringLUT.SampleCount:15.0]]
[2023.10.09-09.56.45:973][  0]LogConfig: Setting CVar [[r.SkyLight.RealTimeReflectionCapture:1]]
[2023.10.09-09.56.45:973][  0]LogConfig: Applying CVar settings from Section [FoliageQuality@3] File [C:/Users/s.dronskiy/Documents/Unreal Projects/CppTPS/Saved/Config/Windows/Scalability.ini]
[2023.10.09-09.56.45:973][  0]LogConfig: Setting CVar [[foliage.DensityScale:1.0]]
[2023.10.09-09.56.45:973][  0]LogConfig: Setting CVar [[grass.DensityScale:1.0]]
[2023.10.09-09.56.45:973][  0]LogConfig: Applying CVar settings from Section [ShadingQuality@3] File [C:/Users/s.dronskiy/Documents/Unreal Projects/CppTPS/Saved/Config/Windows/Scalability.ini]
[2023.10.09-09.56.45:973][  0]LogConfig: Setting CVar [[r.HairStrands.SkyLighting.IntegrationType:2]]
[2023.10.09-09.56.45:973][  0]LogConfig: Setting CVar [[r.HairStrands.SkyAO.SampleCount:4]]
[2023.10.09-09.56.45:973][  0]LogConfig: Setting CVar [[r.HairStrands.Visibility.MSAA.SamplePerPixel:4]]
[2023.10.09-09.56.45:973][  0]LogConfig: Applying CVar settings from Section [Startup] File [../../../Engine/Config/ConsoleVariables.ini]
[2023.10.09-09.56.45:985][  0]LogConfig: Setting CVar [[net.UseAdaptiveNetUpdateFrequency:0]]
[2023.10.09-09.56.45:985][  0]LogConfig: Setting CVar [[p.chaos.AllowCreatePhysxBodies:1]]
[2023.10.09-09.56.45:985][  0]LogConfig: Setting CVar [[fx.SkipVectorVMBackendOptimizations:1]]
[2023.10.09-09.56.45:985][  0]LogConfig: Applying CVar settings from Section [ConsoleVariables] File [C:/Users/s.dronskiy/Documents/Unreal Projects/CppTPS/Saved/Config/Windows/Engine.ini]
[2023.10.09-09.56.45:985][  0]LogConfig: Applying CVar settings from Section [ConsoleVariables] File [C:/Users/s.dronskiy/Documents/Unreal Projects/CppTPS/Saved/Config/Windows/Editor.ini]
[2023.10.09-09.56.45:986][  0]LogInit: Computer: 1CNEW
[2023.10.09-09.56.45:986][  0]LogInit: User: sdronskiy
[2023.10.09-09.56.45:986][  0]LogInit: CPU Page size=4096, Cores=6
[2023.10.09-09.56.45:986][  0]LogInit: High frequency timer resolution =10.000000 MHz
[2023.10.09-09.56.45:986][  0]LogMemory: Memory total: Physical=7.8GB (8GB approx)
[2023.10.09-09.56.45:986][  0]LogMemory: Platform Memory Stats for Windows
[2023.10.09-09.56.45:986][  0]LogMemory: Process Physical Memory: 138.62 MB used, 138.63 MB peak
[2023.10.09-09.56.45:986][  0]LogMemory: Process Virtual Memory: 109.95 MB used, 109.95 MB peak
[2023.10.09-09.56.45:986][  0]LogMemory: Physical Memory: 5681.86 MB used,  2342.36 MB free, 8024.21 MB total
[2023.10.09-09.56.45:986][  0]LogMemory: Virtual Memory: 134213008.00 MB used,  4723.44 MB free, 134217728.00 MB total
[2023.10.09-09.56.45:995][  0]LogWindows: WindowsPlatformFeatures enabled
[2023.10.09-09.56.46:337][  0]LogInit: Physics initialised using underlying interface: PhysX
[2023.10.09-09.56.46:338][  0]LogInit: Using OS detected language (ru-RU).
[2023.10.09-09.56.46:339][  0]LogInit: Using OS detected locale (ru-RU).
[2023.10.09-09.56.46:380][  0]LogTextLocalizationManager: No specific localization for 'ru-RU' exists, so the 'ru' localization will be used.
[2023.10.09-09.56.46:381][  0]LogTextLocalizationResource: LocRes '../../../Engine/Content/Localization/Editor/ru/Editor.locres' could not be opened for reading!
[2023.10.09-09.56.46:382][  0]LogTextLocalizationResource: LocRes '../../../Engine/Content/Localization/EditorTutorials/ru/EditorTutorials.locres' could not be opened for reading!
[2023.10.09-09.56.46:382][  0]LogTextLocalizationResource: LocRes '../../../Engine/Content/Localization/Keywords/ru/Keywords.locres' could not be opened for reading!
[2023.10.09-09.56.46:382][  0]LogTextLocalizationResource: LocRes '../../../Engine/Content/Localization/Category/ru/Category.locres' could not be opened for reading!
[2023.10.09-09.56.46:383][  0]LogTextLocalizationResource: LocRes '../../../Engine/Content/Localization/ToolTips/ru/ToolTips.locres' could not be opened for reading!
[2023.10.09-09.56.46:384][  0]LogTextLocalizationResource: LocRes '../../../Engine/Content/Localization/PropertyNames/ru/PropertyNames.locres' could not be opened for reading!
[2023.10.09-09.56.46:384][  0]LogTextLocalizationResource: LocRes '../../../Engine/Content/Localization/Engine/ru/Engine.locres' could not be opened for reading!
[2023.10.09-09.56.50:612][  0]LogTargetPlatformManager: Display: Loaded TargetPlatform 'AllDesktop'
[2023.10.09-09.56.50:659][  0]LogTargetPlatformManager: Display: Loaded TargetPlatform 'Android'
[2023.10.09-09.56.50:659][  0]LogTargetPlatformManager: Display: Loaded TargetPlatform 'Android_ASTC'
[2023.10.09-09.56.50:659][  0]LogTargetPlatformManager: Display: Loaded TargetPlatform 'Android_DXT'
[2023.10.09-09.56.50:659][  0]LogTargetPlatformManager: Display: Loaded TargetPlatform 'Android_ETC2'
[2023.10.09-09.56.50:659][  0]LogTargetPlatformManager: Display: Loaded TargetPlatform 'AndroidClient'
[2023.10.09-09.56.50:659][  0]LogTargetPlatformManager: Display: Loaded TargetPlatform 'Android_ASTCClient'
[2023.10.09-09.56.50:659][  0]LogTargetPlatformManager: Display: Loaded TargetPlatform 'Android_DXTClient'
[2023.10.09-09.56.50:659][  0]LogTargetPlatformManager: Display: Loaded TargetPlatform 'Android_ETC2Client'
[2023.10.09-09.56.50:659][  0]LogTargetPlatformManager: Display: Loaded TargetPlatform 'Android_Multi'
[2023.10.09-09.56.50:659][  0]LogTargetPlatformManager: Display: Loaded TargetPlatform 'Android_MultiClient'
[2023.10.09-09.56.50:714][  0]LogTargetPlatformManager: Display: Loaded TargetPlatform 'IOSClient'
[2023.10.09-09.56.50:714][  0]LogTargetPlatformManager: Display: Loaded TargetPlatform 'IOS'
[2023.10.09-09.56.50:746][  0]LogTargetPlatformManager: Display: Loaded TargetPlatform 'Linux'
[2023.10.09-09.56.50:760][  0]LogTargetPlatformManager: Display: Loaded TargetPlatform 'LinuxNoEditor'
[2023.10.09-09.56.50:769][  0]LogTargetPlatformManager: Display: Loaded TargetPlatform 'LinuxClient'
[2023.10.09-09.56.50:777][  0]LogTargetPlatformManager: Display: Loaded TargetPlatform 'LinuxServer'
[2023.10.09-09.56.50:799][  0]LogTargetPlatformManager: Display: Loaded TargetPlatform 'LinuxAArch64NoEditor'
[2023.10.09-09.56.50:807][  0]LogTargetPlatformManager: Display: Loaded TargetPlatform 'LinuxAArch64Client'
[2023.10.09-09.56.50:815][  0]LogTargetPlatformManager: Display: Loaded TargetPlatform 'LinuxAArch64Server'
[2023.10.09-09.56.50:851][  0]LogTargetPlatformManager: Display: Loaded TargetPlatform 'Lumin'
[2023.10.09-09.56.50:851][  0]LogTargetPlatformManager: Display: Loaded TargetPlatform 'LuminClient'
[2023.10.09-09.56.50:875][  0]LogTargetPlatformManager: Display: Loaded TargetPlatform 'MacNoEditor'
[2023.10.09-09.56.50:884][  0]LogTargetPlatformManager: Display: Loaded TargetPlatform 'Mac'
[2023.10.09-09.56.50:891][  0]LogTargetPlatformManager: Display: Loaded TargetPlatform 'MacClient'
[2023.10.09-09.56.50:898][  0]LogTargetPlatformManager: Display: Loaded TargetPlatform 'MacServer'
[2023.10.09-09.56.50:911][  0]LogTargetPlatformManager: Display: Loaded TargetPlatform 'TVOSClient'
[2023.10.09-09.56.50:911][  0]LogTargetPlatformManager: Display: Loaded TargetPlatform 'TVOS'
[2023.10.09-09.56.50:924][  0]LogTargetPlatformManager: Display: Loaded TargetPlatform 'WindowsNoEditor'
[2023.10.09-09.56.50:933][  0]LogTargetPlatformManager: Display: Loaded TargetPlatform 'Windows'
[2023.10.09-09.56.50:940][  0]LogTargetPlatformManager: Display: Loaded TargetPlatform 'WindowsClient'
[2023.10.09-09.56.50:949][  0]LogTargetPlatformManager: Display: Loaded TargetPlatform 'WindowsServer'
[2023.10.09-09.56.50:949][  0]LogTargetPlatformManager: Display: Building Assets For Windows
[2023.10.09-09.56.50:968][  0]LogAudioDebug: Display: Lib vorbis DLL was dynamically loaded.
[2023.10.09-09.56.51:061][  0]LogTextureFormatOodle: Display: Oodle Texture 2.9.0 init RDO Off
[2023.10.09-09.56.51:314][  0]LogRendererCore: Ray tracing is disabled. Reason: r.RayTracing=0.
[2023.10.09-09.56.51:327][  0]LogDerivedDataCache: Display: Max Cache Size: 512 MB
[2023.10.09-09.56.51:327][  0]LogDerivedDataCache: Display: Starting with empty Boot cache
[2023.10.09-09.56.51:328][  0]LogDerivedDataCache: FDerivedDataBackendGraph:  Pak pak cache file C:/Users/s.dronskiy/Documents/Unreal Projects/CppTPS/DerivedDataCache/DDC.ddp not found, will not use a pak cache.
[2023.10.09-09.56.51:328][  0]LogDerivedDataCache: Unable to find inner node Pak for hierarchical cache Hierarchy.
[2023.10.09-09.56.51:449][  0]LogDerivedDataCache: Speed tests for ../../../Engine/DerivedDataCache took 0.12 seconds
[2023.10.09-09.56.51:449][  0]LogDerivedDataCache: Display: Performance to ../../../Engine/DerivedDataCache: Latency=0.16ms. RandomReadSpeed=11.43MBs, RandomWriteSpeed=24.96MBs. Assigned SpeedClass 'Local'
[2023.10.09-09.56.51:450][  0]LogDerivedDataCache: Using Local data cache path ../../../Engine/DerivedDataCache: Writable
[2023.10.09-09.56.51:472][  0]LogAssetRegistry: FAssetRegistry took 0.0027 seconds to start up
[2023.10.09-09.56.51:963][  0]LogInit: Selected Device Profile: [Windows]
[2023.10.09-09.56.51:963][  0]LogInit: Active device profile: [00000173A23D7500][00000173A04246C0 49] Windows
[2023.10.09-09.56.51:963][  0]LogInit: Profiles: [00000173A23D7500][00000173A04246C0 49] Windows, [00000173A239CD00][0000017396EEA800 49] WindowsNoEditor, [00000173A23D4D00][0000017396EEE940 49] WindowsServer, [00000173A239EA00][0000017396F80AC0 49] WindowsClient, [00000173A23D6A00][0000017396F84C40 49] IOS, [00000173A239F400][0000017396F88DC0 49] iPadAir, [00000173A23D7300][0000017396F8CF40 49] iPadAir2, [00000173A2347600][0000017396F9B200 49] IPadPro, [00000173A2347700][0000017396F91240 49] iPadAir3, [00000173A23D4300][0000017396FA53C0 49] iPadAir4, [00000173A2345200][00000173A02FF540 49] iPadMini2, [00000173A23D5A00][00000173A03036C0 49] iPadMini3, [00000173A2346500][00000173A0307840 49] iPadMini4, [00000173A23D4600][00000173A030B9C0 49] iPadMini5, [00000173A238E800][00000173A0312100 49] iPhone6, [00000173A238E900][00000173A030E140 49] iPodTouch6, [00000173A2346100][00000173A031A400 49] iPhone7, [00000173A2346200][00000173A0316440 49] iPodTouch7, [00000173A238D100][00000173A031E5C0 49] iPhone5S, [00000173A2347A00][00000173A0322740 49] iPhone6Plus, [00000173A238E600][0000017396EF2880 49] iPhone6S, [00000173A2345600][00000173A03269C0 49] iPhone6SPlus, [00000173A238F900][00000173A032AB00 49] iPhone7Plus, [00000173A2344F00][00000173A032EC40 49] iPhoneSE, [00000173A238C200][00000173A0704DC0 49] iPhone8, [00000173A2345800][00000173A0708F40 49] iPhone8Plus, [00000173A238C100][00000173A070D0C0 49] iPhoneX, [00000173A2346300][00000173A0711240 49] iPhoneXS, [00000173A238CD00][00000173A07153C0 49] iPhoneXSMax, [00000173A2346000][00000173A0719540 49] iPhoneXR, [00000173A238E200][00000173A071D6C0 49] iPhone11, [00000173A2344D00][00000173A0721840 49] iPhone11Pro, [00000173A238DE00][00000173A07259C0 49] iPhone11ProMax, [00000173A2345500][00000173A0729B40 49] iPhoneSE2, [00000173A238EA00][00000173A072C140 49] iPhone12Mini, [00000173A2346800][00000173A07302C0 49] iPhone12, [00000173A238D800][00000173A0734440 49] iPhone12Pro, [00000173A2347500][00000173A07385C0 49] iPhone12ProMax, [00000173A238D300][00000173A073C740 49] iPadPro105, [00000173A2345700][00000173A04408C0 49] iPadPro129, [00000173A238CF00][00000173A0332A00 49] iPadPro97, [00000173A2344900][00000173A0444B40 49] iPadPro2_129, [00000173A238DB00][00000173A0448C80 49] iPad5, [00000173A2344400][00000173A044CDC0 49] iPad6, [00000173A238C300][00000173A0454F40 49] iPad7, [00000173A2344600][00000173A04590C0 49] iPad8, [00000173A238E100][00000173A045D240 49] iPadPro11, [00000173A2346D00][00000173A04613C0 49] iPadPro2_11, [00000173A238DC00][00000173A0465540 49] iPadPro3_129, [00000173A2347B00][00000173A04696C0 49] iPadPro4_129, [00000173A238FB00][00000173A046D840 49] AppleTV, [00000173A2347E00][00000173A04719C0 49] AppleTV4K, [00000173A239CE00][00000173A0475B40 49] TVOS, [00000173A2421200][00000173A0478140 49] Mac, [00000173A239D900][00000173A047C2C0 49] MacClient, [00000173A2422A00][00000173A0480440 49] MacNoEditor, [00000173A239D600][00000173A04845C0 49] MacServer, [00000173A2420700][00000173A0488740 49] Linux, [00000173A239DF00][00000173A048C8C0 49] LinuxAArch64, [00000173A2421700][00000173A0490A40 49] LinuxNoEditor, [00000173A239C100][00000173A0494BC0 49] LinuxAArch64NoEditor, [00000173A2420800][00000173A0450D00 49] LinuxClient, [00000173A239CA00][00000173A0498E40 49] LinuxAArch64Client, [00000173A2420600][00000173A049CF80 49] LinuxServer, [00000173A239D100][00000173A04A5100 49] LinuxAArch64Server, [00000173A2421D00][00000173A04A9280 49] Android, [00000173A239C400][00000173A04AD400 49] Android_Low, [00000173A2422200][00000173A04B1580 49] Android_Mid, [00000173A239D300][00000173A04B5700 49] Android_High, [00000173A2421E00][00000173A04B9880 49] Android_Default, [00000173A239EC00][00000173A2193A00 49] Android_Adreno4xx, [00000173A2422800][00000173A2197B80 49] Android_Adreno5xx_Low, [00000173A239C600][00000173A219A180 49] Android_Adreno5xx, [00000173A2420200][00000173A219E300 49] Android_Adreno6xx, [00000173A239F100][00000173A21A2480 49] Android_Adreno6xx_Vulkan, [00000173A2422100][00000173A21A6600 49] Android_Mali_T6xx, [00000173A2346B00][00000173A21AA780 49] Android_Mali_T7xx, [00000173A238E000][00000173A21AE900 49] Android_Mali_T8xx, [00000173A2344100][00000173A21B2A80 49] Android_Mali_G71, [00000173A2420F00][00000173A21B6C00 49] Android_Mali_G72, [00000173A2344B00][00000173A21BAD80 49] Android_Mali_G72_Vulkan, [00000173A2422300][00000173A04A0EC0 49] Android_Mali_G76, [00000173A2344C00][00000173A21BF000 49] Android_Mali_G76_Vulkan, [00000173A2422700][00000173A21C3140 49] Android_Mali_G77, [00000173A2345A00][00000173A21CB2C0 49] Android_Mali_G77_Vulkan, [00000173A2420100][00000173A21CF440 49] Android_Mali_G78, [00000173A2346A00][00000173A21D35C0 49] Android_Mali_G78_Vulkan, [00000173A2422400][00000173A21D7740 49] Android_Mali_G710, [00000173A2347400][00000173A21DB8C0 49] Android_Mali_G710_Vulkan, [00000173A2422000][00000173A21DFA40 49] Android_Vulkan_SM5, [00000173A2347200][00000173A21E3BC0 49] Android_PowerVR_G6xxx, [00000173A2422E00][00000173A21E61C0 49] Android_PowerVR_GT7xxx, [00000173A2347000][00000173A21EA340 49] Android_PowerVR_GE8xxx, [00000173A2421900][00000173A21EE4C0 49] Android_PowerVR_GM9xxx, [00000173A2347C00][00000173A21F2640 49] Android_PowerVR_GM9xxx_Vulkan, [00000173A2421100][00000173A21F67C0 49] Android_TegraK1, [00000173A2345300][00000173A21FA940 49] Android_Unknown_Vulkan, [00000173A2422500][00000173A21FEAC0 49] Lumin, [00000173A2346F00][00000173A2202C40 49] Lumin_Desktop, [00000173A238F600][00000173A2206DC0 49] HoloLens, 
[2023.10.09-09.56.52:163][  0]LogMeshReduction: Using QuadricMeshReduction for automatic static mesh reduction
[2023.10.09-09.56.52:163][  0]LogMeshReduction: Using SimplygonMeshReduction for automatic skeletal mesh reduction
[2023.10.09-09.56.52:163][  0]LogMeshReduction: Using ProxyLODMeshReduction for automatic mesh merging
[2023.10.09-09.56.52:163][  0]LogMeshReduction: No distributed automatic mesh merging module available
[2023.10.09-09.56.52:166][  0]LogMeshMerging: No distributed automatic mesh merging module available
[2023.10.09-09.56.52:214][  0]LogNetVersion: CppTPS 1.0.0, NetCL: 17155196, EngineNetVer: 17, GameNetVer: 0 (Checksum: 3479814757)
[2023.10.09-09.56.53:461][  0]LogHMD: PokeAHoleMaterial loaded successfully
[2023.10.09-09.56.54:027][  0]LogCollectionManager: Loaded 0 collections in 0.001775 seconds
[2023.10.09-09.56.54:029][  0]LogFileCache: Scanning file cache for directory 'C:/Users/s.dronskiy/Documents/Unreal Projects/CppTPS/Saved/Collections/' took 0.00s
[2023.10.09-09.56.54:029][  0]LogFileCache: Scanning file cache for directory 'C:/Users/s.dronskiy/Documents/Unreal Projects/CppTPS/Content/Developers/sdronskiy/Collections/' took 0.00s
[2023.10.09-09.56.54:029][  0]LogFileCache: Scanning file cache for directory 'C:/Users/s.dronskiy/Documents/Unreal Projects/CppTPS/Content/Collections/' took 0.00s
[2023.10.09-09.56.54:029][  0]LogCollectionManager: Fixed up redirectors for 0 collections in 0.000002 seconds (updated 0 objects)
[2023.10.09-09.56.54:587][  0]LogNiagaraDebuggerClient: Niagara Debugger Client Initialized | Session: 139ADFE445D7D0309654049C8DF12F30 | Instance: EFA26A3E4833978C313079A44EDCE6AA (1CNEW-13072).
[2023.10.09-09.56.55:117][  0]LogPython: Using Python 3.7.7
[2023.10.09-09.56.57:460][  0]SourceControl: Source control is disabled
[2023.10.09-09.56.57:462][  0]SourceControl: Source control is disabled
[2023.10.09-09.56.57:503][  0]SourceControl: Source control is disabled
[2023.10.09-09.56.57:521][  0]SourceControl: Source control is disabled
[2023.10.09-09.56.57:553][  0]LogUProjectInfo: Found projects:
[2023.10.09-09.56.57:592][  0]SourceControl: Source control is disabled
[2023.10.09-09.56.58:307][  0]LogOpenImageDenoise: OIDN starting up
[2023.10.09-09.56.58:336][  0]LogAndroidPermission: UAndroidPermissionCallbackProxy::GetInstance
[2023.10.09-09.56.58:371][  0]LogAudioCaptureCore: Display: No Audio Capture implementations found. Audio input will be silent.
[2023.10.09-09.56.58:371][  0]LogAudioCaptureCore: Display: No Audio Capture implementations found. Audio input will be silent.
[2023.10.09-09.56.59:408][  0]LogOcInput: OculusInput pre-init called
[2023.10.09-09.56.59:737][  0]LogUObjectArray: 24052 objects as part of root set at end of initial load.
[2023.10.09-09.56.59:737][  0]LogUObjectAllocator: 6786848 out of 0 bytes used by permanent object pool.
[2023.10.09-09.56.59:737][  0]LogUObjectArray: CloseDisregardForGC: 0/0 objects in disregard for GC pool
[2023.10.09-09.56.59:746][  0]LogInit: Error: VisualStudioToolsCommandlet looked like a commandlet, but we could not find the class.
[2023.10.09-09.56.59:747][  0]LogCore: Engine exit requested (reason: Failed to find commandlet class VisualStudioToolsCommandlet)
[2023.10.09-09.56.59:747][  0]LogCore: Engine exit requested (reason: EngineExit() was called; note: exit was already requested)
[2023.10.09-09.56.59:756][  0]LogExit: Preparing to exit.
[2023.10.09-09.56.59:789][  0]LogUObjectHash: Compacting FUObjectHashTables data took   0.92ms
[2023.10.09-09.56.59:938][  0]LogDemo: Cleaned up 0 splitscreen connections with owner deletion
[2023.10.09-09.57.00:370][  0]LogExit: Object subsystem successfully closed.
[2023.10.09-09.57.00:540][  0]LogModuleManager: Shutting down and abandoning module AudioSynesthesiaEditor (598)
[2023.10.09-09.57.00:540][  0]LogModuleManager: Shutting down and abandoning module WoodyQuests (596)
[2023.10.09-09.57.00:540][  0]LogModuleManager: Shutting down and abandoning module OculusEditor (594)
[2023.10.09-09.57.00:541][  0]LogModuleManager: Shutting down and abandoning module OculusInput (592)
[2023.10.09-09.57.00:541][  0]LogModuleManager: Shutting down and abandoning module ContentBrowserClassDataSource (590)
[2023.10.09-09.57.00:541][  0]LogModuleManager: Shutting down and abandoning module ContentBrowserFileDataSource (588)
[2023.10.09-09.57.00:541][  0]LogModuleManager: Shutting down and abandoning module ContentBrowserAssetDataSource (586)
[2023.10.09-09.57.00:541][  0]LogModuleManager: Shutting down and abandoning module ToolMenus (585)
[2023.10.09-09.57.00:541][  0]LogModuleManager: Shutting down and abandoning module TakeSequencer (582)
[2023.10.09-09.57.00:544][  0]LogModuleManager: Shutting down and abandoning module TakeMovieScene (580)
[2023.10.09-09.57.00:544][  0]LogModuleManager: Shutting down and abandoning module ScreenshotTools (578)
[2023.10.09-09.57.00:544][  0]LogModuleManager: Shutting down and abandoning module SynthesisEditor (576)
[2023.10.09-09.57.00:544][  0]LogModuleManager: Shutting down and abandoning module Synthesis (574)
[2023.10.09-09.57.00:546][  0]LogModuleManager: Shutting down and abandoning module ProceduralMeshComponentEditor (572)
[2023.10.09-09.57.00:546][  0]LogModuleManager: Shutting down and abandoning module ProceduralMeshComponent (570)
[2023.10.09-09.57.00:546][  0]LogModuleManager: Shutting down and abandoning module OpenXREditor (568)
[2023.10.09-09.57.00:547][  0]LogModuleManager: Shutting down and abandoning module MobilePatchingUtils (566)
[2023.10.09-09.57.00:547][  0]LogModuleManager: Shutting down and abandoning module GooglePAD (564)
[2023.10.09-09.57.00:547][  0]LogModuleManager: Shutting down and abandoning module EditableMesh (562)
[2023.10.09-09.57.00:547][  0]LogModuleManager: Shutting down and abandoning module CustomMeshComponent (560)
[2023.10.09-09.57.00:547][  0]LogModuleManager: Shutting down and abandoning module AssetTags (558)
[2023.10.09-09.57.00:547][  0]LogModuleManager: Shutting down and abandoning module CableComponent (556)
[2023.10.09-09.57.00:547][  0]LogModuleManager: Shutting down and abandoning module AudioCapture (554)
[2023.10.09-09.57.00:547][  0]LogModuleManager: Shutting down and abandoning module AudioCaptureRtAudio (553)
[2023.10.09-09.57.00:547][  0]LogModuleManager: Shutting down and abandoning module ArchVisCharacter (550)
[2023.10.09-09.57.00:547][  0]LogModuleManager: Shutting down and abandoning module AppleImageUtilsBlueprintSupport (548)
[2023.10.09-09.57.00:547][  0]LogModuleManager: Shutting down and abandoning module AppleImageUtils (546)
[2023.10.09-09.57.00:547][  0]LogModuleManager: Shutting down and abandoning module AndroidPermission (544)
[2023.10.09-09.57.00:547][  0]LogModuleManager: Shutting down and abandoning module ActorLayerUtilitiesEditor (542)
[2023.10.09-09.57.00:549][  0]LogModuleManager: Shutting down and abandoning module ActorLayerUtilities (540)
[2023.10.09-09.57.00:549][  0]LogModuleManager: Shutting down and abandoning module TemplateSequence (538)
[2023.10.09-09.57.00:551][  0]LogModuleManager: Shutting down and abandoning module OpenImageDenoise (536)
[2023.10.09-09.57.00:551][  0]LogOpenImageDenoise: OIDN shutting down
[2023.10.09-09.57.00:551][  0]LogModuleManager: Shutting down and abandoning module MotoSynthEditor (534)
[2023.10.09-09.57.00:551][  0]LogModuleManager: Shutting down and abandoning module MotoSynth (532)
[2023.10.09-09.57.00:551][  0]LogModuleManager: Shutting down and abandoning module MeshConversion (530)
[2023.10.09-09.57.00:552][  0]LogModuleManager: Shutting down and abandoning module DynamicMesh (528)
[2023.10.09-09.57.00:554][  0]LogModuleManager: Shutting down and abandoning module GeometryAlgorithms (526)
[2023.10.09-09.57.00:556][  0]LogModuleManager: Shutting down and abandoning module GeometricObjects (524)
[2023.10.09-09.57.00:558][  0]LogModuleManager: Shutting down and abandoning module MediaCompositing (522)
[2023.10.09-09.57.00:558][  0]LogModuleManager: Shutting down and abandoning module GeometryCollectionTracks (520)
[2023.10.09-09.57.00:558][  0]LogModuleManager: Shutting down and abandoning module GeometryCollectionSequencer (519)
[2023.10.09-09.57.00:558][  0]LogModuleManager: Shutting down and abandoning module GeometryCollectionEditor (516)
[2023.10.09-09.57.00:558][  0]LogModuleManager: Shutting down and abandoning module GeometryCacheTracks (514)
[2023.10.09-09.57.00:558][  0]LogModuleManager: Shutting down and abandoning module GeometryCacheStreamer (512)
[2023.10.09-09.57.00:558][  0]LogModuleManager: Shutting down and abandoning module GeometryCacheSequencer (510)
[2023.10.09-09.57.00:558][  0]LogModuleManager: Shutting down and abandoning module ChaosSolverEditor (508)
[2023.10.09-09.57.00:558][  0]LogModuleManager: Shutting down and abandoning module FractureEditor (506)
[2023.10.09-09.57.00:558][  0]LogModuleManager: Shutting down and abandoning module ChaosNiagara (504)
[2023.10.09-09.57.00:558][  0]LogModuleManager: Shutting down and abandoning module FieldSystemEngine (503)
[2023.10.09-09.57.00:559][  0]LogModuleManager: Shutting down and abandoning module ChaosClothEditor (500)
[2023.10.09-09.57.00:560][  0]LogModuleManager: Shutting down and abandoning module AutomationUtilsEditor (498)
[2023.10.09-09.57.00:560][  0]LogModuleManager: Shutting down and abandoning module AutomationUtils (496)
[2023.10.09-09.57.00:560][  0]LogModuleManager: Shutting down and abandoning module AlembicImporter (494)
[2023.10.09-09.57.00:560][  0]LogModuleManager: Shutting down and abandoning module AlembicLibrary (493)
[2023.10.09-09.57.00:560][  0]LogModuleManager: Shutting down and abandoning module GeometryCache (492)
[2023.10.09-09.57.00:560][  0]LogModuleManager: Shutting down and abandoning module GeometryCacheEd (491)
[2023.10.09-09.57.00:560][  0]LogModuleManager: Shutting down and abandoning module MagicLeapSharedWorld (486)
[2023.10.09-09.57.00:560][  0]LogModuleManager: Shutting down and abandoning module MagicLeapLightEstimation (484)
[2023.10.09-09.57.00:560][  0]LogModuleManager: Shutting down and abandoning module MagicLeapHelperVulkan (482)
[2023.10.09-09.57.00:560][  0]LogModuleManager: Shutting down and abandoning module MagicLeapHelperOpenGL (480)
[2023.10.09-09.57.00:560][  0]LogModuleManager: Shutting down and abandoning module MagicLeapAudio (478)
[2023.10.09-09.57.00:560][  0]LogModuleManager: Shutting down and abandoning module VariantManagerContentEditor (476)
[2023.10.09-09.57.00:560][  0]LogModuleManager: Shutting down and abandoning module DatasmithContentEditor (474)
[2023.10.09-09.57.00:561][  0]LogModuleManager: Shutting down and abandoning module NiagaraEditorWidgets (472)
[2023.10.09-09.57.00:566][  0]LogModuleManager: Shutting down and abandoning module SpeedTreeImporter (470)
[2023.10.09-09.57.00:566][  0]LogModuleManager: Shutting down and abandoning module PluginBrowser (468)
[2023.10.09-09.57.00:567][  0]LogModuleManager: Shutting down and abandoning module MobileLauncherProfileWizard (466)
[2023.10.09-09.57.00:569][  0]LogModuleManager: Shutting down and abandoning module MaterialAnalyzer (464)
[2023.10.09-09.57.00:569][  0]LogModuleManager: Shutting down and abandoning module PerforceSourceControl (462)
[2023.10.09-09.57.00:569][  0]LogModuleManager: Shutting down and abandoning module VisualStudioCodeSourceCodeAccess (460)
[2023.10.09-09.57.00:569][  0]LogModuleManager: Shutting down and abandoning module VisualStudioSourceCodeAccess (458)
[2023.10.09-09.57.00:569][  0]LogModuleManager: Shutting down and abandoning module UObjectPlugin (456)
[2023.10.09-09.57.00:569][  0]LogModuleManager: Shutting down and abandoning module CurveEditorTools (454)
[2023.10.09-09.57.00:570][  0]LogModuleManager: Shutting down and abandoning module SubversionSourceControl (452)
[2023.10.09-09.57.00:575][  0]LogModuleManager: Shutting down and abandoning module PluginUtils (450)
[2023.10.09-09.57.00:576][  0]LogModuleManager: Shutting down and abandoning module PlasticSourceControl (448)
[2023.10.09-09.57.00:578][  0]LogModuleManager: Shutting down and abandoning module CryptoKeysOpenSSL (446)
[2023.10.09-09.57.00:578][  0]LogModuleManager: Shutting down and abandoning module CryptoKeys (444)
[2023.10.09-09.57.00:578][  0]LogModuleManager: Shutting down and abandoning module GitSourceControl (442)
[2023.10.09-09.57.00:581][  0]LogModuleManager: Shutting down and abandoning module SourceControl (441)
[2023.10.09-09.57.00:582][  0]LogModuleManager: Shutting down and abandoning module CLionSourceCodeAccess (438)
[2023.10.09-09.57.00:582][  0]LogModuleManager: Shutting down and abandoning module AnimationSharingEd (436)
[2023.10.09-09.57.00:582][  0]LogModuleManager: Shutting down and abandoning module OodleNetworkHandlerComponent (434)
[2023.10.09-09.57.00:582][  0]LogModuleManager: Shutting down and abandoning module LightPropagationVolumeEditor (432)
[2023.10.09-09.57.00:582][  0]LogModuleManager: Shutting down and abandoning module PaperTiledImporter (430)
[2023.10.09-09.57.00:582][  0]LogModuleManager: Shutting down and abandoning module PaperSpriteSheetImporter (428)
[2023.10.09-09.57.00:583][  0]LogModuleManager: Shutting down and abandoning module Paper2DEditor (426)
[2023.10.09-09.57.00:589][  0]LogModuleManager: Shutting down and abandoning module LiveLinkSequencer (424)
[2023.10.09-09.57.00:589][  0]LogModuleManager: Shutting down and abandoning module LiveLinkMovieScene (422)
[2023.10.09-09.57.00:589][  0]LogModuleManager: Shutting down and abandoning module LiveLinkGraphNode (420)
[2023.10.09-09.57.00:589][  0]LogModuleManager: Shutting down and abandoning module LiveLinkEditor (418)
[2023.10.09-09.57.00:592][  0]LogModuleManager: Shutting down and abandoning module LiveLinkComponents (416)
[2023.10.09-09.57.00:592][  0]LogModuleManager: Shutting down and abandoning module LiveLink (414)
[2023.10.09-09.57.01:113][  0]LogModuleManager: Shutting down and abandoning module MeshPaintingToolset (412)
[2023.10.09-09.57.01:115][  0]LogModuleManager: Shutting down and abandoning module MeshPaintEditorMode (410)
[2023.10.09-09.57.01:116][  0]LogModuleManager: Shutting down and abandoning module CppTPS (408)
[2023.10.09-09.57.01:116][  0]LogModuleManager: Shutting down and abandoning module AnimGraph (407)
[2023.10.09-09.57.01:116][  0]LogModuleManager: Shutting down and abandoning module SoundFields (404)
[2023.10.09-09.57.01:116][  0]LogModuleManager: Shutting down and abandoning module SignificanceManager (402)
[2023.10.09-09.57.01:116][  0]LogModuleManager: Shutting down and abandoning module RuntimePhysXCooking (400)
[2023.10.09-09.57.01:117][  0]LogModuleManager: Shutting down and abandoning module PropertyAccessEditor (398)
[2023.10.09-09.57.01:118][  0]LogModuleManager: Shutting down and abandoning module PhysXVehiclesEditor (396)
[2023.10.09-09.57.01:118][  0]LogModuleManager: Shutting down and abandoning module LocationServicesBPLibrary (392)
[2023.10.09-09.57.01:118][  0]LogModuleManager: Shutting down and abandoning module AudioSynesthesia (390)
[2023.10.09-09.57.01:118][  0]LogModuleManager: Shutting down and abandoning module AudioSynesthesiaCore (388)
[2023.10.09-09.57.01:118][  0]LogModuleManager: Shutting down and abandoning module UdpMessaging (386)
[2023.10.09-09.57.01:119][  0]LogModuleManager: Shutting down and abandoning module TcpMessaging (384)
[2023.10.09-09.57.01:120][  0]LogModuleManager: Shutting down and abandoning module ActorSequence (382)
[2023.10.09-09.57.01:120][  0]LogModuleManager: Shutting down and abandoning module PythonScriptPlugin (380)
[2023.10.09-09.57.01:120][  0]LogModuleManager: Shutting down and abandoning module MagicLeapARPin (378)
[2023.10.09-09.57.01:120][  0]LogModuleManager: Shutting down and abandoning module MagicLeapHandMeshing (376)
[2023.10.09-09.57.01:121][  0]LogModuleManager: Shutting down and abandoning module MagicLeapSecureStorage (374)
[2023.10.09-09.57.01:121][  0]LogModuleManager: Shutting down and abandoning module MagicLeapPrivileges (372)
[2023.10.09-09.57.01:122][  0]LogModuleManager: Shutting down and abandoning module MagicLeapPlanes (370)
[2023.10.09-09.57.01:123][  0]LogMagicLeapPlanes: Planes tracker already destroyed.
[2023.10.09-09.57.01:123][  0]LogModuleManager: Shutting down and abandoning module MagicLeapImageTracker (368)
[2023.10.09-09.57.01:123][  0]LogModuleManager: Shutting down and abandoning module MagicLeapIdentity (366)
[2023.10.09-09.57.01:123][  0]LogModuleManager: Shutting down and abandoning module MagicLeapHandTracking (364)
[2023.10.09-09.57.01:124][  0]LogModuleManager: Shutting down and abandoning module MagicLeapEyeTracker (362)
[2023.10.09-09.57.01:124][  0]LogModuleManager: Shutting down and abandoning module MagicLeapController (360)
[2023.10.09-09.57.01:124][  0]LogModuleManager: Shutting down and abandoning module MagicLeapARPinImpl (358)
[2023.10.09-09.57.01:124][  0]LogModuleManager: Shutting down and abandoning module MagicLeapAR (356)
[2023.10.09-09.57.01:124][  0]LogModuleManager: Shutting down and abandoning module NiagaraAnimNotifies (354)
[2023.10.09-09.57.01:124][  0]LogModuleManager: Shutting down and abandoning module Niagara (352)
[2023.10.09-09.57.01:129][  0]LogModuleManager: Shutting down and abandoning module SignalProcessing (351)
[2023.10.09-09.57.01:129][  0]LogModuleManager: Shutting down and abandoning module NiagaraEditor (349)
[2023.10.09-09.57.01:135][  0]LogModuleManager: Shutting down and abandoning module NiagaraCore (346)
[2023.10.09-09.57.01:135][  0]LogModuleManager: Shutting down and abandoning module GameplayTagsEditor (344)
[2023.10.09-09.57.01:137][  0]LogModuleManager: Shutting down and abandoning module FacialAnimationEditor (342)
[2023.10.09-09.57.01:137][  0]LogModuleManager: Shutting down and abandoning module FacialAnimation (340)
[2023.10.09-09.57.01:137][  0]LogModuleManager: Shutting down and abandoning module DataValidation (338)
[2023.10.09-09.57.01:137][  0]LogModuleManager: Shutting down and abandoning module PropertyAccessNode (336)
[2023.10.09-09.57.01:138][  0]LogModuleManager: Shutting down and abandoning module AssetManagerEditor (334)
[2023.10.09-09.57.01:139][  0]LogModuleManager: Shutting down and abandoning module TreeMap (333)
[2023.10.09-09.57.01:140][  0]LogModuleManager: Shutting down and abandoning module AnimationSharing (330)
[2023.10.09-09.57.01:140][  0]LogModuleManager: Shutting down and abandoning module GameplayCameras (328)
[2023.10.09-09.57.01:141][  0]LogModuleManager: Shutting down and abandoning module LightPropagationVolumeRuntime (326)
[2023.10.09-09.57.01:141][  0]LogModuleManager: Shutting down and abandoning module EnvironmentQueryEditor (324)
[2023.10.09-09.57.01:143][  0]LogModuleManager: Shutting down and abandoning module Paper2D (322)
[2023.10.09-09.57.01:144][  0]LogModuleManager: Shutting down and abandoning module NetworkReplayStreaming (320)
[2023.10.09-09.57.01:144][  0]LogModuleManager: Shutting down and abandoning module PacketHandler (318)
[2023.10.09-09.57.01:144][  0]LogModuleManager: Shutting down and abandoning module ClothingSystemEditor (316)
[2023.10.09-09.57.01:144][  0]LogModuleManager: Shutting down and abandoning module ClothingSystemRuntimeNv (314)
[2023.10.09-09.57.01:146][  0]LogModuleManager: Shutting down and abandoning module MediaAssets (312)
[2023.10.09-09.57.01:146][  0]LogModuleManager: Shutting down and abandoning module Overlay (310)
[2023.10.09-09.57.01:146][  0]LogModuleManager: Shutting down and abandoning module OverlayEditor (309)
[2023.10.09-09.57.01:146][  0]LogModuleManager: Shutting down and abandoning module Blutility (306)
[2023.10.09-09.57.01:149][  0]LogModuleManager: Shutting down and abandoning module LevelEditor (305)
[2023.10.09-09.57.01:155][  0]LogModuleManager: Shutting down and abandoning module PixelInspectorModule (304)
[2023.10.09-09.57.01:156][  0]LogModuleManager: Shutting down and abandoning module CommonMenuExtensions (302)
[2023.10.09-09.57.01:156][  0]LogModuleManager: Shutting down and abandoning module MainFrame (300)
[2023.10.09-09.57.01:159][  0]LogModuleManager: Shutting down and abandoning module HotReload (299)
[2023.10.09-09.57.01:159][  0]LogModuleManager: Shutting down and abandoning module ContentBrowser (295)
[2023.10.09-09.57.01:160][  0]LogModuleManager: Shutting down and abandoning module CollectionManager (294)
[2023.10.09-09.57.01:164][  0]LogModuleManager: Shutting down and abandoning module ContentBrowserData (292)
[2023.10.09-09.57.01:164][  0]LogModuleManager: Shutting down and abandoning module IntroTutorials (288)
[2023.10.09-09.57.01:165][  0]LogModuleManager: Shutting down and abandoning module VREditor (286)
[2023.10.09-09.57.01:168][  0]LogModuleManager: Shutting down and abandoning module StringTableEditor (284)
[2023.10.09-09.57.01:170][  0]LogModuleManager: Shutting down and abandoning module GameplayTasksEditor (282)
[2023.10.09-09.57.01:170][  0]LogModuleManager: Shutting down and abandoning module BehaviorTreeEditor (280)
[2023.10.09-09.57.01:174][  0]LogModuleManager: Shutting down and abandoning module FunctionalTesting (278)
[2023.10.09-09.57.01:175][  0]LogModuleManager: Shutting down and abandoning module CollisionAnalyzer (276)
[2023.10.09-09.57.01:175][  0]LogModuleManager: Shutting down and abandoning module WorkspaceMenuStructure (275)
[2023.10.09-09.57.01:175][  0]LogModuleManager: Shutting down and abandoning module UMG (272)
[2023.10.09-09.57.01:176][  0]LogModuleManager: Shutting down and abandoning module UMGEditor (271)
[2023.10.09-09.57.01:177][  0]LogModuleManager: Shutting down and abandoning module MessageLog (269)
[2023.10.09-09.57.01:177][  0]LogModuleManager: Shutting down and abandoning module SlateReflector (264)
[2023.10.09-09.57.01:182][  0]LogModuleManager: Shutting down and abandoning module Slate (262)
[2023.10.09-09.57.01:183][  0]LogModuleManager: Shutting down and abandoning module SlateCore (260)
[2023.10.09-09.57.01:184][  0]LogModuleManager: Shutting down and abandoning module LandscapeEditorUtilities (258)
[2023.10.09-09.57.01:184][  0]LogModuleManager: Shutting down and abandoning module UnrealEd (256)
[2023.10.09-09.57.01:185][  0]LogModuleManager: Shutting down and abandoning module MRMesh (254)
[2023.10.09-09.57.01:186][  0]LogModuleManager: Shutting down and abandoning module SourceCodeAccess (252)
[2023.10.09-09.57.01:186][  0]LogModuleManager: Shutting down and abandoning module HeadMountedDisplay (250)
[2023.10.09-09.57.01:186][  0]LogModuleManager: Shutting down and abandoning module XAudio2 (248)
[2023.10.09-09.57.01:186][  0]LogModuleManager: Shutting down and abandoning module Networking (246)
[2023.10.09-09.57.01:186][  0]LogModuleManager: Shutting down and abandoning module Core (244)
[2023.10.09-09.57.01:186][  0]LogModuleManager: Shutting down and abandoning module MaterialEditor (242)
[2023.10.09-09.57.01:191][  0]LogModuleManager: Shutting down and abandoning module Settings (241)
[2023.10.09-09.57.01:191][  0]LogModuleManager: Shutting down and abandoning module MovieSceneTools (238)
[2023.10.09-09.57.01:196][  0]LogModuleManager: Shutting down and abandoning module CurveEditor (237)
[2023.10.09-09.57.01:200][  0]LogModuleManager: Shutting down and abandoning module Sequencer (235)
[2023.10.09-09.57.01:207][  0]LogModuleManager: Shutting down and abandoning module EditorStyle (234)
[2023.10.09-09.57.01:208][  0]LogModuleManager: Shutting down and abandoning module KismetCompiler (230)
[2023.10.09-09.57.01:208][  0]LogModuleManager: Shutting down and abandoning module MeshBuilder (228)
[2023.10.09-09.57.01:210][  0]LogModuleManager: Shutting down and abandoning module MeshUtilities (226)
[2023.10.09-09.57.01:211][  0]LogModuleManager: Shutting down and abandoning module MeshMergeUtilities (225)
[2023.10.09-09.57.01:212][  0]LogModuleManager: Shutting down and abandoning module MeshReductionInterface (224)
[2023.10.09-09.57.01:212][  0]LogModuleManager: Shutting down and abandoning module MeshBoneReduction (223)
[2023.10.09-09.57.01:213][  0]LogModuleManager: Shutting down and abandoning module SkeletalMeshReduction (221)
[2023.10.09-09.57.01:214][  0]LogModuleManager: Shutting down and abandoning module ProxyLODMeshReduction (219)
[2023.10.09-09.57.01:217][  0]LogModuleManager: Shutting down and abandoning module QuadricMeshReduction (217)
[2023.10.09-09.57.01:218][  0]LogModuleManager: Shutting down and abandoning module MaterialBaking (213)
[2023.10.09-09.57.01:221][  0]LogModuleManager: Shutting down and abandoning module DirectoryWatcher (209)
[2023.10.09-09.57.01:221][  0]LogModuleManager: Shutting down and abandoning module NullInstallBundleManager (206)
[2023.10.09-09.57.01:221][  0]LogModuleManager: Shutting down and abandoning module DerivedDataCache (204)
[2023.10.09-09.57.01:221][  0]LogModuleManager: Shutting down and abandoning module TargetPlatform (202)
[2023.10.09-09.57.01:222][  0]LogModuleManager: Shutting down and abandoning module VulkanShaderFormat (201)
[2023.10.09-09.57.01:227][  0]LogModuleManager: Shutting down and abandoning module ShaderFormatVectorVM (199)
[2023.10.09-09.57.01:228][  0]LogModuleManager: Shutting down and abandoning module ShaderFormatOpenGL (197)
[2023.10.09-09.57.01:229][  0]LogModuleManager: Shutting down and abandoning module ShaderFormatD3D (195)
[2023.10.09-09.57.01:231][  0]LogModuleManager: Shutting down and abandoning module MetalShaderFormat (193)
[2023.10.09-09.57.01:233][  0]LogModuleManager: Shutting down and abandoning module TextureFormatOodle (191)
[2023.10.09-09.57.01:234][  0]LogModuleManager: Shutting down and abandoning module TextureFormatUncompressed (189)
[2023.10.09-09.57.01:234][  0]LogModuleManager: Shutting down and abandoning module TextureFormatPVR (187)
[2023.10.09-09.57.01:234][  0]LogModuleManager: Shutting down and abandoning module TextureFormatETC2 (185)
[2023.10.09-09.57.01:235][  0]LogModuleManager: Shutting down and abandoning module TextureFormatDXT (183)
[2023.10.09-09.57.01:235][  0]LogModuleManager: Shutting down and abandoning module TextureFormatIntelISPCTexComp (181)
[2023.10.09-09.57.01:236][  0]LogModuleManager: Shutting down and abandoning module TextureFormatASTC (179)
[2023.10.09-09.57.01:236][  0]LogModuleManager: Shutting down and abandoning module ImageWrapper (178)
[2023.10.09-09.57.01:236][  0]LogModuleManager: Shutting down and abandoning module AudioFormatOpus (175)
[2023.10.09-09.57.01:236][  0]LogModuleManager: Shutting down and abandoning module AudioFormatOgg (173)
[2023.10.09-09.57.01:236][  0]LogModuleManager: Shutting down and abandoning module AudioFormatADPCM (171)
[2023.10.09-09.57.01:237][  0]LogModuleManager: Shutting down and abandoning module WindowsServerTargetPlatform (169)
[2023.10.09-09.57.01:237][  0]LogModuleManager: Shutting down and abandoning module WindowsClientTargetPlatform (167)
[2023.10.09-09.57.01:237][  0]LogModuleManager: Shutting down and abandoning module WindowsTargetPlatform (165)
[2023.10.09-09.57.01:237][  0]LogModuleManager: Shutting down and abandoning module WindowsNoEditorTargetPlatform (163)
[2023.10.09-09.57.01:237][  0]LogModuleManager: Shutting down and abandoning module TVOSTargetPlatform (161)
[2023.10.09-09.57.01:238][  0]LogModuleManager: Shutting down and abandoning module MacServerTargetPlatform (159)
[2023.10.09-09.57.01:238][  0]LogModuleManager: Shutting down and abandoning module MacClientTargetPlatform (157)
[2023.10.09-09.57.01:238][  0]LogModuleManager: Shutting down and abandoning module MacTargetPlatform (155)
[2023.10.09-09.57.01:238][  0]LogModuleManager: Shutting down and abandoning module MacNoEditorTargetPlatform (153)
[2023.10.09-09.57.01:239][  0]LogModuleManager: Shutting down and abandoning module LuminTargetPlatform (151)
[2023.10.09-09.57.01:239][  0]LogModuleManager: Shutting down and abandoning module LinuxAArch64ServerTargetPlatform (149)
[2023.10.09-09.57.01:239][  0]LogModuleManager: Shutting down and abandoning module LinuxAArch64ClientTargetPlatform (147)
[2023.10.09-09.57.01:239][  0]LogModuleManager: Shutting down and abandoning module LinuxAArch64NoEditorTargetPlatform (145)
[2023.10.09-09.57.01:239][  0]LogModuleManager: Shutting down and abandoning module LinuxServerTargetPlatform (143)
[2023.10.09-09.57.01:239][  0]LogModuleManager: Shutting down and abandoning module LinuxClientTargetPlatform (141)
[2023.10.09-09.57.01:239][  0]LogModuleManager: Shutting down and abandoning module LinuxNoEditorTargetPlatform (139)
[2023.10.09-09.57.01:239][  0]LogModuleManager: Shutting down and abandoning module LinuxTargetPlatform (137)
[2023.10.09-09.57.01:239][  0]LogModuleManager: Shutting down and abandoning module Messaging (135)
[2023.10.09-09.57.01:239][  0]LogModuleManager: Shutting down and abandoning module IOSTargetPlatform (133)
[2023.10.09-09.57.01:240][  0]LogModuleManager: Shutting down and abandoning module AndroidTargetPlatform (131)
[2023.10.09-09.57.01:243][  0]LogModuleManager: Shutting down and abandoning module AllDesktopTargetPlatform (129)
[2023.10.09-09.57.01:243][  0]LogModuleManager: Shutting down and abandoning module NullDrv (126)
[2023.10.09-09.57.01:243][  0]LogModuleManager: Shutting down and abandoning module PhysXCooking (124)
[2023.10.09-09.57.01:243][  0]LogModuleManager: Shutting down and abandoning module Chaos (122)
[2023.10.09-09.57.01:244][  0]LogModuleManager: Shutting down and abandoning module WindowsPlatformFeatures (120)
[2023.10.09-09.57.01:245][  0]LogModuleManager: Shutting down and abandoning module GameplayMediaEncoder (119)
[2023.10.09-09.57.01:245][  0]LogModuleManager: Shutting down and abandoning module AVEncoder (118)
[2023.10.09-09.57.01:246][  0]LogModuleManager: Shutting down and abandoning module ExampleDeviceProfileSelector (114)
[2023.10.09-09.57.01:246][  0]LogModuleManager: Shutting down and abandoning module SteamVRInputDevice (112)
[2023.10.09-09.57.01:246][  0]LogModuleManager: Shutting down and abandoning module SteamVRInput (110)
[2023.10.09-09.57.01:246][  0]LogModuleManager: Shutting down and abandoning module SteamVR (108)
[2023.10.09-09.57.01:248][  0]LogHMD: Freeing OpenVRDLLHandle.
[2023.10.09-09.57.01:248][  0]LogModuleManager: Shutting down and abandoning module OculusHMD (106)
[2023.10.09-09.57.01:249][  0]LogModuleManager: Shutting down and abandoning module OpenXRHandTracking (104)
[2023.10.09-09.57.01:249][  0]LogModuleManager: Shutting down and abandoning module OpenXREyeTracker (102)
[2023.10.09-09.57.01:249][  0]LogModuleManager: Shutting down and abandoning module OpenXRAR (100)
[2023.10.09-09.57.01:250][  0]LogModuleManager: Shutting down and abandoning module AugmentedReality (99)
[2023.10.09-09.57.01:250][  0]LogModuleManager: Shutting down and abandoning module OpenXRHMD (96)
[2023.10.09-09.57.01:252][  0]LogModuleManager: Shutting down and abandoning module ChunkDownloader (94)
[2023.10.09-09.57.01:253][  0]LogModuleManager: Shutting down and abandoning module LauncherChunkInstaller (92)
[2023.10.09-09.57.01:253][  0]LogModuleManager: Shutting down and abandoning module OnlineBlueprintSupport (90)
[2023.10.09-09.57.01:253][  0]LogModuleManager: Shutting down and abandoning module OnlineSubsystem (86)
[2023.10.09-09.57.01:255][  0]LogModuleManager: Shutting down and abandoning module XMPP (81)
[2023.10.09-09.57.01:260][  0]LogModuleManager: Shutting down and abandoning module WebSockets (80)
[2023.10.09-09.57.01:276][  0]LogModuleManager: Shutting down and abandoning module HTTP (77)
[2023.10.09-09.57.01:276][  0]LogHttp: Display: cleaning up 0 outstanding Http requests.
[2023.10.09-09.57.01:300][  0]LogModuleManager: Shutting down and abandoning module SSL (76)
[2023.10.09-09.57.01:301][  0]LogModuleManager: Shutting down and abandoning module WmfMedia (72)
[2023.10.09-09.57.01:305][  0]LogModuleManager: Shutting down and abandoning module Media (71)
[2023.10.09-09.57.01:305][  0]LogModuleManager: Shutting down and abandoning module MediaInfo (70)
[2023.10.09-09.57.01:305][  0]LogModuleManager: Shutting down and abandoning module ExrReaderGpu (66)
[2023.10.09-09.57.01:306][  0]LogModuleManager: Shutting down and abandoning module ChaosCloth (64)
[2023.10.09-09.57.01:307][  0]LogModuleManager: Shutting down and abandoning module MLSDK (62)
[2023.10.09-09.57.01:308][  0]LogModuleManager: Shutting down and abandoning module MagicLeap (60)
[2023.10.09-09.57.01:308][  0]LogModuleManager: Shutting down and abandoning module VariantManagerContent (58)
[2023.10.09-09.57.01:308][  0]LogModuleManager: Shutting down and abandoning module DatasmithContent (56)
[2023.10.09-09.57.01:309][  0]LogModuleManager: Shutting down and abandoning module NiagaraVertexFactories (54)
[2023.10.09-09.57.01:309][  0]LogModuleManager: Shutting down and abandoning module NiagaraShader (52)
[2023.10.09-09.57.01:309][  0]LogModuleManager: Shutting down and abandoning module PixWinPlugin (50)
[2023.10.09-09.57.01:309][  0]LogModuleManager: Shutting down and abandoning module AISupportModule (48)
[2023.10.09-09.57.01:309][  0]LogModuleManager: Shutting down and abandoning module PythonScriptPluginPreload (46)
[2023.10.09-09.57.01:309][  0]LogModuleManager: Shutting down and abandoning module PlatformCryptoOpenSSL (44)
[2023.10.09-09.57.01:310][  0]LogModuleManager: Shutting down and abandoning module PlatformCryptoTypes (42)
[2023.10.09-09.57.01:310][  0]LogModuleManager: Shutting down and abandoning module PlatformCrypto (40)
[2023.10.09-09.57.01:310][  0]LogModuleManager: Shutting down and abandoning module OodleDataCompressionFormat (38)
[2023.10.09-09.57.01:312][  0]LogModuleManager: Shutting down and abandoning module XGEController (36)
[2023.10.09-09.57.01:312][  0]LogXGEController: Cannot use XGE Controller as Incredibuild is not installed on this machine.
[2023.10.09-09.57.01:312][  0]LogXGEController: Cleaning working directory: C:/Users/s.dronskiy/AppData/Local/Temp/UnrealXGEWorkingDir/
[2023.10.09-09.57.01:313][  0]LogModuleManager: Shutting down and abandoning module AnimationModifiers (34)
[2023.10.09-09.57.01:315][  0]LogModuleManager: Shutting down and abandoning module AudioEditor (32)
[2023.10.09-09.57.01:317][  0]LogModuleManager: Shutting down and abandoning module PropertyEditor (31)
[2023.10.09-09.57.01:321][  0]LogModuleManager: Shutting down and abandoning module TextureCompressor (28)
[2023.10.09-09.57.01:322][  0]LogModuleManager: Shutting down and abandoning module RenderCore (26)
[2023.10.09-09.57.01:322][  0]LogModuleManager: Shutting down and abandoning module Landscape (24)
[2023.10.09-09.57.01:322][  0]LogModuleManager: Shutting down and abandoning module SlateRHIRenderer (22)
[2023.10.09-09.57.01:322][  0]LogModuleManager: Shutting down and abandoning module AnimGraphRuntime (20)
[2023.10.09-09.57.01:325][  0]LogModuleManager: Shutting down and abandoning module Renderer (18)
[2023.10.09-09.57.01:326][  0]LogModuleManager: Shutting down and abandoning module Engine (16)
[2023.10.09-09.57.01:326][  0]LogModuleManager: Shutting down and abandoning module CoreUObject (14)
[2023.10.09-09.57.01:326][  0]LogModuleManager: Shutting down and abandoning module NetworkFile (12)
[2023.10.09-09.57.01:327][  0]LogModuleManager: Shutting down and abandoning module CookedIterativeFile (10)
[2023.10.09-09.57.01:327][  0]LogModuleManager: Shutting down and abandoning module StreamingFile (8)
[2023.10.09-09.57.01:327][  0]LogModuleManager: Shutting down and abandoning module SandboxFile (6)
[2023.10.09-09.57.01:328][  0]LogModuleManager: Shutting down and abandoning module PakFile (4)
[2023.10.09-09.57.01:332][  0]LogModuleManager: Shutting down and abandoning module RSA (3)
[2023.10.09-09.57.01:722][  0]LogContentStreaming: Display: There are 1 unreleased StreamingManagers
[2023.10.09-09.57.01:738][  0]LogExit: Exiting.
[2023.10.09-09.57.01:756][  0]Log file closed, 10/09/23 12:57:01
