Log file open, 10/09/23 12:43:57
LogWindows: Failed to load 'aqProf.dll' (GetLastError=126)
LogWindows: File 'aqProf.dll' does not exist
LogWindows: Failed to load 'VtuneApi.dll' (GetLastError=126)
LogWindows: File 'VtuneApi.dll' does not exist
LogWindows: Failed to load 'VtuneApi32e.dll' (GetLastError=126)
LogWindows: File 'VtuneApi32e.dll' does not exist
LogConsoleResponse: Display: Failed to find resolution value strings in scalability ini. Falling back to default.
LogConsoleResponse: Display: Failed to find resolution value strings in scalability ini. Falling back to default.
LogInit: Display: Running engine for game: CppTPS
LogPlatformFile: Not using cached read wrapper
LogTaskGraph: Started task graph with 5 named threads and 35 total threads with 3 sets of task threads.
LogStats: Stats thread started at 1.143632
LogICUInternationalization: ICU TimeZone Detection - Raw Offset: +3:00, Platform Override: ''
LogInit: Display: Loading text-based GConfig....
LogPluginManager: Mounting plugin MeshPainting
LogPluginManager: Mounting plugin XGEController
LogPluginManager: Mounting plugin Paper2D
LogPluginManager: Mounting plugin AISupport
LogPluginManager: Mounting plugin EnvironmentQueryEditor
LogPluginManager: Mounting plugin LightPropagationVolume
LogPluginManager: Mounting plugin AnimationSharing
LogPluginManager: Mounting plugin CodeLiteSourceCodeAccess
LogPluginManager: Mounting plugin CLionSourceCodeAccess
LogPluginManager: Mounting plugin GitSourceControl
LogPluginManager: Mounting plugin KDevelopSourceCodeAccess
LogPluginManager: Mounting plugin NullSourceCodeAccess
LogPluginManager: Mounting plugin PerforceSourceControl
LogPluginManager: Mounting plugin PixWinPlugin
LogPluginManager: Mounting plugin PlasticSourceControl
LogPluginManager: Mounting plugin PluginUtils
LogPluginManager: Mounting plugin PropertyAccessNode
LogPluginManager: Mounting plugin TextureFormatOodle
LogPluginManager: Mounting plugin RiderSourceCodeAccess
LogPluginManager: Mounting plugin SubversionSourceControl
LogPluginManager: Mounting plugin UObjectPlugin
LogPluginManager: Mounting plugin VisualStudioCodeSourceCodeAccess
LogPluginManager: Mounting plugin XCodeSourceCodeAccess
LogPluginManager: Mounting plugin VisualStudioSourceCodeAccess
LogPluginManager: Mounting plugin CameraShakePreviewer
LogPluginManager: Mounting plugin GameplayCameras
LogPluginManager: Mounting plugin AssetManagerEditor
LogPluginManager: Mounting plugin CryptoKeys
LogPluginManager: Mounting plugin CurveEditorTools
LogPluginManager: Mounting plugin DataValidation
LogPluginManager: Mounting plugin FacialAnimation
LogPluginManager: Mounting plugin GameplayTagsEditor
LogPluginManager: Mounting plugin GeometryMode
LogPluginManager: Mounting plugin MaterialAnalyzer
LogPluginManager: Mounting plugin MacGraphicsSwitching
LogPluginManager: Mounting plugin MobileLauncherProfileWizard
LogPluginManager: Mounting plugin PluginBrowser
LogPluginManager: Mounting plugin SpeedTreeImporter
LogPluginManager: Mounting plugin Niagara
LogPluginManager: Mounting plugin AlembicImporter
LogPluginManager: Mounting plugin AutomationUtils
LogPluginManager: Mounting plugin BackChannel
LogPluginManager: Mounting plugin ChaosCloth
LogPluginManager: Mounting plugin ChaosClothEditor
LogPluginManager: Mounting plugin ChaosNiagara
LogPluginManager: Mounting plugin ChaosEditor
LogPluginManager: Mounting plugin ChaosSolverPlugin
LogPluginManager: Mounting plugin CharacterAI
LogPluginManager: Mounting plugin GeometryCache
LogPluginManager: Mounting plugin GeometryCollectionPlugin
LogPluginManager: Mounting plugin GeometryProcessing
LogPluginManager: Mounting plugin MotoSynth
LogPluginManager: Mounting plugin OpenImageDenoise
LogPluginManager: Mounting plugin PlatformCrypto
LogPluginManager: Mounting plugin ProxyLODPlugin
LogPluginManager: Mounting plugin PlanarCut
LogPluginManager: Mounting plugin PythonScriptPlugin
LogPluginManager: Mounting plugin DatasmithContent
LogPluginManager: Mounting plugin SkeletalReduction
LogPluginManager: Mounting plugin VariantManagerContent
LogPluginManager: Mounting plugin LuminPlatformFeatures
LogPluginManager: Mounting plugin MagicLeap
LogPluginManager: Mounting plugin MagicLeapLightEstimation
LogPluginManager: Mounting plugin MagicLeapMedia
LogPluginManager: Mounting plugin MagicLeapPassableWorld
LogPluginManager: Mounting plugin MLSDK
LogPluginManager: Mounting plugin AndroidMedia
LogPluginManager: Mounting plugin AvfMedia
LogPluginManager: Mounting plugin ImgMedia
LogPluginManager: Mounting plugin MediaCompositing
LogPluginManager: Mounting plugin MediaPlayerEditor
LogPluginManager: Mounting plugin WebMMedia
LogPluginManager: Mounting plugin WmfMedia
LogPluginManager: Mounting plugin ActorSequence
LogPluginManager: Mounting plugin OnlineSubsystem
LogPluginManager: Mounting plugin LevelSequenceEditor
LogPluginManager: Mounting plugin MatineeToLevelSequence
LogPluginManager: Mounting plugin OnlineSubsystemNull
LogPluginManager: Mounting plugin TemplateSequence
LogPluginManager: Mounting plugin OnlineSubsystemUtils
LogPluginManager: Mounting plugin OodleData
LogPluginManager: Mounting plugin LauncherChunkInstaller
LogPluginManager: Mounting plugin OodleNetwork
LogPluginManager: Mounting plugin ActorLayerUtilities
LogPluginManager: Mounting plugin AndroidDeviceProfileSelector
LogPluginManager: Mounting plugin AndroidMoviePlayer
LogPluginManager: Mounting plugin AndroidPermission
LogPluginManager: Mounting plugin AppleImageUtils
LogPluginManager: Mounting plugin AppleMoviePlayer
LogPluginManager: Mounting plugin ArchVisCharacter
LogPluginManager: Mounting plugin AssetTags
LogPluginManager: Mounting plugin AudioCapture
LogPluginManager: Mounting plugin AudioSynesthesia
LogPluginManager: Mounting plugin CableComponent
LogPluginManager: Mounting plugin ChunkDownloader
LogPluginManager: Mounting plugin CustomMeshComponent
LogPluginManager: Mounting plugin ExampleDeviceProfileSelector
LogPluginManager: Mounting plugin EditableMesh
LogPluginManager: Mounting plugin GoogleCloudMessaging
LogPluginManager: Mounting plugin GooglePAD
LogPluginManager: Mounting plugin IOSDeviceProfileSelector
LogPluginManager: Mounting plugin LinuxDeviceProfileSelector
LogPluginManager: Mounting plugin LocationServicesBPLibrary
LogPluginManager: Mounting plugin MobilePatchingUtils
LogPluginManager: Mounting plugin OpenXR
LogPluginManager: Mounting plugin OpenXRHandTracking
LogPluginManager: Mounting plugin OpenXREyeTracker
LogPluginManager: Mounting plugin PhysXVehicles
LogPluginManager: Mounting plugin ScreenshotTools
LogPluginManager: Mounting plugin PostSplashScreen
LogPluginManager: Mounting plugin ProceduralMeshComponent
LogPluginManager: Mounting plugin PropertyAccessEditor
LogPluginManager: Mounting plugin SignificanceManager
LogPluginManager: Mounting plugin RuntimePhysXCooking
LogPluginManager: Mounting plugin SoundFields
LogPluginManager: Mounting plugin Synthesis
LogPluginManager: Mounting plugin WebMMoviePlayer
LogPluginManager: Mounting plugin WindowsMoviePlayer
LogPluginManager: Mounting plugin Takes
LogPluginManager: Mounting plugin TcpMessaging
LogPluginManager: Mounting plugin UdpMessaging
LogPluginManager: Mounting plugin LiveLink
LogPluginManager: Mounting plugin ContentBrowserAssetDataSource
LogPluginManager: Mounting plugin ContentBrowserClassDataSource
LogPluginManager: Mounting plugin ContentBrowserFileDataSource
LogPluginManager: Mounting plugin OnlineSubsystemGooglePlay
LogPluginManager: Mounting plugin OnlineSubsystemIOS
LogPluginManager: Mounting plugin OculusVR
LogPluginManager: Mounting plugin SteamVR
LogPluginManager: Mounting plugin WoodyQuests
PixWinPlugin: PIX capture plugin failed to initialize! Check that the process is launched from PIX.
LogInit: Using libcurl 7.55.1-DEV
LogInit:  - built for x86_64-pc-win32
LogInit:  - supports SSL with OpenSSL/1.1.1
LogInit:  - supports HTTP deflate (compression) using libz 1.2.8
LogInit:  - other features:
LogInit:      CURL_VERSION_SSL
LogInit:      CURL_VERSION_LIBZ
LogInit:      CURL_VERSION_IPV6
LogInit:      CURL_VERSION_ASYNCHDNS
LogInit:      CURL_VERSION_LARGEFILE
LogInit:      CURL_VERSION_IDN
LogInit:  CurlRequestOptions (configurable via config and command line):
LogInit:  - bVerifyPeer = true  - Libcurl will verify peer certificate
LogInit:  - bUseHttpProxy = false  - Libcurl will NOT use HTTP proxy
LogInit:  - bDontReuseConnections = false  - Libcurl will reuse connections
LogInit:  - MaxHostConnections = 16  - Libcurl will limit the number of connections to a host
LogInit:  - LocalHostAddr = Default
LogInit:  - BufferSize = 65536
LogOnline: OSS: Creating online subsystem instance for: NULL
LogInit: WinSock: version 1.1 (2.2), MaxSocks=32767, MaxUdp=65467
LogOnline: OSS: TryLoadSubsystemAndSetDefault: Loaded subsystem for module [NULL]
LogInit: Build: ++UE4+Release-4.27-CL-18319896
LogInit: Engine Version: 4.27.2-18319896+++UE4+Release-4.27
LogInit: Compatible Engine Version: 4.27.0-17155196+++UE4+Release-4.27
LogInit: Net CL: 17155196
LogInit: OS: Windows 10 (Release 2009) (), CPU: Intel(R) Core(TM) i5-10400 CPU @ 2.90GHz, GPU: Intel(R) UHD Graphics 630
LogInit: Compiled (64-bit): Nov 30 2021 07:12:08
LogInit: Compiled with Visual C++: 19.24.28315.00
LogInit: Build Configuration: Development
LogInit: Branch Name: ++UE4+Release-4.27
LogInit: Command Line:  "C:\Users\s.dronskiy\Documents\Unreal Projects\CppTPS\CppTPS.uproject" -run=VisualStudioTools -unattended -noshadercompile -nosound -nullrhi -nocpuprofilertrace -nocrashreports -nosplash -ddc=noshared -output=C:\Users\s.dronskiy\AppData\Local\Temp\tmp280F.tmp
LogInit: Base Directory: R:/Port/UE_4.27/Engine/Binaries/Win64/
LogInit: Allocator: TBB
LogInit: Installed Engine Build: 1
LogDevObjectVersion: Number of dev versions registered: 29
LogDevObjectVersion:   Dev-Blueprints (B0D832E4-1F89-4F0D-ACCF-7EB736FD4AA2): 10
LogDevObjectVersion:   Dev-Build (E1C64328-A22C-4D53-A36C-8E866417BD8C): 0
LogDevObjectVersion:   Dev-Core (375EC13C-06E4-48FB-B500-84F0262A717E): 4
LogDevObjectVersion:   Dev-Editor (E4B068ED-F494-42E9-A231-DA0B2E46BB41): 40
LogDevObjectVersion:   Dev-Framework (CFFC743F-43B0-4480-9391-14DF171D2073): 37
LogDevObjectVersion:   Dev-Mobile (B02B49B5-BB20-44E9-A304-32B752E40360): 3
LogDevObjectVersion:   Dev-Networking (A4E4105C-59A1-49B5-A7C5-40C4547EDFEE): 0
LogDevObjectVersion:   Dev-Online (39C831C9-5AE6-47DC-9A44-9C173E1C8E7C): 0
LogDevObjectVersion:   Dev-Physics (78F01B33-EBEA-4F98-B9B4-84EACCB95AA2): 14
LogDevObjectVersion:   Dev-Platform (6631380F-2D4D-43E0-8009-CF276956A95A): 0
LogDevObjectVersion:   Dev-Rendering (12F88B9F-8875-4AFC-A67C-D90C383ABD29): 45
LogDevObjectVersion:   Dev-Sequencer (7B5AE74C-D270-4C10-A958-57980B212A5A): 13
LogDevObjectVersion:   Dev-VR (D7296918-1DD6-4BDD-9DE2-64A83CC13884): 3
LogDevObjectVersion:   Dev-LoadTimes (C2A15278-BFE7-4AFE-6C17-90FF531DF755): 1
LogDevObjectVersion:   Private-Geometry (6EACA3D4-40EC-4CC1-B786-8BED09428FC5): 3
LogDevObjectVersion:   Dev-AnimPhys (29E575DD-E0A3-4627-9D10-D276232CDCEA): 17
LogDevObjectVersion:   Dev-Anim (AF43A65D-7FD3-4947-9873-3E8ED9C1BB05): 15
LogDevObjectVersion:   Dev-ReflectionCapture (6B266CEC-1EC7-4B8F-A30B-E4D90942FC07): 1
LogDevObjectVersion:   Dev-Automation (0DF73D61-A23F-47EA-B727-89E90C41499A): 1
LogDevObjectVersion:   FortniteMain (601D1886-AC64-4F84-AA16-D3DE0DEAC7D6): 47
LogDevObjectVersion:   FortniteRelease (E7086368-6B23-4C58-8439-1B7016265E91): 1
LogDevObjectVersion:   Dev-Enterprise (9DFFBCD6-494F-0158-E221-12823C92A888): 10
LogDevObjectVersion:   Dev-Niagara (F2AED0AC-9AFE-416F-8664-AA7FFA26D6FC): 1
LogDevObjectVersion:   Dev-Destruction (174F1F0B-B4C6-45A5-B13F-2EE8D0FB917D): 10
LogDevObjectVersion:   Dev-Physics-Ext (35F94A83-E258-406C-A318-09F59610247C): 41
LogDevObjectVersion:   Dev-PhysicsMaterial-Chaos (B68FC16E-8B1B-42E2-B453-215C058844FE): 1
LogDevObjectVersion:   Dev-CineCamera (B2E18506-4273-CFC2-A54E-F4BB758BBA07): 1
LogDevObjectVersion:   Dev-VirtualProduction (64F58936-FD1B-42BA-BA96-7289D5D0FA4E): 1
LogDevObjectVersion:   Dev-MediaFramework (6F0ED827-A609-4895-9C91-998D90180EA4): 2
LogInit: Presizing for max 25165824 objects, including 0 objects not considered by GC, pre-allocating 0 bytes for permanent pool.
LogConfig: Applying CVar settings from Section [/Script/Engine.StreamingSettings] File [C:/Users/s.dronskiy/Documents/Unreal Projects/CppTPS/Saved/Config/Windows/Engine.ini]
LogConfig: Setting CVar [[s.MinBulkDataSizeForAsyncLoading:131072]]
LogConfig: Setting CVar [[s.AsyncLoadingThreadEnabled:0]]
LogConfig: Setting CVar [[s.EventDrivenLoaderEnabled:1]]
LogConfig: Setting CVar [[s.WarnIfTimeLimitExceeded:0]]
LogConfig: Setting CVar [[s.TimeLimitExceededMultiplier:1.5]]
LogConfig: Setting CVar [[s.TimeLimitExceededMinTime:0.005]]
LogConfig: Setting CVar [[s.UseBackgroundLevelStreaming:1]]
LogConfig: Setting CVar [[s.PriorityAsyncLoadingExtraTime:15.0]]
LogConfig: Setting CVar [[s.LevelStreamingActorsUpdateTimeLimit:5.0]]
LogConfig: Setting CVar [[s.PriorityLevelStreamingActorsUpdateExtraTime:5.0]]
LogConfig: Setting CVar [[s.LevelStreamingComponentsRegistrationGranularity:10]]
LogConfig: Setting CVar [[s.UnregisterComponentsTimeLimit:1.0]]
LogConfig: Setting CVar [[s.LevelStreamingComponentsUnregistrationGranularity:5]]
LogConfig: Setting CVar [[s.FlushStreamingOnExit:1]]
LogInit: Object subsystem initialized
LogConfig: Setting CVar [[con.DebugEarlyDefault:1]]
LogConfig: Setting CVar [[r.setres:1280x720]]
[2023.10.09-09.44.01:050][  0]LogConfig: Setting CVar [[con.DebugEarlyDefault:1]]
[2023.10.09-09.44.01:050][  0]LogConfig: Setting CVar [[r.setres:1280x720]]
[2023.10.09-09.44.01:051][  0]LogConfig: Applying CVar settings from Section [/Script/Engine.RendererSettings] File [C:/Users/s.dronskiy/Documents/Unreal Projects/CppTPS/Saved/Config/Windows/Engine.ini]
[2023.10.09-09.44.01:051][  0]LogConfig: Setting CVar [[r.GPUCrashDebugging:0]]
[2023.10.09-09.44.01:051][  0]LogConfig: Setting CVar [[r.Mobile.DisableVertexFog:1]]
[2023.10.09-09.44.01:051][  0]LogConfig: Setting CVar [[r.Shadow.CSM.MaxMobileCascades:2]]
[2023.10.09-09.44.01:051][  0]LogConfig: Setting CVar [[r.MobileMSAA:1]]
[2023.10.09-09.44.01:051][  0]LogConfig: Setting CVar [[r.Mobile.AllowDitheredLODTransition:0]]
[2023.10.09-09.44.01:051][  0]LogConfig: Setting CVar [[r.Mobile.AllowSoftwareOcclusion:0]]
[2023.10.09-09.44.01:051][  0]LogConfig: Setting CVar [[r.Mobile.VirtualTextures:0]]
[2023.10.09-09.44.01:051][  0]LogConfig: Setting CVar [[r.DiscardUnusedQuality:0]]
[2023.10.09-09.44.01:051][  0]LogConfig: Setting CVar [[r.AllowOcclusionQueries:1]]
[2023.10.09-09.44.01:051][  0]LogConfig: Setting CVar [[r.MinScreenRadiusForLights:0.030000]]
[2023.10.09-09.44.01:051][  0]LogConfig: Setting CVar [[r.MinScreenRadiusForDepthPrepass:0.030000]]
[2023.10.09-09.44.01:051][  0]LogConfig: Setting CVar [[r.MinScreenRadiusForCSMDepth:0.010000]]
[2023.10.09-09.44.01:051][  0]LogConfig: Setting CVar [[r.PrecomputedVisibilityWarning:0]]
[2023.10.09-09.44.01:051][  0]LogConfig: Setting CVar [[r.TextureStreaming:1]]
[2023.10.09-09.44.01:051][  0]LogConfig: Setting CVar [[Compat.UseDXT5NormalMaps:0]]
[2023.10.09-09.44.01:052][  0]LogConfig: Setting CVar [[r.VirtualTextures:0]]
[2023.10.09-09.44.01:052][  0]LogConfig: Setting CVar [[r.VT.EnableAutoImport:1]]
[2023.10.09-09.44.01:052][  0]LogConfig: Setting CVar [[r.VirtualTexturedLightmaps:0]]
[2023.10.09-09.44.01:052][  0]LogConfig: Setting CVar [[r.VT.TileSize:128]]
[2023.10.09-09.44.01:052][  0]LogConfig: Setting CVar [[r.VT.TileBorderSize:4]]
[2023.10.09-09.44.01:052][  0]LogConfig: Setting CVar [[r.vt.FeedbackFactor:16]]
[2023.10.09-09.44.01:052][  0]LogConfig: Setting CVar [[r.VT.EnableCompressZlib:1]]
[2023.10.09-09.44.01:052][  0]LogConfig: Setting CVar [[r.VT.EnableCompressCrunch:0]]
[2023.10.09-09.44.01:052][  0]LogConfig: Setting CVar [[r.ClearCoatNormal:0]]
[2023.10.09-09.44.01:052][  0]LogConfig: Setting CVar [[r.ReflectionCaptureResolution:128]]
[2023.10.09-09.44.01:052][  0]LogConfig: Setting CVar [[r.Mobile.ReflectionCaptureCompression:0]]
[2023.10.09-09.44.01:052][  0]LogConfig: Setting CVar [[r.ReflectionEnvironmentLightmapMixBasedOnRoughness:1]]
[2023.10.09-09.44.01:052][  0]LogConfig: Setting CVar [[r.ForwardShading:0]]
[2023.10.09-09.44.01:052][  0]LogConfig: Setting CVar [[r.VertexFoggingForOpaque:1]]
[2023.10.09-09.44.01:052][  0]LogConfig: Setting CVar [[r.AllowStaticLighting:1]]
[2023.10.09-09.44.01:052][  0]LogConfig: Setting CVar [[r.NormalMapsForStaticLighting:0]]
[2023.10.09-09.44.01:052][  0]LogConfig: Setting CVar [[r.GenerateMeshDistanceFields:0]]
[2023.10.09-09.44.01:052][  0]LogConfig: Setting CVar [[r.DistanceFieldBuild.EightBit:0]]
[2023.10.09-09.44.01:052][  0]LogConfig: Setting CVar [[r.GenerateLandscapeGIData:0]]
[2023.10.09-09.44.01:052][  0]LogConfig: Setting CVar [[r.DistanceFieldBuild.Compress:0]]
[2023.10.09-09.44.01:052][  0]LogConfig: Setting CVar [[r.TessellationAdaptivePixelsPerTriangle:48.000000]]
[2023.10.09-09.44.01:052][  0]LogConfig: Setting CVar [[r.SeparateTranslucency:1]]
[2023.10.09-09.44.01:052][  0]LogConfig: Setting CVar [[r.TranslucentSortPolicy:0]]
[2023.10.09-09.44.01:052][  0]LogConfig: Setting CVar [[vr.VRS.HMDFixedFoveationLevel:0]]
[2023.10.09-09.44.01:052][  0]LogConfig: Setting CVar [[r.CustomDepth:1]]
[2023.10.09-09.44.01:052][  0]LogConfig: Setting CVar [[r.CustomDepthTemporalAAJitter:1]]
[2023.10.09-09.44.01:052][  0]LogConfig: Setting CVar [[r.PostProcessing.PropagateAlpha:0]]
[2023.10.09-09.44.01:052][  0]LogConfig: Setting CVar [[r.DefaultFeature.Bloom:1]]
[2023.10.09-09.44.01:052][  0]LogConfig: Setting CVar [[r.DefaultFeature.AmbientOcclusion:1]]
[2023.10.09-09.44.01:052][  0]LogConfig: Setting CVar [[r.DefaultFeature.AmbientOcclusionStaticFraction:1]]
[2023.10.09-09.44.01:052][  0]LogConfig: Setting CVar [[r.DefaultFeature.AutoExposure:0]]
[2023.10.09-09.44.01:052][  0]LogConfig: Setting CVar [[r.DefaultFeature.AutoExposure.Method:0]]
[2023.10.09-09.44.01:052][  0]LogConfig: Setting CVar [[r.DefaultFeature.AutoExposure.Bias:1.000000]]
[2023.10.09-09.44.01:052][  0]LogConfig: Setting CVar [[r.DefaultFeature.AutoExposure.ExtendDefaultLuminanceRange:0]]
[2023.10.09-09.44.01:052][  0]LogConfig: Setting CVar [[r.UsePreExposure:1]]
[2023.10.09-09.44.01:052][  0]LogConfig: Setting CVar [[r.EyeAdaptation.EditorOnly:0]]
[2023.10.09-09.44.01:052][  0]LogConfig: Setting CVar [[r.DefaultFeature.MotionBlur:0]]
[2023.10.09-09.44.01:052][  0]LogConfig: Setting CVar [[r.DefaultFeature.LensFlare:0]]
[2023.10.09-09.44.01:052][  0]LogConfig: Setting CVar [[r.TemporalAA.Upsampling:0]]
[2023.10.09-09.44.01:052][  0]LogConfig: Setting CVar [[r.SSGI.Enable:0]]
[2023.10.09-09.44.01:052][  0]LogConfig: Setting CVar [[r.DefaultFeature.AntiAliasing:0]]
[2023.10.09-09.44.01:052][  0]LogConfig: Setting CVar [[r.DefaultFeature.LightUnits:1]]
[2023.10.09-09.44.01:052][  0]LogConfig: Setting CVar [[r.DefaultBackBufferPixelFormat:4]]
[2023.10.09-09.44.01:052][  0]LogConfig: Setting CVar [[r.Shadow.UnbuiltPreviewInGame:1]]
[2023.10.09-09.44.01:052][  0]LogConfig: Setting CVar [[r.StencilForLODDither:0]]
[2023.10.09-09.44.01:052][  0]LogConfig: Setting CVar [[r.EarlyZPass:3]]
[2023.10.09-09.44.01:058][  0]LogConfig: Setting CVar [[r.EarlyZPassOnlyMaterialMasking:0]]
[2023.10.09-09.44.01:058][  0]LogConfig: Setting CVar [[r.DBuffer:1]]
[2023.10.09-09.44.01:058][  0]LogConfig: Setting CVar [[r.ClearSceneMethod:1]]
[2023.10.09-09.44.01:058][  0]LogConfig: Setting CVar [[r.BasePassOutputsVelocity:0]]
[2023.10.09-09.44.01:058][  0]LogConfig: Setting CVar [[r.VertexDeformationOutputsVelocity:0]]
[2023.10.09-09.44.01:058][  0]LogConfig: Setting CVar [[r.SelectiveBasePassOutputs:0]]
[2023.10.09-09.44.01:058][  0]LogConfig: Setting CVar [[fx.GPUSimulationTextureSizeX:1024]]
[2023.10.09-09.44.01:058][  0]LogConfig: Setting CVar [[fx.GPUSimulationTextureSizeY:1024]]
[2023.10.09-09.44.01:058][  0]LogConfig: Setting CVar [[r.AllowGlobalClipPlane:0]]
[2023.10.09-09.44.01:058][  0]LogConfig: Setting CVar [[r.GBufferFormat:1]]
[2023.10.09-09.44.01:058][  0]LogConfig: Setting CVar [[r.MorphTarget.Mode:1]]
[2023.10.09-09.44.01:058][  0]LogConfig: Setting CVar [[vr.InstancedStereo:0]]
[2023.10.09-09.44.01:058][  0]LogConfig: Setting CVar [[r.MobileHDR:1]]
[2023.10.09-09.44.01:058][  0]LogConfig: Setting CVar [[vr.MobileMultiView:0]]
[2023.10.09-09.44.01:058][  0]LogConfig: Setting CVar [[r.Mobile.UseHWsRGBEncoding:0]]
[2023.10.09-09.44.01:058][  0]LogConfig: Setting CVar [[vr.RoundRobinOcclusion:0]]
[2023.10.09-09.44.01:058][  0]LogConfig: Setting CVar [[vr.ODSCapture:0]]
[2023.10.09-09.44.01:058][  0]LogConfig: Setting CVar [[r.MeshStreaming:0]]
[2023.10.09-09.44.01:058][  0]LogConfig: Setting CVar [[r.WireframeCullThreshold:5.000000]]
[2023.10.09-09.44.01:058][  0]LogConfig: Setting CVar [[r.RayTracing:0]]
[2023.10.09-09.44.01:058][  0]LogConfig: Setting CVar [[r.RayTracing.UseTextureLod:0]]
[2023.10.09-09.44.01:058][  0]LogConfig: Setting CVar [[r.SupportStationarySkylight:1]]
[2023.10.09-09.44.01:058][  0]LogConfig: Setting CVar [[r.SupportLowQualityLightmaps:1]]
[2023.10.09-09.44.01:058][  0]LogConfig: Setting CVar [[r.SupportPointLightWholeSceneShadows:1]]
[2023.10.09-09.44.01:058][  0]LogConfig: Setting CVar [[r.SupportAtmosphericFog:1]]
[2023.10.09-09.44.01:058][  0]LogConfig: Setting CVar [[r.SupportSkyAtmosphere:1]]
[2023.10.09-09.44.01:058][  0]LogConfig: Setting CVar [[r.SupportSkyAtmosphereAffectsHeightFog:0]]
[2023.10.09-09.44.01:058][  0]LogConfig: Setting CVar [[r.SkinCache.CompileShaders:0]]
[2023.10.09-09.44.01:058][  0]LogConfig: Setting CVar [[r.SkinCache.DefaultBehavior:1]]
[2023.10.09-09.44.01:058][  0]LogConfig: Setting CVar [[r.SkinCache.SceneMemoryLimitInMB:128.000000]]
[2023.10.09-09.44.01:058][  0]LogConfig: Setting CVar [[r.Mobile.EnableStaticAndCSMShadowReceivers:1]]
[2023.10.09-09.44.01:058][  0]LogConfig: Setting CVar [[r.Mobile.EnableMovableLightCSMShaderCulling:1]]
[2023.10.09-09.44.01:058][  0]LogConfig: Setting CVar [[r.Mobile.AllowDistanceFieldShadows:1]]
[2023.10.09-09.44.01:058][  0]LogConfig: Setting CVar [[r.Mobile.AllowMovableDirectionalLights:1]]
[2023.10.09-09.44.01:058][  0]LogConfig: Setting CVar [[r.MobileNumDynamicPointLights:4]]
[2023.10.09-09.44.01:058][  0]LogConfig: Setting CVar [[r.MobileDynamicPointLightsUseStaticBranch:1]]
[2023.10.09-09.44.01:058][  0]LogConfig: Setting CVar [[r.Mobile.EnableMovableSpotlights:0]]
[2023.10.09-09.44.01:058][  0]LogConfig: Setting CVar [[r.Mobile.EnableMovableSpotlightsShadow:0]]
[2023.10.09-09.44.01:058][  0]LogConfig: Setting CVar [[r.GPUSkin.Support16BitBoneIndex:0]]
[2023.10.09-09.44.01:058][  0]LogConfig: Setting CVar [[r.GPUSkin.Limit2BoneInfluences:0]]
[2023.10.09-09.44.01:058][  0]LogConfig: Setting CVar [[r.SupportDepthOnlyIndexBuffers:1]]
[2023.10.09-09.44.01:058][  0]LogConfig: Setting CVar [[r.SupportReversedIndexBuffers:1]]
[2023.10.09-09.44.01:058][  0]LogConfig: Setting CVar [[r.LightPropagationVolume:0]]
[2023.10.09-09.44.01:058][  0]LogConfig: Setting CVar [[r.Mobile.AmbientOcclusion:0]]
[2023.10.09-09.44.01:058][  0]LogConfig: Setting CVar [[r.GPUSkin.UnlimitedBoneInfluences:0]]
[2023.10.09-09.44.01:058][  0]LogConfig: Setting CVar [[r.GPUSkin.UnlimitedBoneInfluencesThreshold:8]]
[2023.10.09-09.44.01:058][  0]LogConfig: Setting CVar [[r.Mobile.PlanarReflectionMode:0]]
[2023.10.09-09.44.01:058][  0]LogConfig: Setting CVar [[r.Mobile.SupportsGen4TAA:0]]
[2023.10.09-09.44.01:058][  0]LogConfig: Applying CVar settings from Section [/Script/Engine.RendererOverrideSettings] File [C:/Users/s.dronskiy/Documents/Unreal Projects/CppTPS/Saved/Config/Windows/Engine.ini]
[2023.10.09-09.44.01:058][  0]LogConfig: Applying CVar settings from Section [/Script/Engine.StreamingSettings] File [C:/Users/s.dronskiy/Documents/Unreal Projects/CppTPS/Saved/Config/Windows/Engine.ini]
[2023.10.09-09.44.01:058][  0]LogConfig: Setting CVar [[s.MinBulkDataSizeForAsyncLoading:131072]]
[2023.10.09-09.44.01:058][  0]LogConfig: Setting CVar [[s.AsyncLoadingThreadEnabled:0]]
[2023.10.09-09.44.01:058][  0]LogConfig: Setting CVar [[s.EventDrivenLoaderEnabled:1]]
[2023.10.09-09.44.01:058][  0]LogConfig: Setting CVar [[s.WarnIfTimeLimitExceeded:0]]
[2023.10.09-09.44.01:058][  0]LogConfig: Setting CVar [[s.TimeLimitExceededMultiplier:1.5]]
[2023.10.09-09.44.01:058][  0]LogConfig: Setting CVar [[s.TimeLimitExceededMinTime:0.005]]
[2023.10.09-09.44.01:058][  0]LogConfig: Setting CVar [[s.UseBackgroundLevelStreaming:1]]
[2023.10.09-09.44.01:058][  0]LogConfig: Setting CVar [[s.PriorityAsyncLoadingExtraTime:15.0]]
[2023.10.09-09.44.01:058][  0]LogConfig: Setting CVar [[s.LevelStreamingActorsUpdateTimeLimit:5.0]]
[2023.10.09-09.44.01:058][  0]LogConfig: Setting CVar [[s.PriorityLevelStreamingActorsUpdateExtraTime:5.0]]
[2023.10.09-09.44.01:058][  0]LogConfig: Setting CVar [[s.LevelStreamingComponentsRegistrationGranularity:10]]
[2023.10.09-09.44.01:058][  0]LogConfig: Setting CVar [[s.UnregisterComponentsTimeLimit:1.0]]
[2023.10.09-09.44.01:058][  0]LogConfig: Setting CVar [[s.LevelStreamingComponentsUnregistrationGranularity:5]]
[2023.10.09-09.44.01:059][  0]LogConfig: Setting CVar [[s.FlushStreamingOnExit:1]]
[2023.10.09-09.44.01:059][  0]LogConfig: Applying CVar settings from Section [/Script/Engine.GarbageCollectionSettings] File [C:/Users/s.dronskiy/Documents/Unreal Projects/CppTPS/Saved/Config/Windows/Engine.ini]
[2023.10.09-09.44.01:059][  0]LogConfig: Setting CVar [[gc.MaxObjectsNotConsideredByGC:1]]
[2023.10.09-09.44.01:059][  0]LogConfig: Setting CVar [[gc.SizeOfPermanentObjectPool:0]]
[2023.10.09-09.44.01:059][  0]LogConfig: Setting CVar [[gc.FlushStreamingOnGC:0]]
[2023.10.09-09.44.01:059][  0]LogConfig: Setting CVar [[gc.NumRetriesBeforeForcingGC:10]]
[2023.10.09-09.44.01:059][  0]LogConfig: Setting CVar [[gc.AllowParallelGC:1]]
[2023.10.09-09.44.01:059][  0]LogConfig: Setting CVar [[gc.TimeBetweenPurgingPendingKillObjects:61.1]]
[2023.10.09-09.44.01:059][  0]LogConfig: Setting CVar [[gc.MaxObjectsInEditor:25165824]]
[2023.10.09-09.44.01:059][  0]LogConfig: Setting CVar [[gc.IncrementalBeginDestroyEnabled:1]]
[2023.10.09-09.44.01:059][  0]LogConfig: Setting CVar [[gc.CreateGCClusters:1]]
[2023.10.09-09.44.01:059][  0]LogConfig: Setting CVar [[gc.MinGCClusterSize:5]]
[2023.10.09-09.44.01:059][  0]LogConfig: Setting CVar [[gc.ActorClusteringEnabled:0]]
[2023.10.09-09.44.01:059][  0]LogConfig: Setting CVar [[gc.BlueprintClusteringEnabled:0]]
[2023.10.09-09.44.01:059][  0]LogConfig: Setting CVar [[gc.UseDisregardForGCOnDedicatedServers:0]]
[2023.10.09-09.44.01:059][  0]LogConfig: Setting CVar [[gc.MultithreadedDestructionEnabled:1]]
[2023.10.09-09.44.01:059][  0]LogConfig: Applying CVar settings from Section [/Script/Engine.NetworkSettings] File [C:/Users/s.dronskiy/Documents/Unreal Projects/CppTPS/Saved/Config/Windows/Engine.ini]
[2023.10.09-09.44.01:059][  0]LogConfig: Applying CVar settings from Section [/Script/UnrealEd.CookerSettings] File [C:/Users/s.dronskiy/Documents/Unreal Projects/CppTPS/Saved/Config/Windows/Engine.ini]
[2023.10.09-09.44.01:061][  0]LogConfig: Applying CVar settings from Section [ViewDistanceQuality@3] File [C:/Users/s.dronskiy/Documents/Unreal Projects/CppTPS/Saved/Config/Windows/Scalability.ini]
[2023.10.09-09.44.01:061][  0]LogConfig: Setting CVar [[r.SkeletalMeshLODBias:0]]
[2023.10.09-09.44.01:061][  0]LogConfig: Setting CVar [[r.ViewDistanceScale:1.0]]
[2023.10.09-09.44.01:061][  0]LogConfig: Applying CVar settings from Section [AntiAliasingQuality@3] File [C:/Users/s.dronskiy/Documents/Unreal Projects/CppTPS/Saved/Config/Windows/Scalability.ini]
[2023.10.09-09.44.01:061][  0]LogConfig: Setting CVar [[r.PostProcessAAQuality:4]]
[2023.10.09-09.44.01:061][  0]LogConfig: Applying CVar settings from Section [ShadowQuality@3] File [C:/Users/s.dronskiy/Documents/Unreal Projects/CppTPS/Saved/Config/Windows/Scalability.ini]
[2023.10.09-09.44.01:061][  0]LogConfig: Setting CVar [[r.LightFunctionQuality:1]]
[2023.10.09-09.44.01:061][  0]LogConfig: Setting CVar [[r.ShadowQuality:5]]
[2023.10.09-09.44.01:061][  0]LogConfig: Setting CVar [[r.Shadow.CSM.MaxCascades:10]]
[2023.10.09-09.44.01:061][  0]LogConfig: Setting CVar [[r.Shadow.MaxResolution:2048]]
[2023.10.09-09.44.01:061][  0]LogConfig: Setting CVar [[r.Shadow.MaxCSMResolution:2048]]
[2023.10.09-09.44.01:061][  0]LogConfig: Setting CVar [[r.Shadow.RadiusThreshold:0.01]]
[2023.10.09-09.44.01:062][  0]LogConfig: Setting CVar [[r.Shadow.DistanceScale:1.0]]
[2023.10.09-09.44.01:062][  0]LogConfig: Setting CVar [[r.Shadow.CSM.TransitionScale:1.0]]
[2023.10.09-09.44.01:062][  0]LogConfig: Setting CVar [[r.Shadow.PreShadowResolutionFactor:1.0]]
[2023.10.09-09.44.01:062][  0]LogConfig: Setting CVar [[r.DistanceFieldShadowing:1]]
[2023.10.09-09.44.01:062][  0]LogConfig: Setting CVar [[r.DistanceFieldAO:1]]
[2023.10.09-09.44.01:062][  0]LogConfig: Setting CVar [[r.AOQuality:2]]
[2023.10.09-09.44.01:062][  0]LogConfig: Setting CVar [[r.VolumetricFog:1]]
[2023.10.09-09.44.01:062][  0]LogConfig: Setting CVar [[r.VolumetricFog.GridPixelSize:8]]
[2023.10.09-09.44.01:062][  0]LogConfig: Setting CVar [[r.VolumetricFog.GridSizeZ:128]]
[2023.10.09-09.44.01:062][  0]LogConfig: Setting CVar [[r.VolumetricFog.HistoryMissSupersampleCount:4]]
[2023.10.09-09.44.01:062][  0]LogConfig: Setting CVar [[r.LightMaxDrawDistanceScale:1]]
[2023.10.09-09.44.01:062][  0]LogConfig: Setting CVar [[r.CapsuleShadows:1]]
[2023.10.09-09.44.01:062][  0]LogConfig: Applying CVar settings from Section [PostProcessQuality@3] File [C:/Users/s.dronskiy/Documents/Unreal Projects/CppTPS/Saved/Config/Windows/Scalability.ini]
[2023.10.09-09.44.01:062][  0]LogConfig: Setting CVar [[r.MotionBlurQuality:4]]
[2023.10.09-09.44.01:062][  0]LogConfig: Setting CVar [[r.AmbientOcclusionMipLevelFactor:0.4]]
[2023.10.09-09.44.01:062][  0]LogConfig: Setting CVar [[r.AmbientOcclusionMaxQuality:100]]
[2023.10.09-09.44.01:062][  0]LogConfig: Setting CVar [[r.AmbientOcclusionLevels:-1]]
[2023.10.09-09.44.01:062][  0]LogConfig: Setting CVar [[r.AmbientOcclusionRadiusScale:1.0]]
[2023.10.09-09.44.01:062][  0]LogConfig: Setting CVar [[r.DepthOfFieldQuality:2]]
[2023.10.09-09.44.01:062][  0]LogConfig: Setting CVar [[r.RenderTargetPoolMin:400]]
[2023.10.09-09.44.01:062][  0]LogConfig: Setting CVar [[r.LensFlareQuality:2]]
[2023.10.09-09.44.01:062][  0]LogConfig: Setting CVar [[r.SceneColorFringeQuality:1]]
[2023.10.09-09.44.01:062][  0]LogConfig: Setting CVar [[r.EyeAdaptationQuality:2]]
[2023.10.09-09.44.01:062][  0]LogConfig: Setting CVar [[r.BloomQuality:5]]
[2023.10.09-09.44.01:062][  0]LogConfig: Setting CVar [[r.FastBlurThreshold:100]]
[2023.10.09-09.44.01:062][  0]LogConfig: Setting CVar [[r.Upscale.Quality:3]]
[2023.10.09-09.44.01:062][  0]LogConfig: Setting CVar [[r.Tonemapper.GrainQuantization:1]]
[2023.10.09-09.44.01:062][  0]LogConfig: Setting CVar [[r.LightShaftQuality:1]]
[2023.10.09-09.44.01:062][  0]LogConfig: Setting CVar [[r.Filter.SizeScale:1]]
[2023.10.09-09.44.01:062][  0]LogConfig: Setting CVar [[r.Tonemapper.Quality:5]]
[2023.10.09-09.44.01:062][  0]LogConfig: Setting CVar [[r.DOF.Gather.AccumulatorQuality:1        ; higher gathering accumulator quality]]
[2023.10.09-09.44.01:062][  0]LogConfig: Setting CVar [[r.DOF.Gather.PostfilterMethod:1          ; Median3x3 postfilering method]]
[2023.10.09-09.44.01:062][  0]LogConfig: Setting CVar [[r.DOF.Gather.EnableBokehSettings:0       ; no bokeh simulation when gathering]]
[2023.10.09-09.44.01:062][  0]LogConfig: Setting CVar [[r.DOF.Gather.RingCount:4                 ; medium number of samples when gathering]]
[2023.10.09-09.44.01:062][  0]LogConfig: Setting CVar [[r.DOF.Scatter.ForegroundCompositing:1    ; additive foreground scattering]]
[2023.10.09-09.44.01:062][  0]LogConfig: Setting CVar [[r.DOF.Scatter.BackgroundCompositing:2    ; additive background scattering]]
[2023.10.09-09.44.01:062][  0]LogConfig: Setting CVar [[r.DOF.Scatter.EnableBokehSettings:1      ; bokeh simulation when scattering]]
[2023.10.09-09.44.01:062][  0]LogConfig: Setting CVar [[r.DOF.Scatter.MaxSpriteRatio:0.1         ; only a maximum of 10% of scattered bokeh]]
[2023.10.09-09.44.01:062][  0]LogConfig: Setting CVar [[r.DOF.Recombine.Quality:1                ; cheap slight out of focus]]
[2023.10.09-09.44.01:062][  0]LogConfig: Setting CVar [[r.DOF.Recombine.EnableBokehSettings:0    ; no bokeh simulation on slight out of focus]]
[2023.10.09-09.44.01:062][  0]LogConfig: Setting CVar [[r.DOF.TemporalAAQuality:1                ; more stable temporal accumulation]]
[2023.10.09-09.44.01:062][  0]LogConfig: Setting CVar [[r.DOF.Kernel.MaxForegroundRadius:0.025]]
[2023.10.09-09.44.01:062][  0]LogConfig: Setting CVar [[r.DOF.Kernel.MaxBackgroundRadius:0.025]]
[2023.10.09-09.44.01:062][  0]LogConfig: Applying CVar settings from Section [TextureQuality@3] File [C:/Users/s.dronskiy/Documents/Unreal Projects/CppTPS/Saved/Config/Windows/Scalability.ini]
[2023.10.09-09.44.01:062][  0]LogConfig: Setting CVar [[r.Streaming.MipBias:0]]
[2023.10.09-09.44.01:062][  0]LogConfig: Setting CVar [[r.Streaming.AmortizeCPUToGPUCopy:0]]
[2023.10.09-09.44.01:062][  0]LogConfig: Setting CVar [[r.Streaming.MaxNumTexturesToStreamPerFrame:0]]
[2023.10.09-09.44.01:063][  0]LogConfig: Setting CVar [[r.Streaming.Boost:1]]
[2023.10.09-09.44.01:063][  0]LogConfig: Setting CVar [[r.MaxAnisotropy:8]]
[2023.10.09-09.44.01:063][  0]LogConfig: Setting CVar [[r.VT.MaxAnisotropy:8]]
[2023.10.09-09.44.01:063][  0]LogConfig: Setting CVar [[r.Streaming.LimitPoolSizeToVRAM:0]]
[2023.10.09-09.44.01:063][  0]LogConfig: Setting CVar [[r.Streaming.PoolSize:1000]]
[2023.10.09-09.44.01:063][  0]LogConfig: Setting CVar [[r.Streaming.MaxEffectiveScreenSize:0]]
[2023.10.09-09.44.01:063][  0]LogConfig: Applying CVar settings from Section [EffectsQuality@3] File [C:/Users/s.dronskiy/Documents/Unreal Projects/CppTPS/Saved/Config/Windows/Scalability.ini]
[2023.10.09-09.44.01:063][  0]LogConfig: Setting CVar [[r.TranslucencyLightingVolumeDim:64]]
[2023.10.09-09.44.01:063][  0]LogConfig: Setting CVar [[r.RefractionQuality:2]]
[2023.10.09-09.44.01:063][  0]LogConfig: Setting CVar [[r.SSR.Quality:3]]
[2023.10.09-09.44.01:063][  0]LogConfig: Setting CVar [[r.SSR.HalfResSceneColor:0]]
[2023.10.09-09.44.01:063][  0]LogConfig: Setting CVar [[r.SceneColorFormat:4]]
[2023.10.09-09.44.01:063][  0]LogConfig: Setting CVar [[r.DetailMode:2]]
[2023.10.09-09.44.01:063][  0]LogConfig: Setting CVar [[r.TranslucencyVolumeBlur:1]]
[2023.10.09-09.44.01:063][  0]LogConfig: Setting CVar [[r.MaterialQualityLevel:1 ; High quality]]
[2023.10.09-09.44.01:063][  0]LogConfig: Setting CVar [[r.AnisotropicMaterials:1]]
[2023.10.09-09.44.01:063][  0]LogConfig: Setting CVar [[r.SSS.Scale:1]]
[2023.10.09-09.44.01:063][  0]LogConfig: Setting CVar [[r.SSS.SampleSet:2]]
[2023.10.09-09.44.01:063][  0]LogConfig: Setting CVar [[r.SSS.Quality:1]]
[2023.10.09-09.44.01:063][  0]LogConfig: Setting CVar [[r.SSS.HalfRes:0]]
[2023.10.09-09.44.01:063][  0]LogConfig: Setting CVar [[r.SSGI.Quality:3]]
[2023.10.09-09.44.01:063][  0]LogConfig: Setting CVar [[r.EmitterSpawnRateScale:1.0]]
[2023.10.09-09.44.01:063][  0]LogConfig: Setting CVar [[r.ParticleLightQuality:2]]
[2023.10.09-09.44.01:063][  0]LogConfig: Setting CVar [[r.SkyAtmosphere.AerialPerspectiveLUT.FastApplyOnOpaque:1 ; Always have FastSkyLUT 1 in this case to avoid wrong sky]]
[2023.10.09-09.44.01:063][  0]LogConfig: Setting CVar [[r.SkyAtmosphere.AerialPerspectiveLUT.SampleCountMaxPerSlice:4]]
[2023.10.09-09.44.01:063][  0]LogConfig: Setting CVar [[r.SkyAtmosphere.AerialPerspectiveLUT.DepthResolution:16.0]]
[2023.10.09-09.44.01:063][  0]LogConfig: Setting CVar [[r.SkyAtmosphere.FastSkyLUT:1]]
[2023.10.09-09.44.01:063][  0]LogConfig: Setting CVar [[r.SkyAtmosphere.FastSkyLUT.SampleCountMin:4.0]]
[2023.10.09-09.44.01:063][  0]LogConfig: Setting CVar [[r.SkyAtmosphere.FastSkyLUT.SampleCountMax:128.0]]
[2023.10.09-09.44.01:063][  0]LogConfig: Setting CVar [[r.SkyAtmosphere.SampleCountMin:4.0]]
[2023.10.09-09.44.01:063][  0]LogConfig: Setting CVar [[r.SkyAtmosphere.SampleCountMax:128.0]]
[2023.10.09-09.44.01:063][  0]LogConfig: Setting CVar [[r.SkyAtmosphere.TransmittanceLUT.UseSmallFormat:0]]
[2023.10.09-09.44.01:063][  0]LogConfig: Setting CVar [[r.SkyAtmosphere.TransmittanceLUT.SampleCount:10.0]]
[2023.10.09-09.44.01:063][  0]LogConfig: Setting CVar [[r.SkyAtmosphere.MultiScatteringLUT.SampleCount:15.0]]
[2023.10.09-09.44.01:063][  0]LogConfig: Setting CVar [[r.SkyLight.RealTimeReflectionCapture:1]]
[2023.10.09-09.44.01:063][  0]LogConfig: Applying CVar settings from Section [FoliageQuality@3] File [C:/Users/s.dronskiy/Documents/Unreal Projects/CppTPS/Saved/Config/Windows/Scalability.ini]
[2023.10.09-09.44.01:063][  0]LogConfig: Setting CVar [[foliage.DensityScale:1.0]]
[2023.10.09-09.44.01:063][  0]LogConfig: Setting CVar [[grass.DensityScale:1.0]]
[2023.10.09-09.44.01:063][  0]LogConfig: Applying CVar settings from Section [ShadingQuality@3] File [C:/Users/s.dronskiy/Documents/Unreal Projects/CppTPS/Saved/Config/Windows/Scalability.ini]
[2023.10.09-09.44.01:063][  0]LogConfig: Setting CVar [[r.HairStrands.SkyLighting.IntegrationType:2]]
[2023.10.09-09.44.01:063][  0]LogConfig: Setting CVar [[r.HairStrands.SkyAO.SampleCount:4]]
[2023.10.09-09.44.01:063][  0]LogConfig: Setting CVar [[r.HairStrands.Visibility.MSAA.SamplePerPixel:4]]
[2023.10.09-09.44.01:069][  0]LogInit: Selected Device Profile: [Windows]
[2023.10.09-09.44.01:070][  0]LogInit: Applying CVar settings loaded from the selected device profile: [Windows]
[2023.10.09-09.44.01:073][  0]LogHAL: Display: Platform has ~ 8 GB [8413999104 / 8589934592 / 8], which maps to Default [LargestMinGB=32, LargerMinGB=12, DefaultMinGB=8, SmallerMinGB=6, SmallestMinGB=0)
[2023.10.09-09.44.01:074][  0]LogInit: Going up to parent DeviceProfile []
[2023.10.09-09.44.01:076][  0]LogConfig: Applying CVar settings from Section [ViewDistanceQuality@3] File [C:/Users/s.dronskiy/Documents/Unreal Projects/CppTPS/Saved/Config/Windows/Scalability.ini]
[2023.10.09-09.44.01:076][  0]LogConfig: Setting CVar [[r.SkeletalMeshLODBias:0]]
[2023.10.09-09.44.01:076][  0]LogConfig: Setting CVar [[r.ViewDistanceScale:1.0]]
[2023.10.09-09.44.01:076][  0]LogConfig: Applying CVar settings from Section [AntiAliasingQuality@3] File [C:/Users/s.dronskiy/Documents/Unreal Projects/CppTPS/Saved/Config/Windows/Scalability.ini]
[2023.10.09-09.44.01:076][  0]LogConfig: Setting CVar [[r.PostProcessAAQuality:4]]
[2023.10.09-09.44.01:076][  0]LogConfig: Applying CVar settings from Section [ShadowQuality@3] File [C:/Users/s.dronskiy/Documents/Unreal Projects/CppTPS/Saved/Config/Windows/Scalability.ini]
[2023.10.09-09.44.01:076][  0]LogConfig: Setting CVar [[r.LightFunctionQuality:1]]
[2023.10.09-09.44.01:076][  0]LogConfig: Setting CVar [[r.ShadowQuality:5]]
[2023.10.09-09.44.01:076][  0]LogConfig: Setting CVar [[r.Shadow.CSM.MaxCascades:10]]
[2023.10.09-09.44.01:076][  0]LogConfig: Setting CVar [[r.Shadow.MaxResolution:2048]]
[2023.10.09-09.44.01:076][  0]LogConfig: Setting CVar [[r.Shadow.MaxCSMResolution:2048]]
[2023.10.09-09.44.01:076][  0]LogConfig: Setting CVar [[r.Shadow.RadiusThreshold:0.01]]
[2023.10.09-09.44.01:076][  0]LogConfig: Setting CVar [[r.Shadow.DistanceScale:1.0]]
[2023.10.09-09.44.01:076][  0]LogConfig: Setting CVar [[r.Shadow.CSM.TransitionScale:1.0]]
[2023.10.09-09.44.01:076][  0]LogConfig: Setting CVar [[r.Shadow.PreShadowResolutionFactor:1.0]]
[2023.10.09-09.44.01:076][  0]LogConfig: Setting CVar [[r.DistanceFieldShadowing:1]]
[2023.10.09-09.44.01:076][  0]LogConfig: Setting CVar [[r.DistanceFieldAO:1]]
[2023.10.09-09.44.01:076][  0]LogConfig: Setting CVar [[r.AOQuality:2]]
[2023.10.09-09.44.01:076][  0]LogConfig: Setting CVar [[r.VolumetricFog:1]]
[2023.10.09-09.44.01:076][  0]LogConfig: Setting CVar [[r.VolumetricFog.GridPixelSize:8]]
[2023.10.09-09.44.01:076][  0]LogConfig: Setting CVar [[r.VolumetricFog.GridSizeZ:128]]
[2023.10.09-09.44.01:076][  0]LogConfig: Setting CVar [[r.VolumetricFog.HistoryMissSupersampleCount:4]]
[2023.10.09-09.44.01:076][  0]LogConfig: Setting CVar [[r.LightMaxDrawDistanceScale:1]]
[2023.10.09-09.44.01:076][  0]LogConfig: Setting CVar [[r.CapsuleShadows:1]]
[2023.10.09-09.44.01:076][  0]LogConfig: Applying CVar settings from Section [PostProcessQuality@3] File [C:/Users/s.dronskiy/Documents/Unreal Projects/CppTPS/Saved/Config/Windows/Scalability.ini]
[2023.10.09-09.44.01:076][  0]LogConfig: Setting CVar [[r.MotionBlurQuality:4]]
[2023.10.09-09.44.01:076][  0]LogConfig: Setting CVar [[r.AmbientOcclusionMipLevelFactor:0.4]]
[2023.10.09-09.44.01:076][  0]LogConfig: Setting CVar [[r.AmbientOcclusionMaxQuality:100]]
[2023.10.09-09.44.01:076][  0]LogConfig: Setting CVar [[r.AmbientOcclusionLevels:-1]]
[2023.10.09-09.44.01:076][  0]LogConfig: Setting CVar [[r.AmbientOcclusionRadiusScale:1.0]]
[2023.10.09-09.44.01:076][  0]LogConfig: Setting CVar [[r.DepthOfFieldQuality:2]]
[2023.10.09-09.44.01:076][  0]LogConfig: Setting CVar [[r.RenderTargetPoolMin:400]]
[2023.10.09-09.44.01:076][  0]LogConfig: Setting CVar [[r.LensFlareQuality:2]]
[2023.10.09-09.44.01:076][  0]LogConfig: Setting CVar [[r.SceneColorFringeQuality:1]]
[2023.10.09-09.44.01:076][  0]LogConfig: Setting CVar [[r.EyeAdaptationQuality:2]]
[2023.10.09-09.44.01:076][  0]LogConfig: Setting CVar [[r.BloomQuality:5]]
[2023.10.09-09.44.01:076][  0]LogConfig: Setting CVar [[r.FastBlurThreshold:100]]
[2023.10.09-09.44.01:076][  0]LogConfig: Setting CVar [[r.Upscale.Quality:3]]
[2023.10.09-09.44.01:076][  0]LogConfig: Setting CVar [[r.Tonemapper.GrainQuantization:1]]
[2023.10.09-09.44.01:076][  0]LogConfig: Setting CVar [[r.LightShaftQuality:1]]
[2023.10.09-09.44.01:076][  0]LogConfig: Setting CVar [[r.Filter.SizeScale:1]]
[2023.10.09-09.44.01:076][  0]LogConfig: Setting CVar [[r.Tonemapper.Quality:5]]
[2023.10.09-09.44.01:076][  0]LogConfig: Setting CVar [[r.DOF.Gather.AccumulatorQuality:1        ; higher gathering accumulator quality]]
[2023.10.09-09.44.01:077][  0]LogConfig: Setting CVar [[r.DOF.Gather.PostfilterMethod:1          ; Median3x3 postfilering method]]
[2023.10.09-09.44.01:077][  0]LogConfig: Setting CVar [[r.DOF.Gather.EnableBokehSettings:0       ; no bokeh simulation when gathering]]
[2023.10.09-09.44.01:077][  0]LogConfig: Setting CVar [[r.DOF.Gather.RingCount:4                 ; medium number of samples when gathering]]
[2023.10.09-09.44.01:077][  0]LogConfig: Setting CVar [[r.DOF.Scatter.ForegroundCompositing:1    ; additive foreground scattering]]
[2023.10.09-09.44.01:077][  0]LogConfig: Setting CVar [[r.DOF.Scatter.BackgroundCompositing:2    ; additive background scattering]]
[2023.10.09-09.44.01:077][  0]LogConfig: Setting CVar [[r.DOF.Scatter.EnableBokehSettings:1      ; bokeh simulation when scattering]]
[2023.10.09-09.44.01:077][  0]LogConfig: Setting CVar [[r.DOF.Scatter.MaxSpriteRatio:0.1         ; only a maximum of 10% of scattered bokeh]]
[2023.10.09-09.44.01:077][  0]LogConfig: Setting CVar [[r.DOF.Recombine.Quality:1                ; cheap slight out of focus]]
[2023.10.09-09.44.01:077][  0]LogConfig: Setting CVar [[r.DOF.Recombine.EnableBokehSettings:0    ; no bokeh simulation on slight out of focus]]
[2023.10.09-09.44.01:077][  0]LogConfig: Setting CVar [[r.DOF.TemporalAAQuality:1                ; more stable temporal accumulation]]
[2023.10.09-09.44.01:077][  0]LogConfig: Setting CVar [[r.DOF.Kernel.MaxForegroundRadius:0.025]]
[2023.10.09-09.44.01:077][  0]LogConfig: Setting CVar [[r.DOF.Kernel.MaxBackgroundRadius:0.025]]
[2023.10.09-09.44.01:077][  0]LogConfig: Applying CVar settings from Section [TextureQuality@3] File [C:/Users/s.dronskiy/Documents/Unreal Projects/CppTPS/Saved/Config/Windows/Scalability.ini]
[2023.10.09-09.44.01:077][  0]LogConfig: Setting CVar [[r.Streaming.MipBias:0]]
[2023.10.09-09.44.01:077][  0]LogConfig: Setting CVar [[r.Streaming.AmortizeCPUToGPUCopy:0]]
[2023.10.09-09.44.01:077][  0]LogConfig: Setting CVar [[r.Streaming.MaxNumTexturesToStreamPerFrame:0]]
[2023.10.09-09.44.01:077][  0]LogConfig: Setting CVar [[r.Streaming.Boost:1]]
[2023.10.09-09.44.01:077][  0]LogConfig: Setting CVar [[r.MaxAnisotropy:8]]
[2023.10.09-09.44.01:077][  0]LogConfig: Setting CVar [[r.VT.MaxAnisotropy:8]]
[2023.10.09-09.44.01:077][  0]LogConfig: Setting CVar [[r.Streaming.LimitPoolSizeToVRAM:0]]
[2023.10.09-09.44.01:077][  0]LogConfig: Setting CVar [[r.Streaming.PoolSize:1000]]
[2023.10.09-09.44.01:077][  0]LogConfig: Setting CVar [[r.Streaming.MaxEffectiveScreenSize:0]]
[2023.10.09-09.44.01:077][  0]LogConfig: Applying CVar settings from Section [EffectsQuality@3] File [C:/Users/s.dronskiy/Documents/Unreal Projects/CppTPS/Saved/Config/Windows/Scalability.ini]
[2023.10.09-09.44.01:077][  0]LogConfig: Setting CVar [[r.TranslucencyLightingVolumeDim:64]]
[2023.10.09-09.44.01:077][  0]LogConfig: Setting CVar [[r.RefractionQuality:2]]
[2023.10.09-09.44.01:077][  0]LogConfig: Setting CVar [[r.SSR.Quality:3]]
[2023.10.09-09.44.01:077][  0]LogConfig: Setting CVar [[r.SSR.HalfResSceneColor:0]]
[2023.10.09-09.44.01:077][  0]LogConfig: Setting CVar [[r.SceneColorFormat:4]]
[2023.10.09-09.44.01:077][  0]LogConfig: Setting CVar [[r.DetailMode:2]]
[2023.10.09-09.44.01:077][  0]LogConfig: Setting CVar [[r.TranslucencyVolumeBlur:1]]
[2023.10.09-09.44.01:077][  0]LogConfig: Setting CVar [[r.MaterialQualityLevel:1 ; High quality]]
[2023.10.09-09.44.01:077][  0]LogConfig: Setting CVar [[r.AnisotropicMaterials:1]]
[2023.10.09-09.44.01:077][  0]LogConfig: Setting CVar [[r.SSS.Scale:1]]
[2023.10.09-09.44.01:077][  0]LogConfig: Setting CVar [[r.SSS.SampleSet:2]]
[2023.10.09-09.44.01:077][  0]LogConfig: Setting CVar [[r.SSS.Quality:1]]
[2023.10.09-09.44.01:077][  0]LogConfig: Setting CVar [[r.SSS.HalfRes:0]]
[2023.10.09-09.44.01:077][  0]LogConfig: Setting CVar [[r.SSGI.Quality:3]]
[2023.10.09-09.44.01:077][  0]LogConfig: Setting CVar [[r.EmitterSpawnRateScale:1.0]]
[2023.10.09-09.44.01:077][  0]LogConfig: Setting CVar [[r.ParticleLightQuality:2]]
[2023.10.09-09.44.01:077][  0]LogConfig: Setting CVar [[r.SkyAtmosphere.AerialPerspectiveLUT.FastApplyOnOpaque:1 ; Always have FastSkyLUT 1 in this case to avoid wrong sky]]
[2023.10.09-09.44.01:077][  0]LogConfig: Setting CVar [[r.SkyAtmosphere.AerialPerspectiveLUT.SampleCountMaxPerSlice:4]]
[2023.10.09-09.44.01:077][  0]LogConfig: Setting CVar [[r.SkyAtmosphere.AerialPerspectiveLUT.DepthResolution:16.0]]
[2023.10.09-09.44.01:077][  0]LogConfig: Setting CVar [[r.SkyAtmosphere.FastSkyLUT:1]]
[2023.10.09-09.44.01:077][  0]LogConfig: Setting CVar [[r.SkyAtmosphere.FastSkyLUT.SampleCountMin:4.0]]
[2023.10.09-09.44.01:077][  0]LogConfig: Setting CVar [[r.SkyAtmosphere.FastSkyLUT.SampleCountMax:128.0]]
[2023.10.09-09.44.01:077][  0]LogConfig: Setting CVar [[r.SkyAtmosphere.SampleCountMin:4.0]]
[2023.10.09-09.44.01:077][  0]LogConfig: Setting CVar [[r.SkyAtmosphere.SampleCountMax:128.0]]
[2023.10.09-09.44.01:077][  0]LogConfig: Setting CVar [[r.SkyAtmosphere.TransmittanceLUT.UseSmallFormat:0]]
[2023.10.09-09.44.01:077][  0]LogConfig: Setting CVar [[r.SkyAtmosphere.TransmittanceLUT.SampleCount:10.0]]
[2023.10.09-09.44.01:077][  0]LogConfig: Setting CVar [[r.SkyAtmosphere.MultiScatteringLUT.SampleCount:15.0]]
[2023.10.09-09.44.01:077][  0]LogConfig: Setting CVar [[r.SkyLight.RealTimeReflectionCapture:1]]
[2023.10.09-09.44.01:077][  0]LogConfig: Applying CVar settings from Section [FoliageQuality@3] File [C:/Users/s.dronskiy/Documents/Unreal Projects/CppTPS/Saved/Config/Windows/Scalability.ini]
[2023.10.09-09.44.01:077][  0]LogConfig: Setting CVar [[foliage.DensityScale:1.0]]
[2023.10.09-09.44.01:077][  0]LogConfig: Setting CVar [[grass.DensityScale:1.0]]
[2023.10.09-09.44.01:077][  0]LogConfig: Applying CVar settings from Section [ShadingQuality@3] File [C:/Users/s.dronskiy/Documents/Unreal Projects/CppTPS/Saved/Config/Windows/Scalability.ini]
[2023.10.09-09.44.01:077][  0]LogConfig: Setting CVar [[r.HairStrands.SkyLighting.IntegrationType:2]]
[2023.10.09-09.44.01:077][  0]LogConfig: Setting CVar [[r.HairStrands.SkyAO.SampleCount:4]]
[2023.10.09-09.44.01:077][  0]LogConfig: Setting CVar [[r.HairStrands.Visibility.MSAA.SamplePerPixel:4]]
[2023.10.09-09.44.01:077][  0]LogConfig: Applying CVar settings from Section [Startup] File [../../../Engine/Config/ConsoleVariables.ini]
[2023.10.09-09.44.01:090][  0]LogConfig: Setting CVar [[net.UseAdaptiveNetUpdateFrequency:0]]
[2023.10.09-09.44.01:090][  0]LogConfig: Setting CVar [[p.chaos.AllowCreatePhysxBodies:1]]
[2023.10.09-09.44.01:090][  0]LogConfig: Setting CVar [[fx.SkipVectorVMBackendOptimizations:1]]
[2023.10.09-09.44.01:090][  0]LogConfig: Applying CVar settings from Section [ConsoleVariables] File [C:/Users/s.dronskiy/Documents/Unreal Projects/CppTPS/Saved/Config/Windows/Engine.ini]
[2023.10.09-09.44.01:090][  0]LogConfig: Applying CVar settings from Section [ConsoleVariables] File [C:/Users/s.dronskiy/Documents/Unreal Projects/CppTPS/Saved/Config/Windows/Editor.ini]
[2023.10.09-09.44.01:093][  0]LogInit: Computer: 1CNEW
[2023.10.09-09.44.01:093][  0]LogInit: User: sdronskiy
[2023.10.09-09.44.01:093][  0]LogInit: CPU Page size=4096, Cores=6
[2023.10.09-09.44.01:093][  0]LogInit: High frequency timer resolution =10.000000 MHz
[2023.10.09-09.44.01:096][  0]LogMemory: Memory total: Physical=7.8GB (8GB approx)
[2023.10.09-09.44.01:097][  0]LogMemory: Platform Memory Stats for Windows
[2023.10.09-09.44.01:097][  0]LogMemory: Process Physical Memory: 138.16 MB used, 138.16 MB peak
[2023.10.09-09.44.01:097][  0]LogMemory: Process Virtual Memory: 109.99 MB used, 109.99 MB peak
[2023.10.09-09.44.01:097][  0]LogMemory: Physical Memory: 7210.77 MB used,  813.44 MB free, 8024.21 MB total
[2023.10.09-09.44.01:097][  0]LogMemory: Virtual Memory: 134213592.00 MB used,  4137.33 MB free, 134217728.00 MB total
[2023.10.09-09.44.01:110][  0]LogWindows: WindowsPlatformFeatures enabled
[2023.10.09-09.44.02:194][  0]LogInit: Physics initialised using underlying interface: PhysX
[2023.10.09-09.44.02:202][  0]LogInit: Using OS detected language (ru-RU).
[2023.10.09-09.44.02:202][  0]LogInit: Using OS detected locale (ru-RU).
[2023.10.09-09.44.02:339][  0]LogTextLocalizationManager: No specific localization for 'ru-RU' exists, so the 'ru' localization will be used.
[2023.10.09-09.44.02:346][  0]LogTextLocalizationResource: LocRes '../../../Engine/Content/Localization/Editor/ru/Editor.locres' could not be opened for reading!
[2023.10.09-09.44.02:346][  0]LogTextLocalizationResource: LocRes '../../../Engine/Content/Localization/EditorTutorials/ru/EditorTutorials.locres' could not be opened for reading!
[2023.10.09-09.44.02:346][  0]LogTextLocalizationResource: LocRes '../../../Engine/Content/Localization/Keywords/ru/Keywords.locres' could not be opened for reading!
[2023.10.09-09.44.02:347][  0]LogTextLocalizationResource: LocRes '../../../Engine/Content/Localization/Category/ru/Category.locres' could not be opened for reading!
[2023.10.09-09.44.02:351][  0]LogTextLocalizationResource: LocRes '../../../Engine/Content/Localization/ToolTips/ru/ToolTips.locres' could not be opened for reading!
[2023.10.09-09.44.02:353][  0]LogTextLocalizationResource: LocRes '../../../Engine/Content/Localization/PropertyNames/ru/PropertyNames.locres' could not be opened for reading!
[2023.10.09-09.44.02:353][  0]LogTextLocalizationResource: LocRes '../../../Engine/Content/Localization/Engine/ru/Engine.locres' could not be opened for reading!
[2023.10.09-09.44.08:074][  0]LogTargetPlatformManager: Display: Loaded TargetPlatform 'AllDesktop'
[2023.10.09-09.44.08:133][  0]LogTargetPlatformManager: Display: Loaded TargetPlatform 'Android'
[2023.10.09-09.44.08:133][  0]LogTargetPlatformManager: Display: Loaded TargetPlatform 'Android_ASTC'
[2023.10.09-09.44.08:133][  0]LogTargetPlatformManager: Display: Loaded TargetPlatform 'Android_DXT'
[2023.10.09-09.44.08:133][  0]LogTargetPlatformManager: Display: Loaded TargetPlatform 'Android_ETC2'
[2023.10.09-09.44.08:133][  0]LogTargetPlatformManager: Display: Loaded TargetPlatform 'AndroidClient'
[2023.10.09-09.44.08:133][  0]LogTargetPlatformManager: Display: Loaded TargetPlatform 'Android_ASTCClient'
[2023.10.09-09.44.08:133][  0]LogTargetPlatformManager: Display: Loaded TargetPlatform 'Android_DXTClient'
[2023.10.09-09.44.08:133][  0]LogTargetPlatformManager: Display: Loaded TargetPlatform 'Android_ETC2Client'
[2023.10.09-09.44.08:133][  0]LogTargetPlatformManager: Display: Loaded TargetPlatform 'Android_Multi'
[2023.10.09-09.44.08:133][  0]LogTargetPlatformManager: Display: Loaded TargetPlatform 'Android_MultiClient'
[2023.10.09-09.44.08:248][  0]LogTargetPlatformManager: Display: Loaded TargetPlatform 'IOSClient'
[2023.10.09-09.44.08:248][  0]LogTargetPlatformManager: Display: Loaded TargetPlatform 'IOS'
[2023.10.09-09.44.08:305][  0]LogTargetPlatformManager: Display: Loaded TargetPlatform 'Linux'
[2023.10.09-09.44.08:335][  0]LogTargetPlatformManager: Display: Loaded TargetPlatform 'LinuxNoEditor'
[2023.10.09-09.44.08:365][  0]LogTargetPlatformManager: Display: Loaded TargetPlatform 'LinuxClient'
[2023.10.09-09.44.08:397][  0]LogTargetPlatformManager: Display: Loaded TargetPlatform 'LinuxServer'
[2023.10.09-09.44.08:442][  0]LogTargetPlatformManager: Display: Loaded TargetPlatform 'LinuxAArch64NoEditor'
[2023.10.09-09.44.08:472][  0]LogTargetPlatformManager: Display: Loaded TargetPlatform 'LinuxAArch64Client'
[2023.10.09-09.44.08:502][  0]LogTargetPlatformManager: Display: Loaded TargetPlatform 'LinuxAArch64Server'
[2023.10.09-09.44.08:564][  0]LogTargetPlatformManager: Display: Loaded TargetPlatform 'Lumin'
[2023.10.09-09.44.08:564][  0]LogTargetPlatformManager: Display: Loaded TargetPlatform 'LuminClient'
[2023.10.09-09.44.08:615][  0]LogTargetPlatformManager: Display: Loaded TargetPlatform 'MacNoEditor'
[2023.10.09-09.44.08:650][  0]LogTargetPlatformManager: Display: Loaded TargetPlatform 'Mac'
[2023.10.09-09.44.08:679][  0]LogTargetPlatformManager: Display: Loaded TargetPlatform 'MacClient'
[2023.10.09-09.44.08:712][  0]LogTargetPlatformManager: Display: Loaded TargetPlatform 'MacServer'
[2023.10.09-09.44.08:747][  0]LogTargetPlatformManager: Display: Loaded TargetPlatform 'TVOSClient'
[2023.10.09-09.44.08:747][  0]LogTargetPlatformManager: Display: Loaded TargetPlatform 'TVOS'
[2023.10.09-09.44.08:798][  0]LogTargetPlatformManager: Display: Loaded TargetPlatform 'WindowsNoEditor'
[2023.10.09-09.44.08:833][  0]LogTargetPlatformManager: Display: Loaded TargetPlatform 'Windows'
[2023.10.09-09.44.08:866][  0]LogTargetPlatformManager: Display: Loaded TargetPlatform 'WindowsClient'
[2023.10.09-09.44.08:898][  0]LogTargetPlatformManager: Display: Loaded TargetPlatform 'WindowsServer'
[2023.10.09-09.44.08:898][  0]LogTargetPlatformManager: Display: Building Assets For Windows
[2023.10.09-09.44.09:033][  0]LogAudioDebug: Display: Lib vorbis DLL was dynamically loaded.
[2023.10.09-09.44.09:435][  0]LogTextureFormatOodle: Display: Oodle Texture 2.9.0 init RDO Off
[2023.10.09-09.44.10:136][  0]LogRendererCore: Ray tracing is disabled. Reason: r.RayTracing=0.
[2023.10.09-09.44.10:396][  0]LogDerivedDataCache: Display: Max Cache Size: 512 MB
[2023.10.09-09.44.10:399][  0]LogDerivedDataCache: Display: Starting with empty Boot cache
[2023.10.09-09.44.10:400][  0]LogDerivedDataCache: FDerivedDataBackendGraph:  Pak pak cache file C:/Users/s.dronskiy/Documents/Unreal Projects/CppTPS/DerivedDataCache/DDC.ddp not found, will not use a pak cache.
[2023.10.09-09.44.10:401][  0]LogDerivedDataCache: Unable to find inner node Pak for hierarchical cache Hierarchy.
[2023.10.09-09.44.10:603][  0]LogDerivedDataCache: Speed tests for ../../../Engine/DerivedDataCache took 0.20 seconds
[2023.10.09-09.44.10:603][  0]LogDerivedDataCache: Display: Performance to ../../../Engine/DerivedDataCache: Latency=3.17ms. RandomReadSpeed=10.40MBs, RandomWriteSpeed=12.58MBs. Assigned SpeedClass 'Fast'
[2023.10.09-09.44.10:608][  0]LogDerivedDataCache: Using Local data cache path ../../../Engine/DerivedDataCache: Writable
[2023.10.09-09.44.10:705][  0]LogAssetRegistry: FAssetRegistry took 0.0207 seconds to start up
[2023.10.09-09.44.12:235][  0]LogInit: Selected Device Profile: [Windows]
[2023.10.09-09.44.12:235][  0]LogInit: Active device profile: [000002E1F7AFF500][000002E1EC814640 49] Windows
[2023.10.09-09.44.12:235][  0]LogInit: Profiles: [000002E1F7AFF500][000002E1EC814640 49] Windows, [000002E1F7AC8D00][000002E1EC810780 49] WindowsNoEditor, [000002E1F7AFCD00][000002E1EC7508C0 49] WindowsServer, [000002E1F7ACAA00][000002E1EC754A00 49] WindowsClient, [000002E1F7AFEA00][000002E1F598AB80 49] IOS, [000002E1F7ACB400][000002E1F598ED00 49] iPadAir, [000002E1F7AFF300][000002E1F5992E80 49] iPadAir2, [000002E1F7A73600][000002E1F59A1140 49] IPadPro, [000002E1F7A73700][000002E1F5997180 49] iPadAir3, [000002E1F7AFC300][000002E1F59AB300 49] iPadAir4, [000002E1F7A71200][000002E1F59AF480 49] iPadMini2, [000002E1F7AFDA00][000002E1F59B3600 49] iPadMini3, [000002E1F7A72500][000002E1F59B7780 49] iPadMini4, [000002E1F7AFC600][000002E1F59BB900 49] iPadMini5, [000002E1F7AAE800][000002E1F5E0BBC0 49] iPhone6, [000002E1F7AAE900][000002E1F59BFC00 49] iPodTouch6, [000002E1F7A72100][000002E1F5E12340 49] iPhone7, [000002E1F7A72200][000002E1F5E0E380 49] iPodTouch7, [000002E1F7AAD100][000002E1F5E16500 49] iPhone5S, [000002E1F7A73A00][000002E1F5E1A680 49] iPhone6Plus, [000002E1F7AAE600][000002E1EC7587C0 49] iPhone6S, [000002E1F7A71600][000002E1F5E1E900 49] iPhone6SPlus, [000002E1F7AAF900][000002E1F5E22A40 49] iPhone7Plus, [000002E1F7A70F00][000002E1F5E26B80 49] iPhoneSE, [000002E1F7AAC200][000002E1F5E2ED00 49] iPhone8, [000002E1F7A71800][000002E1F5E32E80 49] iPhone8Plus, [000002E1F7AAC100][000002E1F5E37000 49] iPhoneX, [000002E1F7A72300][000002E1F5E3B180 49] iPhoneXS, [000002E1F7AACD00][000002E1F5E3F300 49] iPhoneXSMax, [000002E1F7A72000][000002E1F5E43480 49] iPhoneXR, [000002E1F7AAE200][000002E1F5E47600 49] iPhone11, [000002E1F7A70D00][000002E1F5E4B780 49] iPhone11Pro, [000002E1F7AADE00][000002E1F791D900 49] iPhone11ProMax, [000002E1F7A71500][000002E1F7921A80 49] iPhoneSE2, [000002E1F7AAEA00][000002E1F7925C00 49] iPhone12Mini, [000002E1F7A72800][000002E1F7928200 49] iPhone12, [000002E1F7AAD800][000002E1F792C380 49] iPhone12Pro, [000002E1F7A73500][000002E1F7930500 49] iPhone12ProMax, [000002E1F7AAD300][000002E1F7934680 49] iPadPro105, [000002E1F7A71700][000002E1F7938800 49] iPadPro129, [000002E1F7AACF00][000002E1F793C980 49] iPadPro97, [000002E1F7A70900][000002E1F5E2AAC0 49] iPadPro2_129, [000002E1F7AADB00][000002E1F7940C00 49] iPad5, [000002E1F7A70400][000002E1F7944D40 49] iPad6, [000002E1F7AAC300][000002E1F794CEC0 49] iPad7, [000002E1F7A70600][000002E1F7951040 49] iPad8, [000002E1F7AAE100][000002E1F79551C0 49] iPadPro11, [000002E1F7A72D00][000002E1F7959340 49] iPadPro2_11, [000002E1F7AADC00][000002E1F795D4C0 49] iPadPro3_129, [000002E1F7A73B00][000002E1F7961640 49] iPadPro4_129, [000002E1F7AAFB00][000002E1F79657C0 49] AppleTV, [000002E1F7A73E00][000002E1F7969940 49] AppleTV4K, [000002E1F7AC8E00][000002E1F796DAC0 49] TVOS, [000002E1F7B41200][000002E1F5A900C0 49] Mac, [000002E1F7AC9900][000002E1F5A94240 49] MacClient, [000002E1F7B42A00][000002E1F5A983C0 49] MacNoEditor, [000002E1F7AC9600][000002E1F5A9C540 49] MacServer, [000002E1F7B40700][000002E1F5AA06C0 49] Linux, [000002E1F7AC9F00][000002E1F5AA4840 49] LinuxAArch64, [000002E1F7B41700][000002E1F5AA89C0 49] LinuxNoEditor, [000002E1F7AC8100][000002E1F5AACB40 49] LinuxAArch64NoEditor, [000002E1F7B40800][000002E1F7948C80 49] LinuxClient, [000002E1F7AC8A00][000002E1F5AB0DC0 49] LinuxAArch64Client, [000002E1F7B40600][000002E1F5AB4F00 49] LinuxServer, [000002E1F7AC9100][000002E1F5AB9040 49] LinuxAArch64Server, [000002E1F7B41D00][000002E1F5AC11C0 49] Android, [000002E1F7AC8400][000002E1F5AC5340 49] Android_Low, [000002E1F7B42200][000002E1F5AC94C0 49] Android_Mid, [000002E1F7AC9300][000002E1F5ACD640 49] Android_High, [000002E1F7B41E00][000002E1F5AD17C0 49] Android_Default, [000002E1F7ACAC00][000002E1F5AD5940 49] Android_Adreno4xx, [000002E1F7B42800][000002E1F5AD9AC0 49] Android_Adreno5xx_Low, [000002E1F7AC8600][000002E1F5ADC0C0 49] Android_Adreno5xx, [000002E1F7B40200][000002E1F5AE0240 49] Android_Adreno6xx, [000002E1F7ACB100][000002E1F5AE43C0 49] Android_Adreno6xx_Vulkan, [000002E1F7B42100][000002E1F5AE8540 49] Android_Mali_T6xx, [000002E1F7A72B00][000002E1F5AEC6C0 49] Android_Mali_T7xx, [000002E1F7AAE000][000002E1F5AF0840 49] Android_Mali_T8xx, [000002E1F7A70100][000002E1F5AF49C0 49] Android_Mali_G71, [000002E1F7B40F00][000002E1F5AF8B40 49] Android_Mali_G72, [000002E1F7A70B00][000002E1F5AFCCC0 49] Android_Mali_G72_Vulkan, [000002E1F7B42300][000002E1F5ABCE00 49] Android_Mali_G76, [000002E1F7A70C00][000002E1F5B00F40 49] Android_Mali_G76_Vulkan, [000002E1F7B42700][000002E1F5B05080 49] Android_Mali_G77, [000002E1F7A71A00][000002E1F5B091C0 49] Android_Mali_G77_Vulkan, [000002E1F7B40100][000002E1F5B11340 49] Android_Mali_G78, [000002E1F7A72A00][000002E1F5B154C0 49] Android_Mali_G78_Vulkan, [000002E1F7B42400][000002E1F5B19640 49] Android_Mali_G710, [000002E1F7A73400][000002E1F5B1D7C0 49] Android_Mali_G710_Vulkan, [000002E1F7B42000][000002E1F5B21940 49] Android_Vulkan_SM5, [000002E1F7A73200][000002E1F5B25AC0 49] Android_PowerVR_G6xxx, [000002E1F7B42E00][000002E1F5B280C0 49] Android_PowerVR_GT7xxx, [000002E1F7A73000][000002E1F5B2C240 49] Android_PowerVR_GE8xxx, [000002E1F7B41900][000002E1F5B303C0 49] Android_PowerVR_GM9xxx, [000002E1F7A73C00][000002E1F8580540 49] Android_PowerVR_GM9xxx_Vulkan, [000002E1F7B41100][000002E1F85846C0 49] Android_TegraK1, [000002E1F7A71300][000002E1F8588840 49] Android_Unknown_Vulkan, [000002E1F7B42500][000002E1F858C9C0 49] Lumin, [000002E1F7A72F00][000002E1F8590B40 49] Lumin_Desktop, [000002E1F7AAF600][000002E1F8594CC0 49] HoloLens, 
[2023.10.09-09.44.13:760][  0]LogMeshReduction: Using QuadricMeshReduction for automatic static mesh reduction
[2023.10.09-09.44.13:760][  0]LogMeshReduction: Using SimplygonMeshReduction for automatic skeletal mesh reduction
[2023.10.09-09.44.13:760][  0]LogMeshReduction: Using ProxyLODMeshReduction for automatic mesh merging
[2023.10.09-09.44.13:760][  0]LogMeshReduction: No distributed automatic mesh merging module available
[2023.10.09-09.44.13:764][  0]LogMeshMerging: No distributed automatic mesh merging module available
[2023.10.09-09.44.13:934][  0]LogNetVersion: CppTPS 1.0.0, NetCL: 17155196, EngineNetVer: 17, GameNetVer: 0 (Checksum: 3479814757)
[2023.10.09-09.44.16:542][  0]LogHMD: PokeAHoleMaterial loaded successfully
[2023.10.09-09.44.18:677][  0]LogCollectionManager: Loaded 0 collections in 0.007581 seconds
[2023.10.09-09.44.18:689][  0]LogFileCache: Scanning file cache for directory 'C:/Users/s.dronskiy/Documents/Unreal Projects/CppTPS/Saved/Collections/' took 0.01s
[2023.10.09-09.44.18:689][  0]LogFileCache: Scanning file cache for directory 'C:/Users/s.dronskiy/Documents/Unreal Projects/CppTPS/Content/Developers/sdronskiy/Collections/' took 0.00s
[2023.10.09-09.44.18:689][  0]LogFileCache: Scanning file cache for directory 'C:/Users/s.dronskiy/Documents/Unreal Projects/CppTPS/Content/Collections/' took 0.00s
[2023.10.09-09.44.18:689][  0]LogCollectionManager: Fixed up redirectors for 0 collections in 0.000002 seconds (updated 0 objects)
[2023.10.09-09.44.21:552][  0]LogNiagaraDebuggerClient: Niagara Debugger Client Initialized | Session: 6AABB7AC480FB899DF2E27AC182F080A | Instance: E8AA00BA4A937DC117FF4CB34A52103F (1CNEW-11576).
[2023.10.09-09.44.22:475][  0]LogPython: Using Python 3.7.7
[2023.10.09-09.44.27:785][  0]SourceControl: Source control is disabled
[2023.10.09-09.44.27:786][  0]SourceControl: Source control is disabled
[2023.10.09-09.44.27:946][  0]SourceControl: Source control is disabled
[2023.10.09-09.44.27:994][  0]SourceControl: Source control is disabled
[2023.10.09-09.44.28:090][  0]SourceControl: Source control is disabled
[2023.10.09-09.44.28:146][  0]LogUProjectInfo: Found projects:
[2023.10.09-09.44.31:074][  0]LogOpenImageDenoise: OIDN starting up
[2023.10.09-09.44.31:442][  0]LogAndroidPermission: UAndroidPermissionCallbackProxy::GetInstance
[2023.10.09-09.44.31:621][  0]LogAudioCaptureCore: Display: No Audio Capture implementations found. Audio input will be silent.
[2023.10.09-09.44.31:622][  0]LogAudioCaptureCore: Display: No Audio Capture implementations found. Audio input will be silent.
[2023.10.09-09.44.34:010][  0]LogOcInput: OculusInput pre-init called
[2023.10.09-09.44.36:287][  0]LogUObjectArray: 24050 objects as part of root set at end of initial load.
[2023.10.09-09.44.36:288][  0]LogUObjectAllocator: 6786016 out of 0 bytes used by permanent object pool.
[2023.10.09-09.44.36:289][  0]LogUObjectArray: CloseDisregardForGC: 0/0 objects in disregard for GC pool
[2023.10.09-09.44.36:310][  0]LogInit: Error: VisualStudioToolsCommandlet looked like a commandlet, but we could not find the class.
[2023.10.09-09.44.36:316][  0]LogCore: Engine exit requested (reason: Failed to find commandlet class VisualStudioToolsCommandlet)
[2023.10.09-09.44.36:318][  0]LogCore: Engine exit requested (reason: EngineExit() was called; note: exit was already requested)
[2023.10.09-09.44.36:352][  0]LogExit: Preparing to exit.
[2023.10.09-09.44.36:550][  0]LogUObjectHash: Compacting FUObjectHashTables data took   2.19ms
[2023.10.09-09.44.37:110][  0]LogDemo: Cleaned up 0 splitscreen connections with owner deletion
[2023.10.09-09.44.38:217][  0]LogExit: Object subsystem successfully closed.
[2023.10.09-09.44.38:804][  0]LogModuleManager: Shutting down and abandoning module AudioSynesthesiaEditor (598)
[2023.10.09-09.44.38:805][  0]LogModuleManager: Shutting down and abandoning module WoodyQuests (596)
[2023.10.09-09.44.38:805][  0]LogModuleManager: Shutting down and abandoning module OculusEditor (594)
[2023.10.09-09.44.38:806][  0]LogModuleManager: Shutting down and abandoning module OculusInput (592)
[2023.10.09-09.44.38:806][  0]LogModuleManager: Shutting down and abandoning module ContentBrowserFileDataSource (590)
[2023.10.09-09.44.38:806][  0]LogModuleManager: Shutting down and abandoning module ContentBrowserClassDataSource (588)
[2023.10.09-09.44.38:806][  0]LogModuleManager: Shutting down and abandoning module ContentBrowserAssetDataSource (586)
[2023.10.09-09.44.38:806][  0]LogModuleManager: Shutting down and abandoning module ToolMenus (585)
[2023.10.09-09.44.38:806][  0]LogModuleManager: Shutting down and abandoning module LiveLinkSequencer (582)
[2023.10.09-09.44.38:814][  0]LogModuleManager: Shutting down and abandoning module LiveLinkMovieScene (580)
[2023.10.09-09.44.38:814][  0]LogModuleManager: Shutting down and abandoning module LiveLinkGraphNode (578)
[2023.10.09-09.44.38:814][  0]LogModuleManager: Shutting down and abandoning module LiveLinkEditor (576)
[2023.10.09-09.44.38:817][  0]LogModuleManager: Shutting down and abandoning module LiveLinkComponents (574)
[2023.10.09-09.44.38:817][  0]LogModuleManager: Shutting down and abandoning module LiveLink (572)
[2023.10.09-09.44.39:513][  0]LogModuleManager: Shutting down and abandoning module TakeSequencer (570)
[2023.10.09-09.44.39:513][  0]LogModuleManager: Shutting down and abandoning module TakeMovieScene (568)
[2023.10.09-09.44.39:513][  0]LogModuleManager: Shutting down and abandoning module SynthesisEditor (566)
[2023.10.09-09.44.39:513][  0]LogModuleManager: Shutting down and abandoning module Synthesis (564)
[2023.10.09-09.44.39:520][  0]LogModuleManager: Shutting down and abandoning module ProceduralMeshComponentEditor (562)
[2023.10.09-09.44.39:521][  0]LogModuleManager: Shutting down and abandoning module ProceduralMeshComponent (560)
[2023.10.09-09.44.39:523][  0]LogModuleManager: Shutting down and abandoning module ScreenshotTools (558)
[2023.10.09-09.44.39:523][  0]LogModuleManager: Shutting down and abandoning module OpenXREditor (556)
[2023.10.09-09.44.39:525][  0]LogModuleManager: Shutting down and abandoning module MobilePatchingUtils (554)
[2023.10.09-09.44.39:525][  0]LogModuleManager: Shutting down and abandoning module GooglePAD (552)
[2023.10.09-09.44.39:525][  0]LogModuleManager: Shutting down and abandoning module EditableMesh (550)
[2023.10.09-09.44.39:526][  0]LogModuleManager: Shutting down and abandoning module CustomMeshComponent (548)
[2023.10.09-09.44.39:526][  0]LogModuleManager: Shutting down and abandoning module CableComponent (546)
[2023.10.09-09.44.39:527][  0]LogModuleManager: Shutting down and abandoning module AudioCapture (544)
[2023.10.09-09.44.39:527][  0]LogModuleManager: Shutting down and abandoning module AudioCaptureRtAudio (543)
[2023.10.09-09.44.39:528][  0]LogModuleManager: Shutting down and abandoning module AssetTags (540)
[2023.10.09-09.44.39:529][  0]LogModuleManager: Shutting down and abandoning module ArchVisCharacter (538)
[2023.10.09-09.44.39:529][  0]LogModuleManager: Shutting down and abandoning module AppleImageUtilsBlueprintSupport (536)
[2023.10.09-09.44.39:529][  0]LogModuleManager: Shutting down and abandoning module AppleImageUtils (534)
[2023.10.09-09.44.39:529][  0]LogModuleManager: Shutting down and abandoning module AndroidPermission (532)
[2023.10.09-09.44.39:529][  0]LogModuleManager: Shutting down and abandoning module ActorLayerUtilitiesEditor (530)
[2023.10.09-09.44.39:531][  0]LogModuleManager: Shutting down and abandoning module ActorLayerUtilities (528)
[2023.10.09-09.44.39:531][  0]LogModuleManager: Shutting down and abandoning module OodleNetworkHandlerComponent (526)
[2023.10.09-09.44.39:531][  0]LogModuleManager: Shutting down and abandoning module TemplateSequence (524)
[2023.10.09-09.44.39:532][  0]LogModuleManager: Shutting down and abandoning module MediaCompositing (522)
[2023.10.09-09.44.39:532][  0]LogModuleManager: Shutting down and abandoning module MagicLeapSharedWorld (520)
[2023.10.09-09.44.39:532][  0]LogModuleManager: Shutting down and abandoning module MagicLeapLightEstimation (518)
[2023.10.09-09.44.39:532][  0]LogModuleManager: Shutting down and abandoning module MagicLeapHelperVulkan (516)
[2023.10.09-09.44.39:532][  0]LogModuleManager: Shutting down and abandoning module MagicLeapHelperOpenGL (514)
[2023.10.09-09.44.39:532][  0]LogModuleManager: Shutting down and abandoning module MagicLeapAudio (512)
[2023.10.09-09.44.39:533][  0]LogModuleManager: Shutting down and abandoning module VariantManagerContentEditor (510)
[2023.10.09-09.44.39:537][  0]LogModuleManager: Shutting down and abandoning module DatasmithContentEditor (508)
[2023.10.09-09.44.39:538][  0]LogModuleManager: Shutting down and abandoning module OpenImageDenoise (506)
[2023.10.09-09.44.39:539][  0]LogOpenImageDenoise: OIDN shutting down
[2023.10.09-09.44.39:539][  0]LogModuleManager: Shutting down and abandoning module MotoSynthEditor (504)
[2023.10.09-09.44.39:539][  0]LogModuleManager: Shutting down and abandoning module MotoSynth (502)
[2023.10.09-09.44.39:539][  0]LogModuleManager: Shutting down and abandoning module MeshConversion (500)
[2023.10.09-09.44.39:540][  0]LogModuleManager: Shutting down and abandoning module DynamicMesh (498)
[2023.10.09-09.44.39:542][  0]LogModuleManager: Shutting down and abandoning module GeometryAlgorithms (496)
[2023.10.09-09.44.39:544][  0]LogModuleManager: Shutting down and abandoning module GeometricObjects (494)
[2023.10.09-09.44.39:547][  0]LogModuleManager: Shutting down and abandoning module GeometryCollectionTracks (492)
[2023.10.09-09.44.39:547][  0]LogModuleManager: Shutting down and abandoning module GeometryCollectionSequencer (491)
[2023.10.09-09.44.39:547][  0]LogModuleManager: Shutting down and abandoning module GeometryCollectionEditor (488)
[2023.10.09-09.44.39:548][  0]LogModuleManager: Shutting down and abandoning module GeometryCacheTracks (486)
[2023.10.09-09.44.39:548][  0]LogModuleManager: Shutting down and abandoning module GeometryCacheStreamer (484)
[2023.10.09-09.44.39:549][  0]LogModuleManager: Shutting down and abandoning module GeometryCacheSequencer (482)
[2023.10.09-09.44.39:549][  0]LogModuleManager: Shutting down and abandoning module ChaosSolverEditor (480)
[2023.10.09-09.44.39:549][  0]LogModuleManager: Shutting down and abandoning module FractureEditor (478)
[2023.10.09-09.44.39:553][  0]LogModuleManager: Shutting down and abandoning module ChaosNiagara (476)
[2023.10.09-09.44.39:554][  0]LogModuleManager: Shutting down and abandoning module FieldSystemEngine (475)
[2023.10.09-09.44.39:555][  0]LogModuleManager: Shutting down and abandoning module ChaosClothEditor (472)
[2023.10.09-09.44.39:556][  0]LogModuleManager: Shutting down and abandoning module AutomationUtilsEditor (470)
[2023.10.09-09.44.39:556][  0]LogModuleManager: Shutting down and abandoning module AutomationUtils (468)
[2023.10.09-09.44.39:556][  0]LogModuleManager: Shutting down and abandoning module AlembicImporter (466)
[2023.10.09-09.44.39:556][  0]LogModuleManager: Shutting down and abandoning module AlembicLibrary (465)
[2023.10.09-09.44.39:556][  0]LogModuleManager: Shutting down and abandoning module GeometryCache (464)
[2023.10.09-09.44.39:556][  0]LogModuleManager: Shutting down and abandoning module GeometryCacheEd (463)
[2023.10.09-09.44.39:556][  0]LogModuleManager: Shutting down and abandoning module NiagaraEditorWidgets (458)
[2023.10.09-09.44.39:565][  0]LogModuleManager: Shutting down and abandoning module SpeedTreeImporter (456)
[2023.10.09-09.44.39:565][  0]LogModuleManager: Shutting down and abandoning module PluginBrowser (454)
[2023.10.09-09.44.39:573][  0]LogModuleManager: Shutting down and abandoning module MobileLauncherProfileWizard (452)
[2023.10.09-09.44.39:577][  0]LogModuleManager: Shutting down and abandoning module MaterialAnalyzer (450)
[2023.10.09-09.44.39:578][  0]LogModuleManager: Shutting down and abandoning module CurveEditorTools (448)
[2023.10.09-09.44.39:585][  0]LogModuleManager: Shutting down and abandoning module CryptoKeysOpenSSL (446)
[2023.10.09-09.44.39:585][  0]LogModuleManager: Shutting down and abandoning module CryptoKeys (444)
[2023.10.09-09.44.39:585][  0]LogModuleManager: Shutting down and abandoning module VisualStudioSourceCodeAccess (442)
[2023.10.09-09.44.39:586][  0]LogModuleManager: Shutting down and abandoning module VisualStudioCodeSourceCodeAccess (440)
[2023.10.09-09.44.39:586][  0]LogModuleManager: Shutting down and abandoning module UObjectPlugin (438)
[2023.10.09-09.44.39:586][  0]LogModuleManager: Shutting down and abandoning module SubversionSourceControl (436)
[2023.10.09-09.44.39:592][  0]LogModuleManager: Shutting down and abandoning module PluginUtils (434)
[2023.10.09-09.44.39:594][  0]LogModuleManager: Shutting down and abandoning module PlasticSourceControl (432)
[2023.10.09-09.44.39:600][  0]LogModuleManager: Shutting down and abandoning module PerforceSourceControl (430)
[2023.10.09-09.44.39:610][  0]LogModuleManager: Shutting down and abandoning module GitSourceControl (428)
[2023.10.09-09.44.39:613][  0]LogModuleManager: Shutting down and abandoning module SourceControl (427)
[2023.10.09-09.44.39:614][  0]LogModuleManager: Shutting down and abandoning module CLionSourceCodeAccess (424)
[2023.10.09-09.44.39:614][  0]LogModuleManager: Shutting down and abandoning module AnimationSharingEd (422)
[2023.10.09-09.44.39:614][  0]LogModuleManager: Shutting down and abandoning module LightPropagationVolumeEditor (420)
[2023.10.09-09.44.39:614][  0]LogModuleManager: Shutting down and abandoning module PaperTiledImporter (418)
[2023.10.09-09.44.39:614][  0]LogModuleManager: Shutting down and abandoning module PaperSpriteSheetImporter (416)
[2023.10.09-09.44.39:615][  0]LogModuleManager: Shutting down and abandoning module Paper2DEditor (414)
[2023.10.09-09.44.39:623][  0]LogModuleManager: Shutting down and abandoning module MeshPaintingToolset (412)
[2023.10.09-09.44.39:626][  0]LogModuleManager: Shutting down and abandoning module MeshPaintEditorMode (410)
[2023.10.09-09.44.39:628][  0]LogModuleManager: Shutting down and abandoning module CppTPS (408)
[2023.10.09-09.44.39:628][  0]LogModuleManager: Shutting down and abandoning module AnimGraph (407)
[2023.10.09-09.44.39:630][  0]LogModuleManager: Shutting down and abandoning module UdpMessaging (404)
[2023.10.09-09.44.39:634][  0]LogModuleManager: Shutting down and abandoning module TcpMessaging (402)
[2023.10.09-09.44.39:636][  0]LogModuleManager: Shutting down and abandoning module SoundFields (400)
[2023.10.09-09.44.39:636][  0]LogModuleManager: Shutting down and abandoning module RuntimePhysXCooking (398)
[2023.10.09-09.44.39:636][  0]LogModuleManager: Shutting down and abandoning module SignificanceManager (396)
[2023.10.09-09.44.39:636][  0]LogModuleManager: Shutting down and abandoning module PropertyAccessEditor (394)
[2023.10.09-09.44.39:637][  0]LogModuleManager: Shutting down and abandoning module PhysXVehiclesEditor (392)
[2023.10.09-09.44.39:637][  0]LogModuleManager: Shutting down and abandoning module LocationServicesBPLibrary (388)
[2023.10.09-09.44.39:637][  0]LogModuleManager: Shutting down and abandoning module AudioSynesthesia (386)
[2023.10.09-09.44.39:639][  0]LogModuleManager: Shutting down and abandoning module AudioSynesthesiaCore (384)
[2023.10.09-09.44.39:639][  0]LogModuleManager: Shutting down and abandoning module ActorSequence (382)
[2023.10.09-09.44.39:639][  0]LogModuleManager: Shutting down and abandoning module MagicLeapARPin (380)
[2023.10.09-09.44.39:639][  0]LogModuleManager: Shutting down and abandoning module MagicLeapHandMeshing (378)
[2023.10.09-09.44.39:639][  0]LogModuleManager: Shutting down and abandoning module MagicLeapSecureStorage (376)
[2023.10.09-09.44.39:639][  0]LogModuleManager: Shutting down and abandoning module MagicLeapPrivileges (374)
[2023.10.09-09.44.39:640][  0]LogModuleManager: Shutting down and abandoning module MagicLeapPlanes (372)
[2023.10.09-09.44.39:641][  0]LogMagicLeapPlanes: Planes tracker already destroyed.
[2023.10.09-09.44.39:641][  0]LogModuleManager: Shutting down and abandoning module MagicLeapImageTracker (370)
[2023.10.09-09.44.39:641][  0]LogModuleManager: Shutting down and abandoning module MagicLeapIdentity (368)
[2023.10.09-09.44.39:641][  0]LogModuleManager: Shutting down and abandoning module MagicLeapHandTracking (366)
[2023.10.09-09.44.39:642][  0]LogModuleManager: Shutting down and abandoning module MagicLeapEyeTracker (364)
[2023.10.09-09.44.39:642][  0]LogModuleManager: Shutting down and abandoning module MagicLeapController (362)
[2023.10.09-09.44.39:642][  0]LogModuleManager: Shutting down and abandoning module MagicLeapARPinImpl (360)
[2023.10.09-09.44.39:643][  0]LogModuleManager: Shutting down and abandoning module MagicLeapAR (358)
[2023.10.09-09.44.39:643][  0]LogModuleManager: Shutting down and abandoning module PythonScriptPlugin (356)
[2023.10.09-09.44.39:643][  0]LogModuleManager: Shutting down and abandoning module NiagaraAnimNotifies (354)
[2023.10.09-09.44.39:643][  0]LogModuleManager: Shutting down and abandoning module Niagara (352)
[2023.10.09-09.44.39:651][  0]LogModuleManager: Shutting down and abandoning module SignalProcessing (351)
[2023.10.09-09.44.39:651][  0]LogModuleManager: Shutting down and abandoning module NiagaraEditor (349)
[2023.10.09-09.44.39:663][  0]LogModuleManager: Shutting down and abandoning module NiagaraCore (346)
[2023.10.09-09.44.39:663][  0]LogModuleManager: Shutting down and abandoning module GameplayTagsEditor (344)
[2023.10.09-09.44.39:666][  0]LogModuleManager: Shutting down and abandoning module FacialAnimationEditor (342)
[2023.10.09-09.44.39:666][  0]LogModuleManager: Shutting down and abandoning module FacialAnimation (340)
[2023.10.09-09.44.39:666][  0]LogModuleManager: Shutting down and abandoning module DataValidation (338)
[2023.10.09-09.44.39:666][  0]LogModuleManager: Shutting down and abandoning module AssetManagerEditor (336)
[2023.10.09-09.44.39:668][  0]LogModuleManager: Shutting down and abandoning module TreeMap (335)
[2023.10.09-09.44.39:671][  0]LogModuleManager: Shutting down and abandoning module GameplayCameras (332)
[2023.10.09-09.44.39:671][  0]LogModuleManager: Shutting down and abandoning module PropertyAccessNode (330)
[2023.10.09-09.44.39:674][  0]LogModuleManager: Shutting down and abandoning module AnimationSharing (328)
[2023.10.09-09.44.39:674][  0]LogModuleManager: Shutting down and abandoning module LightPropagationVolumeRuntime (326)
[2023.10.09-09.44.39:674][  0]LogModuleManager: Shutting down and abandoning module EnvironmentQueryEditor (324)
[2023.10.09-09.44.39:678][  0]LogModuleManager: Shutting down and abandoning module Paper2D (322)
[2023.10.09-09.44.39:679][  0]LogModuleManager: Shutting down and abandoning module NetworkReplayStreaming (320)
[2023.10.09-09.44.39:679][  0]LogModuleManager: Shutting down and abandoning module PacketHandler (318)
[2023.10.09-09.44.39:679][  0]LogModuleManager: Shutting down and abandoning module ClothingSystemEditor (316)
[2023.10.09-09.44.39:679][  0]LogModuleManager: Shutting down and abandoning module ClothingSystemRuntimeNv (314)
[2023.10.09-09.44.39:681][  0]LogModuleManager: Shutting down and abandoning module MediaAssets (312)
[2023.10.09-09.44.39:681][  0]LogModuleManager: Shutting down and abandoning module Overlay (310)
[2023.10.09-09.44.39:681][  0]LogModuleManager: Shutting down and abandoning module OverlayEditor (309)
[2023.10.09-09.44.39:681][  0]LogModuleManager: Shutting down and abandoning module Blutility (306)
[2023.10.09-09.44.39:684][  0]LogModuleManager: Shutting down and abandoning module LevelEditor (305)
[2023.10.09-09.44.39:697][  0]LogModuleManager: Shutting down and abandoning module PixelInspectorModule (304)
[2023.10.09-09.44.39:698][  0]LogModuleManager: Shutting down and abandoning module CommonMenuExtensions (302)
[2023.10.09-09.44.39:699][  0]LogModuleManager: Shutting down and abandoning module MainFrame (300)
[2023.10.09-09.44.39:708][  0]LogModuleManager: Shutting down and abandoning module HotReload (299)
[2023.10.09-09.44.39:713][  0]LogModuleManager: Shutting down and abandoning module ContentBrowser (295)
[2023.10.09-09.44.39:741][  0]LogModuleManager: Shutting down and abandoning module CollectionManager (294)
[2023.10.09-09.44.39:747][  0]LogModuleManager: Shutting down and abandoning module ContentBrowserData (292)
[2023.10.09-09.44.39:747][  0]LogModuleManager: Shutting down and abandoning module IntroTutorials (288)
[2023.10.09-09.44.39:753][  0]LogModuleManager: Shutting down and abandoning module VREditor (286)
[2023.10.09-09.44.39:757][  0]LogModuleManager: Shutting down and abandoning module StringTableEditor (284)
[2023.10.09-09.44.39:760][  0]LogModuleManager: Shutting down and abandoning module GameplayTasksEditor (282)
[2023.10.09-09.44.39:761][  0]LogModuleManager: Shutting down and abandoning module BehaviorTreeEditor (280)
[2023.10.09-09.44.39:767][  0]LogModuleManager: Shutting down and abandoning module FunctionalTesting (278)
[2023.10.09-09.44.39:770][  0]LogModuleManager: Shutting down and abandoning module CollisionAnalyzer (276)
[2023.10.09-09.44.39:775][  0]LogModuleManager: Shutting down and abandoning module WorkspaceMenuStructure (275)
[2023.10.09-09.44.39:777][  0]LogModuleManager: Shutting down and abandoning module UMG (272)
[2023.10.09-09.44.39:778][  0]LogModuleManager: Shutting down and abandoning module UMGEditor (271)
[2023.10.09-09.44.39:789][  0]LogModuleManager: Shutting down and abandoning module MessageLog (269)
[2023.10.09-09.44.39:789][  0]LogModuleManager: Shutting down and abandoning module SlateReflector (264)
[2023.10.09-09.44.39:803][  0]LogModuleManager: Shutting down and abandoning module Slate (262)
[2023.10.09-09.44.39:806][  0]LogModuleManager: Shutting down and abandoning module SlateCore (260)
[2023.10.09-09.44.39:811][  0]LogModuleManager: Shutting down and abandoning module LandscapeEditorUtilities (258)
[2023.10.09-09.44.39:811][  0]LogModuleManager: Shutting down and abandoning module UnrealEd (256)
[2023.10.09-09.44.39:812][  0]LogModuleManager: Shutting down and abandoning module MRMesh (254)
[2023.10.09-09.44.39:812][  0]LogModuleManager: Shutting down and abandoning module SourceCodeAccess (252)
[2023.10.09-09.44.39:813][  0]LogModuleManager: Shutting down and abandoning module HeadMountedDisplay (250)
[2023.10.09-09.44.39:814][  0]LogModuleManager: Shutting down and abandoning module XAudio2 (248)
[2023.10.09-09.44.39:817][  0]LogModuleManager: Shutting down and abandoning module Networking (246)
[2023.10.09-09.44.39:817][  0]LogModuleManager: Shutting down and abandoning module Core (244)
[2023.10.09-09.44.39:817][  0]LogModuleManager: Shutting down and abandoning module MaterialEditor (242)
[2023.10.09-09.44.39:821][  0]LogModuleManager: Shutting down and abandoning module Settings (241)
[2023.10.09-09.44.39:821][  0]LogModuleManager: Shutting down and abandoning module MovieSceneTools (238)
[2023.10.09-09.44.39:826][  0]LogModuleManager: Shutting down and abandoning module CurveEditor (237)
[2023.10.09-09.44.39:831][  0]LogModuleManager: Shutting down and abandoning module Sequencer (235)
[2023.10.09-09.44.39:841][  0]LogModuleManager: Shutting down and abandoning module EditorStyle (234)
[2023.10.09-09.44.39:860][  0]LogModuleManager: Shutting down and abandoning module KismetCompiler (230)
[2023.10.09-09.44.39:860][  0]LogModuleManager: Shutting down and abandoning module MeshBuilder (228)
[2023.10.09-09.44.39:862][  0]LogModuleManager: Shutting down and abandoning module MeshUtilities (226)
[2023.10.09-09.44.39:865][  0]LogModuleManager: Shutting down and abandoning module MeshMergeUtilities (225)
[2023.10.09-09.44.39:870][  0]LogModuleManager: Shutting down and abandoning module MeshReductionInterface (224)
[2023.10.09-09.44.39:870][  0]LogModuleManager: Shutting down and abandoning module MeshBoneReduction (223)
[2023.10.09-09.44.39:872][  0]LogModuleManager: Shutting down and abandoning module SkeletalMeshReduction (221)
[2023.10.09-09.44.39:874][  0]LogModuleManager: Shutting down and abandoning module ProxyLODMeshReduction (219)
[2023.10.09-09.44.39:887][  0]LogModuleManager: Shutting down and abandoning module QuadricMeshReduction (217)
[2023.10.09-09.44.39:890][  0]LogModuleManager: Shutting down and abandoning module MaterialBaking (213)
[2023.10.09-09.44.39:891][  0]LogModuleManager: Shutting down and abandoning module DirectoryWatcher (209)
[2023.10.09-09.44.39:891][  0]LogModuleManager: Shutting down and abandoning module NullInstallBundleManager (206)
[2023.10.09-09.44.39:891][  0]LogModuleManager: Shutting down and abandoning module DerivedDataCache (204)
[2023.10.09-09.44.39:893][  0]LogModuleManager: Shutting down and abandoning module TargetPlatform (202)
[2023.10.09-09.44.39:896][  0]LogModuleManager: Shutting down and abandoning module VulkanShaderFormat (201)
[2023.10.09-09.44.39:915][  0]LogModuleManager: Shutting down and abandoning module ShaderFormatVectorVM (199)
[2023.10.09-09.44.39:934][  0]LogModuleManager: Shutting down and abandoning module ShaderFormatOpenGL (197)
[2023.10.09-09.44.39:935][  0]LogModuleManager: Shutting down and abandoning module ShaderFormatD3D (195)
[2023.10.09-09.44.39:944][  0]LogModuleManager: Shutting down and abandoning module MetalShaderFormat (193)
[2023.10.09-09.44.39:948][  0]LogModuleManager: Shutting down and abandoning module TextureFormatOodle (191)
[2023.10.09-09.44.39:957][  0]LogModuleManager: Shutting down and abandoning module TextureFormatUncompressed (189)
[2023.10.09-09.44.39:958][  0]LogModuleManager: Shutting down and abandoning module TextureFormatPVR (187)
[2023.10.09-09.44.39:959][  0]LogModuleManager: Shutting down and abandoning module TextureFormatETC2 (185)
[2023.10.09-09.44.39:965][  0]LogModuleManager: Shutting down and abandoning module TextureFormatDXT (183)
[2023.10.09-09.44.39:965][  0]LogModuleManager: Shutting down and abandoning module TextureFormatIntelISPCTexComp (181)
[2023.10.09-09.44.39:974][  0]LogModuleManager: Shutting down and abandoning module TextureFormatASTC (179)
[2023.10.09-09.44.39:980][  0]LogModuleManager: Shutting down and abandoning module ImageWrapper (178)
[2023.10.09-09.44.39:980][  0]LogModuleManager: Shutting down and abandoning module AudioFormatOpus (175)
[2023.10.09-09.44.39:987][  0]LogModuleManager: Shutting down and abandoning module AudioFormatOgg (173)
[2023.10.09-09.44.40:003][  0]LogModuleManager: Shutting down and abandoning module AudioFormatADPCM (171)
[2023.10.09-09.44.40:004][  0]LogModuleManager: Shutting down and abandoning module WindowsServerTargetPlatform (169)
[2023.10.09-09.44.40:005][  0]LogModuleManager: Shutting down and abandoning module WindowsClientTargetPlatform (167)
[2023.10.09-09.44.40:005][  0]LogModuleManager: Shutting down and abandoning module WindowsTargetPlatform (165)
[2023.10.09-09.44.40:005][  0]LogModuleManager: Shutting down and abandoning module WindowsNoEditorTargetPlatform (163)
[2023.10.09-09.44.40:006][  0]LogModuleManager: Shutting down and abandoning module TVOSTargetPlatform (161)
[2023.10.09-09.44.40:009][  0]LogModuleManager: Shutting down and abandoning module MacServerTargetPlatform (159)
[2023.10.09-09.44.40:009][  0]LogModuleManager: Shutting down and abandoning module MacClientTargetPlatform (157)
[2023.10.09-09.44.40:009][  0]LogModuleManager: Shutting down and abandoning module MacTargetPlatform (155)
[2023.10.09-09.44.40:009][  0]LogModuleManager: Shutting down and abandoning module MacNoEditorTargetPlatform (153)
[2023.10.09-09.44.40:009][  0]LogModuleManager: Shutting down and abandoning module LuminTargetPlatform (151)
[2023.10.09-09.44.40:017][  0]LogModuleManager: Shutting down and abandoning module LinuxAArch64ServerTargetPlatform (149)
[2023.10.09-09.44.40:018][  0]LogModuleManager: Shutting down and abandoning module LinuxAArch64ClientTargetPlatform (147)
[2023.10.09-09.44.40:019][  0]LogModuleManager: Shutting down and abandoning module LinuxAArch64NoEditorTargetPlatform (145)
[2023.10.09-09.44.40:020][  0]LogModuleManager: Shutting down and abandoning module LinuxServerTargetPlatform (143)
[2023.10.09-09.44.40:020][  0]LogModuleManager: Shutting down and abandoning module LinuxClientTargetPlatform (141)
[2023.10.09-09.44.40:022][  0]LogModuleManager: Shutting down and abandoning module LinuxNoEditorTargetPlatform (139)
[2023.10.09-09.44.40:023][  0]LogModuleManager: Shutting down and abandoning module LinuxTargetPlatform (137)
[2023.10.09-09.44.40:023][  0]LogModuleManager: Shutting down and abandoning module Messaging (135)
[2023.10.09-09.44.40:023][  0]LogModuleManager: Shutting down and abandoning module IOSTargetPlatform (133)
[2023.10.09-09.44.40:024][  0]LogModuleManager: Shutting down and abandoning module AndroidTargetPlatform (131)
[2023.10.09-09.44.40:029][  0]LogModuleManager: Shutting down and abandoning module AllDesktopTargetPlatform (129)
[2023.10.09-09.44.40:029][  0]LogModuleManager: Shutting down and abandoning module NullDrv (126)
[2023.10.09-09.44.40:031][  0]LogModuleManager: Shutting down and abandoning module PhysXCooking (124)
[2023.10.09-09.44.40:031][  0]LogModuleManager: Shutting down and abandoning module Chaos (122)
[2023.10.09-09.44.40:032][  0]LogModuleManager: Shutting down and abandoning module WindowsPlatformFeatures (120)
[2023.10.09-09.44.40:035][  0]LogModuleManager: Shutting down and abandoning module GameplayMediaEncoder (119)
[2023.10.09-09.44.40:041][  0]LogModuleManager: Shutting down and abandoning module AVEncoder (118)
[2023.10.09-09.44.40:049][  0]LogModuleManager: Shutting down and abandoning module ExampleDeviceProfileSelector (114)
[2023.10.09-09.44.40:049][  0]LogModuleManager: Shutting down and abandoning module SteamVRInputDevice (112)
[2023.10.09-09.44.40:055][  0]LogModuleManager: Shutting down and abandoning module SteamVRInput (110)
[2023.10.09-09.44.40:055][  0]LogModuleManager: Shutting down and abandoning module SteamVR (108)
[2023.10.09-09.44.40:057][  0]LogHMD: Freeing OpenVRDLLHandle.
[2023.10.09-09.44.40:058][  0]LogModuleManager: Shutting down and abandoning module OculusHMD (106)
[2023.10.09-09.44.40:067][  0]LogModuleManager: Shutting down and abandoning module OpenXREyeTracker (104)
[2023.10.09-09.44.40:068][  0]LogModuleManager: Shutting down and abandoning module OpenXRHandTracking (102)
[2023.10.09-09.44.40:073][  0]LogModuleManager: Shutting down and abandoning module OpenXRAR (100)
[2023.10.09-09.44.40:074][  0]LogModuleManager: Shutting down and abandoning module AugmentedReality (99)
[2023.10.09-09.44.40:075][  0]LogModuleManager: Shutting down and abandoning module OpenXRHMD (96)
[2023.10.09-09.44.40:076][  0]LogModuleManager: Shutting down and abandoning module ChunkDownloader (94)
[2023.10.09-09.44.40:077][  0]LogModuleManager: Shutting down and abandoning module LauncherChunkInstaller (92)
[2023.10.09-09.44.40:077][  0]LogModuleManager: Shutting down and abandoning module OnlineBlueprintSupport (90)
[2023.10.09-09.44.40:077][  0]LogModuleManager: Shutting down and abandoning module OnlineSubsystem (86)
[2023.10.09-09.44.40:089][  0]LogModuleManager: Shutting down and abandoning module XMPP (81)
[2023.10.09-09.44.40:098][  0]LogModuleManager: Shutting down and abandoning module WebSockets (80)
[2023.10.09-09.44.40:124][  0]LogModuleManager: Shutting down and abandoning module HTTP (77)
[2023.10.09-09.44.40:136][  0]LogHttp: Display: cleaning up 0 outstanding Http requests.
[2023.10.09-09.44.40:175][  0]LogModuleManager: Shutting down and abandoning module SSL (76)
[2023.10.09-09.44.40:226][  0]LogModuleManager: Shutting down and abandoning module WmfMedia (72)
[2023.10.09-09.44.40:243][  0]LogModuleManager: Shutting down and abandoning module Media (71)
[2023.10.09-09.44.40:244][  0]LogModuleManager: Shutting down and abandoning module MediaInfo (70)
[2023.10.09-09.44.40:244][  0]LogModuleManager: Shutting down and abandoning module ExrReaderGpu (66)
[2023.10.09-09.44.40:245][  0]LogModuleManager: Shutting down and abandoning module MLSDK (64)
[2023.10.09-09.44.40:247][  0]LogModuleManager: Shutting down and abandoning module MagicLeap (62)
[2023.10.09-09.44.40:247][  0]LogModuleManager: Shutting down and abandoning module VariantManagerContent (60)
[2023.10.09-09.44.40:247][  0]LogModuleManager: Shutting down and abandoning module DatasmithContent (58)
[2023.10.09-09.44.40:248][  0]LogModuleManager: Shutting down and abandoning module ChaosCloth (56)
[2023.10.09-09.44.40:250][  0]LogModuleManager: Shutting down and abandoning module NiagaraVertexFactories (54)
[2023.10.09-09.44.40:251][  0]LogModuleManager: Shutting down and abandoning module NiagaraShader (52)
[2023.10.09-09.44.40:252][  0]LogModuleManager: Shutting down and abandoning module PixWinPlugin (50)
[2023.10.09-09.44.40:254][  0]LogModuleManager: Shutting down and abandoning module AISupportModule (48)
[2023.10.09-09.44.40:254][  0]LogModuleManager: Shutting down and abandoning module OodleDataCompressionFormat (46)
[2023.10.09-09.44.40:257][  0]LogModuleManager: Shutting down and abandoning module PythonScriptPluginPreload (44)
[2023.10.09-09.44.40:258][  0]LogModuleManager: Shutting down and abandoning module PlatformCryptoOpenSSL (42)
[2023.10.09-09.44.40:259][  0]LogModuleManager: Shutting down and abandoning module PlatformCryptoTypes (40)
[2023.10.09-09.44.40:259][  0]LogModuleManager: Shutting down and abandoning module PlatformCrypto (38)
[2023.10.09-09.44.40:260][  0]LogModuleManager: Shutting down and abandoning module XGEController (36)
[2023.10.09-09.44.40:263][  0]LogXGEController: Cannot use XGE Controller as Incredibuild is not installed on this machine.
[2023.10.09-09.44.40:263][  0]LogXGEController: Cleaning working directory: C:/Users/s.dronskiy/AppData/Local/Temp/UnrealXGEWorkingDir/
[2023.10.09-09.44.40:263][  0]LogModuleManager: Shutting down and abandoning module AnimationModifiers (34)
[2023.10.09-09.44.40:269][  0]LogModuleManager: Shutting down and abandoning module AudioEditor (32)
[2023.10.09-09.44.40:279][  0]LogModuleManager: Shutting down and abandoning module PropertyEditor (31)
[2023.10.09-09.44.40:295][  0]LogModuleManager: Shutting down and abandoning module TextureCompressor (28)
[2023.10.09-09.44.40:298][  0]LogModuleManager: Shutting down and abandoning module RenderCore (26)
[2023.10.09-09.44.40:298][  0]LogModuleManager: Shutting down and abandoning module Landscape (24)
[2023.10.09-09.44.40:298][  0]LogModuleManager: Shutting down and abandoning module SlateRHIRenderer (22)
[2023.10.09-09.44.40:299][  0]LogModuleManager: Shutting down and abandoning module AnimGraphRuntime (20)
[2023.10.09-09.44.40:300][  0]LogModuleManager: Shutting down and abandoning module Renderer (18)
[2023.10.09-09.44.40:319][  0]LogModuleManager: Shutting down and abandoning module Engine (16)
[2023.10.09-09.44.40:326][  0]LogModuleManager: Shutting down and abandoning module CoreUObject (14)
[2023.10.09-09.44.40:326][  0]LogModuleManager: Shutting down and abandoning module NetworkFile (12)
[2023.10.09-09.44.40:328][  0]LogModuleManager: Shutting down and abandoning module CookedIterativeFile (10)
[2023.10.09-09.44.40:330][  0]LogModuleManager: Shutting down and abandoning module StreamingFile (8)
[2023.10.09-09.44.40:331][  0]LogModuleManager: Shutting down and abandoning module SandboxFile (6)
[2023.10.09-09.44.40:332][  0]LogModuleManager: Shutting down and abandoning module PakFile (4)
[2023.10.09-09.44.40:340][  0]LogModuleManager: Shutting down and abandoning module RSA (3)
[2023.10.09-09.44.40:443][  0]LogContentStreaming: Display: There are 1 unreleased StreamingManagers
[2023.10.09-09.44.40:468][  0]LogExit: Exiting.
[2023.10.09-09.44.40:519][  0]Log file closed, 10/09/23 12:44:40
