Log file open, 10/13/23 13:13:01
LogWindows: Failed to load 'aqProf.dll' (GetLastError=126)
LogWindows: File 'aqProf.dll' does not exist
LogWindows: Failed to load 'VtuneApi.dll' (GetLastError=126)
LogWindows: File 'VtuneApi.dll' does not exist
LogWindows: Failed to load 'VtuneApi32e.dll' (GetLastError=126)
LogWindows: File 'VtuneApi32e.dll' does not exist
LogConsoleResponse: Display: Failed to find resolution value strings in scalability ini. Falling back to default.
LogConsoleResponse: Display: Failed to find resolution value strings in scalability ini. Falling back to default.
LogInit: Display: Running engine for game: CppTPS
LogPlatformFile: Not using cached read wrapper
LogTaskGraph: Started task graph with 5 named threads and 35 total threads with 3 sets of task threads.
LogStats: Stats thread started at 4.149951
LogICUInternationalization: ICU TimeZone Detection - Raw Offset: +3:00, Platform Override: ''
LogInit: Display: Loading text-based GConfig....
LogPluginManager: Mounting plugin XGEController
LogPluginManager: Mounting plugin MeshPainting
LogPluginManager: Mounting plugin Paper2D
LogPluginManager: Mounting plugin LiveLink
LogPluginManager: Mounting plugin AISupport
LogPluginManager: Mounting plugin EnvironmentQueryEditor
LogPluginManager: Mounting plugin GameplayCameras
LogPluginManager: Mounting plugin LightPropagationVolume
LogPluginManager: Mounting plugin CameraShakePreviewer
LogPluginManager: Mounting plugin AnimationSharing
LogPluginManager: Mounting plugin CodeLiteSourceCodeAccess
LogPluginManager: Mounting plugin CLionSourceCodeAccess
LogPluginManager: Mounting plugin GitSourceControl
LogPluginManager: Mounting plugin NullSourceCodeAccess
LogPluginManager: Mounting plugin PerforceSourceControl
LogPluginManager: Mounting plugin PropertyAccessNode
LogPluginManager: Mounting plugin KDevelopSourceCodeAccess
LogPluginManager: Mounting plugin PixWinPlugin
LogPluginManager: Mounting plugin TextureFormatOodle
LogPluginManager: Mounting plugin RiderSourceCodeAccess
LogPluginManager: Mounting plugin SubversionSourceControl
LogPluginManager: Mounting plugin PlasticSourceControl
LogPluginManager: Mounting plugin PluginUtils
LogPluginManager: Mounting plugin VisualStudioCodeSourceCodeAccess
LogPluginManager: Mounting plugin UObjectPlugin
LogPluginManager: Mounting plugin VisualStudioSourceCodeAccess
LogPluginManager: Mounting plugin XCodeSourceCodeAccess
LogPluginManager: Mounting plugin OodleData
LogPluginManager: Mounting plugin AssetManagerEditor
LogPluginManager: Mounting plugin CryptoKeys
LogPluginManager: Mounting plugin OodleNetwork
LogPluginManager: Mounting plugin CurveEditorTools
LogPluginManager: Mounting plugin DataValidation
LogPluginManager: Mounting plugin FacialAnimation
LogPluginManager: Mounting plugin MacGraphicsSwitching
LogPluginManager: Mounting plugin GeometryMode
LogPluginManager: Mounting plugin GameplayTagsEditor
LogPluginManager: Mounting plugin MaterialAnalyzer
LogPluginManager: Mounting plugin PluginBrowser
LogPluginManager: Mounting plugin MobileLauncherProfileWizard
LogPluginManager: Mounting plugin SpeedTreeImporter
LogPluginManager: Mounting plugin BackChannel
LogPluginManager: Mounting plugin AlembicImporter
LogPluginManager: Mounting plugin AutomationUtils
LogPluginManager: Mounting plugin ChaosClothEditor
LogPluginManager: Mounting plugin ChaosEditor
LogPluginManager: Mounting plugin ChaosSolverPlugin
LogPluginManager: Mounting plugin ChaosCloth
LogPluginManager: Mounting plugin CharacterAI
LogPluginManager: Mounting plugin GeometryCache
LogPluginManager: Mounting plugin ChaosNiagara
LogPluginManager: Mounting plugin GeometryCollectionPlugin
LogPluginManager: Mounting plugin GeometryProcessing
LogPluginManager: Mounting plugin DatasmithContent
LogPluginManager: Mounting plugin VariantManagerContent
LogPluginManager: Mounting plugin MotoSynth
LogPluginManager: Mounting plugin OpenImageDenoise
LogPluginManager: Mounting plugin PlanarCut
LogPluginManager: Mounting plugin PlatformCrypto
LogPluginManager: Mounting plugin ProxyLODPlugin
LogPluginManager: Mounting plugin PythonScriptPlugin
LogPluginManager: Mounting plugin AndroidMedia
LogPluginManager: Mounting plugin LuminPlatformFeatures
LogPluginManager: Mounting plugin MagicLeap
LogPluginManager: Mounting plugin SkeletalReduction
LogPluginManager: Mounting plugin MagicLeapMedia
LogPluginManager: Mounting plugin MagicLeapPassableWorld
LogPluginManager: Mounting plugin MLSDK
LogPluginManager: Mounting plugin MagicLeapLightEstimation
LogPluginManager: Mounting plugin AvfMedia
LogPluginManager: Mounting plugin ImgMedia
LogPluginManager: Mounting plugin MediaCompositing
LogPluginManager: Mounting plugin OnlineSubsystem
LogPluginManager: Mounting plugin MediaPlayerEditor
LogPluginManager: Mounting plugin OnlineSubsystemNull
LogPluginManager: Mounting plugin OnlineSubsystemUtils
LogPluginManager: Mounting plugin ActorLayerUtilities
LogPluginManager: Mounting plugin AndroidDeviceProfileSelector
LogPluginManager: Mounting plugin WebMMedia
LogPluginManager: Mounting plugin WmfMedia
LogPluginManager: Mounting plugin ArchVisCharacter
LogPluginManager: Mounting plugin AssetTags
LogPluginManager: Mounting plugin ChunkDownloader
LogPluginManager: Mounting plugin AndroidMoviePlayer
LogPluginManager: Mounting plugin EditableMesh
LogPluginManager: Mounting plugin ExampleDeviceProfileSelector
LogPluginManager: Mounting plugin GoogleCloudMessaging
LogPluginManager: Mounting plugin AndroidPermission
LogPluginManager: Mounting plugin GooglePAD
LogPluginManager: Mounting plugin IOSDeviceProfileSelector
LogPluginManager: Mounting plugin LinuxDeviceProfileSelector
LogPluginManager: Mounting plugin LocationServicesBPLibrary
LogPluginManager: Mounting plugin MobilePatchingUtils
LogPluginManager: Mounting plugin OpenXR
LogPluginManager: Mounting plugin OpenXREyeTracker
LogPluginManager: Mounting plugin OpenXRHandTracking
LogPluginManager: Mounting plugin PhysXVehicles
LogPluginManager: Mounting plugin PostSplashScreen
LogPluginManager: Mounting plugin ProceduralMeshComponent
LogPluginManager: Mounting plugin PropertyAccessEditor
LogPluginManager: Mounting plugin RuntimePhysXCooking
LogPluginManager: Mounting plugin SignificanceManager
LogPluginManager: Mounting plugin SoundFields
LogPluginManager: Mounting plugin Synthesis
LogPluginManager: Mounting plugin WebMMoviePlayer
LogPluginManager: Mounting plugin WindowsMoviePlayer
LogPluginManager: Mounting plugin ScreenshotTools
LogPluginManager: Mounting plugin AppleImageUtils
LogPluginManager: Mounting plugin AppleMoviePlayer
LogPluginManager: Mounting plugin Takes
LogPluginManager: Mounting plugin AudioCapture
LogPluginManager: Mounting plugin AudioSynesthesia
LogPluginManager: Mounting plugin CableComponent
LogPluginManager: Mounting plugin CustomMeshComponent
LogPluginManager: Mounting plugin Niagara
LogPluginManager: Mounting plugin TcpMessaging
LogPluginManager: Mounting plugin LauncherChunkInstaller
LogPluginManager: Mounting plugin UdpMessaging
LogPluginManager: Mounting plugin ActorSequence
LogPluginManager: Mounting plugin LevelSequenceEditor
LogPluginManager: Mounting plugin MatineeToLevelSequence
LogPluginManager: Mounting plugin TemplateSequence
LogPluginManager: Mounting plugin ContentBrowserClassDataSource
LogPluginManager: Mounting plugin ContentBrowserAssetDataSource
LogPluginManager: Mounting plugin ContentBrowserFileDataSource
LogPluginManager: Mounting plugin OnlineSubsystemIOS
LogPluginManager: Mounting plugin OnlineSubsystemGooglePlay
LogPluginManager: Mounting plugin OculusVR
LogPluginManager: Mounting plugin SteamVR
LogPluginManager: Mounting plugin WoodyQuests
PixWinPlugin: PIX capture plugin failed to initialize! Check that the process is launched from PIX.
LogInit: Using libcurl 7.55.1-DEV
LogInit:  - built for x86_64-pc-win32
LogInit:  - supports SSL with OpenSSL/1.1.1
LogInit:  - supports HTTP deflate (compression) using libz 1.2.8
LogInit:  - other features:
LogInit:      CURL_VERSION_SSL
LogInit:      CURL_VERSION_LIBZ
LogInit:      CURL_VERSION_IPV6
LogInit:      CURL_VERSION_ASYNCHDNS
LogInit:      CURL_VERSION_LARGEFILE
LogInit:      CURL_VERSION_IDN
LogInit:  CurlRequestOptions (configurable via config and command line):
LogInit:  - bVerifyPeer = true  - Libcurl will verify peer certificate
LogInit:  - bUseHttpProxy = false  - Libcurl will NOT use HTTP proxy
LogInit:  - bDontReuseConnections = false  - Libcurl will reuse connections
LogInit:  - MaxHostConnections = 16  - Libcurl will limit the number of connections to a host
LogInit:  - LocalHostAddr = Default
LogInit:  - BufferSize = 65536
LogOnline: OSS: Creating online subsystem instance for: NULL
LogInit: WinSock: version 1.1 (2.2), MaxSocks=32767, MaxUdp=65467
LogOnline: OSS: TryLoadSubsystemAndSetDefault: Loaded subsystem for module [NULL]
LogInit: Build: ++UE4+Release-4.27-CL-18319896
LogInit: Engine Version: 4.27.2-18319896+++UE4+Release-4.27
LogInit: Compatible Engine Version: 4.27.0-17155196+++UE4+Release-4.27
LogInit: Net CL: 17155196
LogInit: OS: Windows 10 (Release 2009) (), CPU: Intel(R) Core(TM) i5-10400 CPU @ 2.90GHz, GPU: Intel(R) UHD Graphics 630
LogInit: Compiled (64-bit): Nov 30 2021 07:12:08
LogInit: Compiled with Visual C++: 19.24.28315.00
LogInit: Build Configuration: Development
LogInit: Branch Name: ++UE4+Release-4.27
LogInit: Command Line:  "C:\Users\s.dronskiy\Documents\Unreal Projects\UE_CPP_Classes\CppTPS\CppTPS.uproject" -run=VisualStudioTools -unattended -noshadercompile -nosound -nullrhi -nocpuprofilertrace -nocrashreports -nosplash -ddc=noshared -output=C:\Users\s.dronskiy\AppData\Local\Temp\tmpC4D.tmp
LogInit: Base Directory: R:/Port/UE_4.27/Engine/Binaries/Win64/
LogInit: Allocator: TBB
LogInit: Installed Engine Build: 1
LogDevObjectVersion: Number of dev versions registered: 29
LogDevObjectVersion:   Dev-Blueprints (B0D832E4-1F89-4F0D-ACCF-7EB736FD4AA2): 10
LogDevObjectVersion:   Dev-Build (E1C64328-A22C-4D53-A36C-8E866417BD8C): 0
LogDevObjectVersion:   Dev-Core (375EC13C-06E4-48FB-B500-84F0262A717E): 4
LogDevObjectVersion:   Dev-Editor (E4B068ED-F494-42E9-A231-DA0B2E46BB41): 40
LogDevObjectVersion:   Dev-Framework (CFFC743F-43B0-4480-9391-14DF171D2073): 37
LogDevObjectVersion:   Dev-Mobile (B02B49B5-BB20-44E9-A304-32B752E40360): 3
LogDevObjectVersion:   Dev-Networking (A4E4105C-59A1-49B5-A7C5-40C4547EDFEE): 0
LogDevObjectVersion:   Dev-Online (39C831C9-5AE6-47DC-9A44-9C173E1C8E7C): 0
LogDevObjectVersion:   Dev-Physics (78F01B33-EBEA-4F98-B9B4-84EACCB95AA2): 14
LogDevObjectVersion:   Dev-Platform (6631380F-2D4D-43E0-8009-CF276956A95A): 0
LogDevObjectVersion:   Dev-Rendering (12F88B9F-8875-4AFC-A67C-D90C383ABD29): 45
LogDevObjectVersion:   Dev-Sequencer (7B5AE74C-D270-4C10-A958-57980B212A5A): 13
LogDevObjectVersion:   Dev-VR (D7296918-1DD6-4BDD-9DE2-64A83CC13884): 3
LogDevObjectVersion:   Dev-LoadTimes (C2A15278-BFE7-4AFE-6C17-90FF531DF755): 1
LogDevObjectVersion:   Private-Geometry (6EACA3D4-40EC-4CC1-B786-8BED09428FC5): 3
LogDevObjectVersion:   Dev-AnimPhys (29E575DD-E0A3-4627-9D10-D276232CDCEA): 17
LogDevObjectVersion:   Dev-Anim (AF43A65D-7FD3-4947-9873-3E8ED9C1BB05): 15
LogDevObjectVersion:   Dev-ReflectionCapture (6B266CEC-1EC7-4B8F-A30B-E4D90942FC07): 1
LogDevObjectVersion:   Dev-Automation (0DF73D61-A23F-47EA-B727-89E90C41499A): 1
LogDevObjectVersion:   FortniteMain (601D1886-AC64-4F84-AA16-D3DE0DEAC7D6): 47
LogDevObjectVersion:   FortniteRelease (E7086368-6B23-4C58-8439-1B7016265E91): 1
LogDevObjectVersion:   Dev-Enterprise (9DFFBCD6-494F-0158-E221-12823C92A888): 10
LogDevObjectVersion:   Dev-Niagara (F2AED0AC-9AFE-416F-8664-AA7FFA26D6FC): 1
LogDevObjectVersion:   Dev-Destruction (174F1F0B-B4C6-45A5-B13F-2EE8D0FB917D): 10
LogDevObjectVersion:   Dev-Physics-Ext (35F94A83-E258-406C-A318-09F59610247C): 41
LogDevObjectVersion:   Dev-PhysicsMaterial-Chaos (B68FC16E-8B1B-42E2-B453-215C058844FE): 1
LogDevObjectVersion:   Dev-CineCamera (B2E18506-4273-CFC2-A54E-F4BB758BBA07): 1
LogDevObjectVersion:   Dev-VirtualProduction (64F58936-FD1B-42BA-BA96-7289D5D0FA4E): 1
LogDevObjectVersion:   Dev-MediaFramework (6F0ED827-A609-4895-9C91-998D90180EA4): 2
LogInit: Presizing for max 25165824 objects, including 0 objects not considered by GC, pre-allocating 0 bytes for permanent pool.
LogConfig: Applying CVar settings from Section [/Script/Engine.StreamingSettings] File [C:/Users/s.dronskiy/Documents/Unreal Projects/UE_CPP_Classes/CppTPS/Saved/Config/Windows/Engine.ini]
LogConfig: Setting CVar [[s.MinBulkDataSizeForAsyncLoading:131072]]
LogConfig: Setting CVar [[s.AsyncLoadingThreadEnabled:0]]
LogConfig: Setting CVar [[s.EventDrivenLoaderEnabled:1]]
LogConfig: Setting CVar [[s.WarnIfTimeLimitExceeded:0]]
LogConfig: Setting CVar [[s.TimeLimitExceededMultiplier:1.5]]
LogConfig: Setting CVar [[s.TimeLimitExceededMinTime:0.005]]
LogConfig: Setting CVar [[s.UseBackgroundLevelStreaming:1]]
LogConfig: Setting CVar [[s.PriorityAsyncLoadingExtraTime:15.0]]
LogConfig: Setting CVar [[s.LevelStreamingActorsUpdateTimeLimit:5.0]]
LogConfig: Setting CVar [[s.PriorityLevelStreamingActorsUpdateExtraTime:5.0]]
LogConfig: Setting CVar [[s.LevelStreamingComponentsRegistrationGranularity:10]]
LogConfig: Setting CVar [[s.UnregisterComponentsTimeLimit:1.0]]
LogConfig: Setting CVar [[s.LevelStreamingComponentsUnregistrationGranularity:5]]
LogConfig: Setting CVar [[s.FlushStreamingOnExit:1]]
LogInit: Object subsystem initialized
LogConfig: Setting CVar [[con.DebugEarlyDefault:1]]
LogConfig: Setting CVar [[r.setres:1280x720]]
[2023.10.13-10.13.06:424][  0]LogConfig: Setting CVar [[con.DebugEarlyDefault:1]]
[2023.10.13-10.13.06:424][  0]LogConfig: Setting CVar [[r.setres:1280x720]]
[2023.10.13-10.13.06:425][  0]LogConfig: Applying CVar settings from Section [/Script/Engine.RendererSettings] File [C:/Users/s.dronskiy/Documents/Unreal Projects/UE_CPP_Classes/CppTPS/Saved/Config/Windows/Engine.ini]
[2023.10.13-10.13.06:426][  0]LogConfig: Setting CVar [[r.GPUCrashDebugging:0]]
[2023.10.13-10.13.06:426][  0]LogConfig: Setting CVar [[r.Mobile.DisableVertexFog:1]]
[2023.10.13-10.13.06:426][  0]LogConfig: Setting CVar [[r.Shadow.CSM.MaxMobileCascades:2]]
[2023.10.13-10.13.06:426][  0]LogConfig: Setting CVar [[r.MobileMSAA:1]]
[2023.10.13-10.13.06:426][  0]LogConfig: Setting CVar [[r.Mobile.AllowDitheredLODTransition:0]]
[2023.10.13-10.13.06:426][  0]LogConfig: Setting CVar [[r.Mobile.AllowSoftwareOcclusion:0]]
[2023.10.13-10.13.06:426][  0]LogConfig: Setting CVar [[r.Mobile.VirtualTextures:0]]
[2023.10.13-10.13.06:426][  0]LogConfig: Setting CVar [[r.DiscardUnusedQuality:0]]
[2023.10.13-10.13.06:426][  0]LogConfig: Setting CVar [[r.AllowOcclusionQueries:1]]
[2023.10.13-10.13.06:426][  0]LogConfig: Setting CVar [[r.MinScreenRadiusForLights:0.030000]]
[2023.10.13-10.13.06:426][  0]LogConfig: Setting CVar [[r.MinScreenRadiusForDepthPrepass:0.030000]]
[2023.10.13-10.13.06:426][  0]LogConfig: Setting CVar [[r.MinScreenRadiusForCSMDepth:0.010000]]
[2023.10.13-10.13.06:426][  0]LogConfig: Setting CVar [[r.PrecomputedVisibilityWarning:0]]
[2023.10.13-10.13.06:426][  0]LogConfig: Setting CVar [[r.TextureStreaming:1]]
[2023.10.13-10.13.06:426][  0]LogConfig: Setting CVar [[Compat.UseDXT5NormalMaps:0]]
[2023.10.13-10.13.06:426][  0]LogConfig: Setting CVar [[r.VirtualTextures:0]]
[2023.10.13-10.13.06:426][  0]LogConfig: Setting CVar [[r.VT.EnableAutoImport:1]]
[2023.10.13-10.13.06:426][  0]LogConfig: Setting CVar [[r.VirtualTexturedLightmaps:0]]
[2023.10.13-10.13.06:426][  0]LogConfig: Setting CVar [[r.VT.TileSize:128]]
[2023.10.13-10.13.06:426][  0]LogConfig: Setting CVar [[r.VT.TileBorderSize:4]]
[2023.10.13-10.13.06:426][  0]LogConfig: Setting CVar [[r.vt.FeedbackFactor:16]]
[2023.10.13-10.13.06:426][  0]LogConfig: Setting CVar [[r.VT.EnableCompressZlib:1]]
[2023.10.13-10.13.06:426][  0]LogConfig: Setting CVar [[r.VT.EnableCompressCrunch:0]]
[2023.10.13-10.13.06:426][  0]LogConfig: Setting CVar [[r.ClearCoatNormal:0]]
[2023.10.13-10.13.06:426][  0]LogConfig: Setting CVar [[r.ReflectionCaptureResolution:128]]
[2023.10.13-10.13.06:426][  0]LogConfig: Setting CVar [[r.Mobile.ReflectionCaptureCompression:0]]
[2023.10.13-10.13.06:426][  0]LogConfig: Setting CVar [[r.ReflectionEnvironmentLightmapMixBasedOnRoughness:1]]
[2023.10.13-10.13.06:426][  0]LogConfig: Setting CVar [[r.ForwardShading:0]]
[2023.10.13-10.13.06:426][  0]LogConfig: Setting CVar [[r.VertexFoggingForOpaque:1]]
[2023.10.13-10.13.06:426][  0]LogConfig: Setting CVar [[r.AllowStaticLighting:1]]
[2023.10.13-10.13.06:426][  0]LogConfig: Setting CVar [[r.NormalMapsForStaticLighting:0]]
[2023.10.13-10.13.06:426][  0]LogConfig: Setting CVar [[r.GenerateMeshDistanceFields:0]]
[2023.10.13-10.13.06:426][  0]LogConfig: Setting CVar [[r.DistanceFieldBuild.EightBit:0]]
[2023.10.13-10.13.06:426][  0]LogConfig: Setting CVar [[r.GenerateLandscapeGIData:0]]
[2023.10.13-10.13.06:426][  0]LogConfig: Setting CVar [[r.DistanceFieldBuild.Compress:0]]
[2023.10.13-10.13.06:426][  0]LogConfig: Setting CVar [[r.TessellationAdaptivePixelsPerTriangle:48.000000]]
[2023.10.13-10.13.06:426][  0]LogConfig: Setting CVar [[r.SeparateTranslucency:1]]
[2023.10.13-10.13.06:426][  0]LogConfig: Setting CVar [[r.TranslucentSortPolicy:0]]
[2023.10.13-10.13.06:426][  0]LogConfig: Setting CVar [[vr.VRS.HMDFixedFoveationLevel:0]]
[2023.10.13-10.13.06:426][  0]LogConfig: Setting CVar [[r.CustomDepth:1]]
[2023.10.13-10.13.06:426][  0]LogConfig: Setting CVar [[r.CustomDepthTemporalAAJitter:1]]
[2023.10.13-10.13.06:426][  0]LogConfig: Setting CVar [[r.PostProcessing.PropagateAlpha:0]]
[2023.10.13-10.13.06:426][  0]LogConfig: Setting CVar [[r.DefaultFeature.Bloom:1]]
[2023.10.13-10.13.06:426][  0]LogConfig: Setting CVar [[r.DefaultFeature.AmbientOcclusion:1]]
[2023.10.13-10.13.06:426][  0]LogConfig: Setting CVar [[r.DefaultFeature.AmbientOcclusionStaticFraction:1]]
[2023.10.13-10.13.06:426][  0]LogConfig: Setting CVar [[r.DefaultFeature.AutoExposure:0]]
[2023.10.13-10.13.06:426][  0]LogConfig: Setting CVar [[r.DefaultFeature.AutoExposure.Method:0]]
[2023.10.13-10.13.06:426][  0]LogConfig: Setting CVar [[r.DefaultFeature.AutoExposure.Bias:1.000000]]
[2023.10.13-10.13.06:426][  0]LogConfig: Setting CVar [[r.DefaultFeature.AutoExposure.ExtendDefaultLuminanceRange:0]]
[2023.10.13-10.13.06:426][  0]LogConfig: Setting CVar [[r.UsePreExposure:1]]
[2023.10.13-10.13.06:426][  0]LogConfig: Setting CVar [[r.EyeAdaptation.EditorOnly:0]]
[2023.10.13-10.13.06:426][  0]LogConfig: Setting CVar [[r.DefaultFeature.MotionBlur:0]]
[2023.10.13-10.13.06:426][  0]LogConfig: Setting CVar [[r.DefaultFeature.LensFlare:0]]
[2023.10.13-10.13.06:426][  0]LogConfig: Setting CVar [[r.TemporalAA.Upsampling:0]]
[2023.10.13-10.13.06:426][  0]LogConfig: Setting CVar [[r.SSGI.Enable:0]]
[2023.10.13-10.13.06:426][  0]LogConfig: Setting CVar [[r.DefaultFeature.AntiAliasing:0]]
[2023.10.13-10.13.06:426][  0]LogConfig: Setting CVar [[r.DefaultFeature.LightUnits:1]]
[2023.10.13-10.13.06:426][  0]LogConfig: Setting CVar [[r.DefaultBackBufferPixelFormat:4]]
[2023.10.13-10.13.06:426][  0]LogConfig: Setting CVar [[r.Shadow.UnbuiltPreviewInGame:1]]
[2023.10.13-10.13.06:426][  0]LogConfig: Setting CVar [[r.StencilForLODDither:0]]
[2023.10.13-10.13.06:426][  0]LogConfig: Setting CVar [[r.EarlyZPass:3]]
[2023.10.13-10.13.06:432][  0]LogConfig: Setting CVar [[r.EarlyZPassOnlyMaterialMasking:0]]
[2023.10.13-10.13.06:432][  0]LogConfig: Setting CVar [[r.DBuffer:1]]
[2023.10.13-10.13.06:432][  0]LogConfig: Setting CVar [[r.ClearSceneMethod:1]]
[2023.10.13-10.13.06:432][  0]LogConfig: Setting CVar [[r.BasePassOutputsVelocity:0]]
[2023.10.13-10.13.06:432][  0]LogConfig: Setting CVar [[r.VertexDeformationOutputsVelocity:0]]
[2023.10.13-10.13.06:432][  0]LogConfig: Setting CVar [[r.SelectiveBasePassOutputs:0]]
[2023.10.13-10.13.06:432][  0]LogConfig: Setting CVar [[fx.GPUSimulationTextureSizeX:1024]]
[2023.10.13-10.13.06:432][  0]LogConfig: Setting CVar [[fx.GPUSimulationTextureSizeY:1024]]
[2023.10.13-10.13.06:432][  0]LogConfig: Setting CVar [[r.AllowGlobalClipPlane:0]]
[2023.10.13-10.13.06:432][  0]LogConfig: Setting CVar [[r.GBufferFormat:1]]
[2023.10.13-10.13.06:432][  0]LogConfig: Setting CVar [[r.MorphTarget.Mode:1]]
[2023.10.13-10.13.06:432][  0]LogConfig: Setting CVar [[vr.InstancedStereo:0]]
[2023.10.13-10.13.06:432][  0]LogConfig: Setting CVar [[r.MobileHDR:1]]
[2023.10.13-10.13.06:432][  0]LogConfig: Setting CVar [[vr.MobileMultiView:0]]
[2023.10.13-10.13.06:432][  0]LogConfig: Setting CVar [[r.Mobile.UseHWsRGBEncoding:0]]
[2023.10.13-10.13.06:432][  0]LogConfig: Setting CVar [[vr.RoundRobinOcclusion:0]]
[2023.10.13-10.13.06:432][  0]LogConfig: Setting CVar [[vr.ODSCapture:0]]
[2023.10.13-10.13.06:432][  0]LogConfig: Setting CVar [[r.MeshStreaming:0]]
[2023.10.13-10.13.06:432][  0]LogConfig: Setting CVar [[r.WireframeCullThreshold:5.000000]]
[2023.10.13-10.13.06:432][  0]LogConfig: Setting CVar [[r.RayTracing:0]]
[2023.10.13-10.13.06:432][  0]LogConfig: Setting CVar [[r.RayTracing.UseTextureLod:0]]
[2023.10.13-10.13.06:432][  0]LogConfig: Setting CVar [[r.SupportStationarySkylight:1]]
[2023.10.13-10.13.06:432][  0]LogConfig: Setting CVar [[r.SupportLowQualityLightmaps:1]]
[2023.10.13-10.13.06:432][  0]LogConfig: Setting CVar [[r.SupportPointLightWholeSceneShadows:1]]
[2023.10.13-10.13.06:432][  0]LogConfig: Setting CVar [[r.SupportAtmosphericFog:1]]
[2023.10.13-10.13.06:432][  0]LogConfig: Setting CVar [[r.SupportSkyAtmosphere:1]]
[2023.10.13-10.13.06:432][  0]LogConfig: Setting CVar [[r.SupportSkyAtmosphereAffectsHeightFog:0]]
[2023.10.13-10.13.06:432][  0]LogConfig: Setting CVar [[r.SkinCache.CompileShaders:0]]
[2023.10.13-10.13.06:432][  0]LogConfig: Setting CVar [[r.SkinCache.DefaultBehavior:1]]
[2023.10.13-10.13.06:432][  0]LogConfig: Setting CVar [[r.SkinCache.SceneMemoryLimitInMB:128.000000]]
[2023.10.13-10.13.06:432][  0]LogConfig: Setting CVar [[r.Mobile.EnableStaticAndCSMShadowReceivers:1]]
[2023.10.13-10.13.06:432][  0]LogConfig: Setting CVar [[r.Mobile.EnableMovableLightCSMShaderCulling:1]]
[2023.10.13-10.13.06:432][  0]LogConfig: Setting CVar [[r.Mobile.AllowDistanceFieldShadows:1]]
[2023.10.13-10.13.06:432][  0]LogConfig: Setting CVar [[r.Mobile.AllowMovableDirectionalLights:1]]
[2023.10.13-10.13.06:432][  0]LogConfig: Setting CVar [[r.MobileNumDynamicPointLights:4]]
[2023.10.13-10.13.06:432][  0]LogConfig: Setting CVar [[r.MobileDynamicPointLightsUseStaticBranch:1]]
[2023.10.13-10.13.06:432][  0]LogConfig: Setting CVar [[r.Mobile.EnableMovableSpotlights:0]]
[2023.10.13-10.13.06:432][  0]LogConfig: Setting CVar [[r.Mobile.EnableMovableSpotlightsShadow:0]]
[2023.10.13-10.13.06:432][  0]LogConfig: Setting CVar [[r.GPUSkin.Support16BitBoneIndex:0]]
[2023.10.13-10.13.06:432][  0]LogConfig: Setting CVar [[r.GPUSkin.Limit2BoneInfluences:0]]
[2023.10.13-10.13.06:432][  0]LogConfig: Setting CVar [[r.SupportDepthOnlyIndexBuffers:1]]
[2023.10.13-10.13.06:432][  0]LogConfig: Setting CVar [[r.SupportReversedIndexBuffers:1]]
[2023.10.13-10.13.06:432][  0]LogConfig: Setting CVar [[r.LightPropagationVolume:0]]
[2023.10.13-10.13.06:432][  0]LogConfig: Setting CVar [[r.Mobile.AmbientOcclusion:0]]
[2023.10.13-10.13.06:432][  0]LogConfig: Setting CVar [[r.GPUSkin.UnlimitedBoneInfluences:0]]
[2023.10.13-10.13.06:432][  0]LogConfig: Setting CVar [[r.GPUSkin.UnlimitedBoneInfluencesThreshold:8]]
[2023.10.13-10.13.06:432][  0]LogConfig: Setting CVar [[r.Mobile.PlanarReflectionMode:0]]
[2023.10.13-10.13.06:432][  0]LogConfig: Setting CVar [[r.Mobile.SupportsGen4TAA:0]]
[2023.10.13-10.13.06:432][  0]LogConfig: Applying CVar settings from Section [/Script/Engine.RendererOverrideSettings] File [C:/Users/s.dronskiy/Documents/Unreal Projects/UE_CPP_Classes/CppTPS/Saved/Config/Windows/Engine.ini]
[2023.10.13-10.13.06:432][  0]LogConfig: Applying CVar settings from Section [/Script/Engine.StreamingSettings] File [C:/Users/s.dronskiy/Documents/Unreal Projects/UE_CPP_Classes/CppTPS/Saved/Config/Windows/Engine.ini]
[2023.10.13-10.13.06:432][  0]LogConfig: Setting CVar [[s.MinBulkDataSizeForAsyncLoading:131072]]
[2023.10.13-10.13.06:432][  0]LogConfig: Setting CVar [[s.AsyncLoadingThreadEnabled:0]]
[2023.10.13-10.13.06:432][  0]LogConfig: Setting CVar [[s.EventDrivenLoaderEnabled:1]]
[2023.10.13-10.13.06:432][  0]LogConfig: Setting CVar [[s.WarnIfTimeLimitExceeded:0]]
[2023.10.13-10.13.06:432][  0]LogConfig: Setting CVar [[s.TimeLimitExceededMultiplier:1.5]]
[2023.10.13-10.13.06:432][  0]LogConfig: Setting CVar [[s.TimeLimitExceededMinTime:0.005]]
[2023.10.13-10.13.06:432][  0]LogConfig: Setting CVar [[s.UseBackgroundLevelStreaming:1]]
[2023.10.13-10.13.06:432][  0]LogConfig: Setting CVar [[s.PriorityAsyncLoadingExtraTime:15.0]]
[2023.10.13-10.13.06:432][  0]LogConfig: Setting CVar [[s.LevelStreamingActorsUpdateTimeLimit:5.0]]
[2023.10.13-10.13.06:432][  0]LogConfig: Setting CVar [[s.PriorityLevelStreamingActorsUpdateExtraTime:5.0]]
[2023.10.13-10.13.06:432][  0]LogConfig: Setting CVar [[s.LevelStreamingComponentsRegistrationGranularity:10]]
[2023.10.13-10.13.06:432][  0]LogConfig: Setting CVar [[s.UnregisterComponentsTimeLimit:1.0]]
[2023.10.13-10.13.06:432][  0]LogConfig: Setting CVar [[s.LevelStreamingComponentsUnregistrationGranularity:5]]
[2023.10.13-10.13.06:432][  0]LogConfig: Setting CVar [[s.FlushStreamingOnExit:1]]
[2023.10.13-10.13.06:433][  0]LogConfig: Applying CVar settings from Section [/Script/Engine.GarbageCollectionSettings] File [C:/Users/s.dronskiy/Documents/Unreal Projects/UE_CPP_Classes/CppTPS/Saved/Config/Windows/Engine.ini]
[2023.10.13-10.13.06:433][  0]LogConfig: Setting CVar [[gc.MaxObjectsNotConsideredByGC:1]]
[2023.10.13-10.13.06:433][  0]LogConfig: Setting CVar [[gc.SizeOfPermanentObjectPool:0]]
[2023.10.13-10.13.06:433][  0]LogConfig: Setting CVar [[gc.FlushStreamingOnGC:0]]
[2023.10.13-10.13.06:433][  0]LogConfig: Setting CVar [[gc.NumRetriesBeforeForcingGC:10]]
[2023.10.13-10.13.06:433][  0]LogConfig: Setting CVar [[gc.AllowParallelGC:1]]
[2023.10.13-10.13.06:433][  0]LogConfig: Setting CVar [[gc.TimeBetweenPurgingPendingKillObjects:61.1]]
[2023.10.13-10.13.06:433][  0]LogConfig: Setting CVar [[gc.MaxObjectsInEditor:25165824]]
[2023.10.13-10.13.06:433][  0]LogConfig: Setting CVar [[gc.IncrementalBeginDestroyEnabled:1]]
[2023.10.13-10.13.06:433][  0]LogConfig: Setting CVar [[gc.CreateGCClusters:1]]
[2023.10.13-10.13.06:433][  0]LogConfig: Setting CVar [[gc.MinGCClusterSize:5]]
[2023.10.13-10.13.06:433][  0]LogConfig: Setting CVar [[gc.ActorClusteringEnabled:0]]
[2023.10.13-10.13.06:433][  0]LogConfig: Setting CVar [[gc.BlueprintClusteringEnabled:0]]
[2023.10.13-10.13.06:433][  0]LogConfig: Setting CVar [[gc.UseDisregardForGCOnDedicatedServers:0]]
[2023.10.13-10.13.06:433][  0]LogConfig: Setting CVar [[gc.MultithreadedDestructionEnabled:1]]
[2023.10.13-10.13.06:433][  0]LogConfig: Applying CVar settings from Section [/Script/Engine.NetworkSettings] File [C:/Users/s.dronskiy/Documents/Unreal Projects/UE_CPP_Classes/CppTPS/Saved/Config/Windows/Engine.ini]
[2023.10.13-10.13.06:433][  0]LogConfig: Applying CVar settings from Section [/Script/UnrealEd.CookerSettings] File [C:/Users/s.dronskiy/Documents/Unreal Projects/UE_CPP_Classes/CppTPS/Saved/Config/Windows/Engine.ini]
[2023.10.13-10.13.06:435][  0]LogConfig: Applying CVar settings from Section [ViewDistanceQuality@3] File [C:/Users/s.dronskiy/Documents/Unreal Projects/UE_CPP_Classes/CppTPS/Saved/Config/Windows/Scalability.ini]
[2023.10.13-10.13.06:435][  0]LogConfig: Setting CVar [[r.SkeletalMeshLODBias:0]]
[2023.10.13-10.13.06:435][  0]LogConfig: Setting CVar [[r.ViewDistanceScale:1.0]]
[2023.10.13-10.13.06:435][  0]LogConfig: Applying CVar settings from Section [AntiAliasingQuality@3] File [C:/Users/s.dronskiy/Documents/Unreal Projects/UE_CPP_Classes/CppTPS/Saved/Config/Windows/Scalability.ini]
[2023.10.13-10.13.06:435][  0]LogConfig: Setting CVar [[r.PostProcessAAQuality:4]]
[2023.10.13-10.13.06:435][  0]LogConfig: Applying CVar settings from Section [ShadowQuality@3] File [C:/Users/s.dronskiy/Documents/Unreal Projects/UE_CPP_Classes/CppTPS/Saved/Config/Windows/Scalability.ini]
[2023.10.13-10.13.06:435][  0]LogConfig: Setting CVar [[r.LightFunctionQuality:1]]
[2023.10.13-10.13.06:435][  0]LogConfig: Setting CVar [[r.ShadowQuality:5]]
[2023.10.13-10.13.06:435][  0]LogConfig: Setting CVar [[r.Shadow.CSM.MaxCascades:10]]
[2023.10.13-10.13.06:435][  0]LogConfig: Setting CVar [[r.Shadow.MaxResolution:2048]]
[2023.10.13-10.13.06:435][  0]LogConfig: Setting CVar [[r.Shadow.MaxCSMResolution:2048]]
[2023.10.13-10.13.06:435][  0]LogConfig: Setting CVar [[r.Shadow.RadiusThreshold:0.01]]
[2023.10.13-10.13.06:435][  0]LogConfig: Setting CVar [[r.Shadow.DistanceScale:1.0]]
[2023.10.13-10.13.06:435][  0]LogConfig: Setting CVar [[r.Shadow.CSM.TransitionScale:1.0]]
[2023.10.13-10.13.06:435][  0]LogConfig: Setting CVar [[r.Shadow.PreShadowResolutionFactor:1.0]]
[2023.10.13-10.13.06:435][  0]LogConfig: Setting CVar [[r.DistanceFieldShadowing:1]]
[2023.10.13-10.13.06:435][  0]LogConfig: Setting CVar [[r.DistanceFieldAO:1]]
[2023.10.13-10.13.06:435][  0]LogConfig: Setting CVar [[r.AOQuality:2]]
[2023.10.13-10.13.06:435][  0]LogConfig: Setting CVar [[r.VolumetricFog:1]]
[2023.10.13-10.13.06:435][  0]LogConfig: Setting CVar [[r.VolumetricFog.GridPixelSize:8]]
[2023.10.13-10.13.06:435][  0]LogConfig: Setting CVar [[r.VolumetricFog.GridSizeZ:128]]
[2023.10.13-10.13.06:435][  0]LogConfig: Setting CVar [[r.VolumetricFog.HistoryMissSupersampleCount:4]]
[2023.10.13-10.13.06:436][  0]LogConfig: Setting CVar [[r.LightMaxDrawDistanceScale:1]]
[2023.10.13-10.13.06:436][  0]LogConfig: Setting CVar [[r.CapsuleShadows:1]]
[2023.10.13-10.13.06:436][  0]LogConfig: Applying CVar settings from Section [PostProcessQuality@3] File [C:/Users/s.dronskiy/Documents/Unreal Projects/UE_CPP_Classes/CppTPS/Saved/Config/Windows/Scalability.ini]
[2023.10.13-10.13.06:436][  0]LogConfig: Setting CVar [[r.MotionBlurQuality:4]]
[2023.10.13-10.13.06:436][  0]LogConfig: Setting CVar [[r.AmbientOcclusionMipLevelFactor:0.4]]
[2023.10.13-10.13.06:436][  0]LogConfig: Setting CVar [[r.AmbientOcclusionMaxQuality:100]]
[2023.10.13-10.13.06:436][  0]LogConfig: Setting CVar [[r.AmbientOcclusionLevels:-1]]
[2023.10.13-10.13.06:436][  0]LogConfig: Setting CVar [[r.AmbientOcclusionRadiusScale:1.0]]
[2023.10.13-10.13.06:436][  0]LogConfig: Setting CVar [[r.DepthOfFieldQuality:2]]
[2023.10.13-10.13.06:436][  0]LogConfig: Setting CVar [[r.RenderTargetPoolMin:400]]
[2023.10.13-10.13.06:436][  0]LogConfig: Setting CVar [[r.LensFlareQuality:2]]
[2023.10.13-10.13.06:436][  0]LogConfig: Setting CVar [[r.SceneColorFringeQuality:1]]
[2023.10.13-10.13.06:436][  0]LogConfig: Setting CVar [[r.EyeAdaptationQuality:2]]
[2023.10.13-10.13.06:436][  0]LogConfig: Setting CVar [[r.BloomQuality:5]]
[2023.10.13-10.13.06:436][  0]LogConfig: Setting CVar [[r.FastBlurThreshold:100]]
[2023.10.13-10.13.06:436][  0]LogConfig: Setting CVar [[r.Upscale.Quality:3]]
[2023.10.13-10.13.06:436][  0]LogConfig: Setting CVar [[r.Tonemapper.GrainQuantization:1]]
[2023.10.13-10.13.06:436][  0]LogConfig: Setting CVar [[r.LightShaftQuality:1]]
[2023.10.13-10.13.06:436][  0]LogConfig: Setting CVar [[r.Filter.SizeScale:1]]
[2023.10.13-10.13.06:436][  0]LogConfig: Setting CVar [[r.Tonemapper.Quality:5]]
[2023.10.13-10.13.06:436][  0]LogConfig: Setting CVar [[r.DOF.Gather.AccumulatorQuality:1        ; higher gathering accumulator quality]]
[2023.10.13-10.13.06:436][  0]LogConfig: Setting CVar [[r.DOF.Gather.PostfilterMethod:1          ; Median3x3 postfilering method]]
[2023.10.13-10.13.06:436][  0]LogConfig: Setting CVar [[r.DOF.Gather.EnableBokehSettings:0       ; no bokeh simulation when gathering]]
[2023.10.13-10.13.06:436][  0]LogConfig: Setting CVar [[r.DOF.Gather.RingCount:4                 ; medium number of samples when gathering]]
[2023.10.13-10.13.06:436][  0]LogConfig: Setting CVar [[r.DOF.Scatter.ForegroundCompositing:1    ; additive foreground scattering]]
[2023.10.13-10.13.06:436][  0]LogConfig: Setting CVar [[r.DOF.Scatter.BackgroundCompositing:2    ; additive background scattering]]
[2023.10.13-10.13.06:436][  0]LogConfig: Setting CVar [[r.DOF.Scatter.EnableBokehSettings:1      ; bokeh simulation when scattering]]
[2023.10.13-10.13.06:436][  0]LogConfig: Setting CVar [[r.DOF.Scatter.MaxSpriteRatio:0.1         ; only a maximum of 10% of scattered bokeh]]
[2023.10.13-10.13.06:436][  0]LogConfig: Setting CVar [[r.DOF.Recombine.Quality:1                ; cheap slight out of focus]]
[2023.10.13-10.13.06:436][  0]LogConfig: Setting CVar [[r.DOF.Recombine.EnableBokehSettings:0    ; no bokeh simulation on slight out of focus]]
[2023.10.13-10.13.06:436][  0]LogConfig: Setting CVar [[r.DOF.TemporalAAQuality:1                ; more stable temporal accumulation]]
[2023.10.13-10.13.06:436][  0]LogConfig: Setting CVar [[r.DOF.Kernel.MaxForegroundRadius:0.025]]
[2023.10.13-10.13.06:436][  0]LogConfig: Setting CVar [[r.DOF.Kernel.MaxBackgroundRadius:0.025]]
[2023.10.13-10.13.06:436][  0]LogConfig: Applying CVar settings from Section [TextureQuality@3] File [C:/Users/s.dronskiy/Documents/Unreal Projects/UE_CPP_Classes/CppTPS/Saved/Config/Windows/Scalability.ini]
[2023.10.13-10.13.06:436][  0]LogConfig: Setting CVar [[r.Streaming.MipBias:0]]
[2023.10.13-10.13.06:436][  0]LogConfig: Setting CVar [[r.Streaming.AmortizeCPUToGPUCopy:0]]
[2023.10.13-10.13.06:436][  0]LogConfig: Setting CVar [[r.Streaming.MaxNumTexturesToStreamPerFrame:0]]
[2023.10.13-10.13.06:436][  0]LogConfig: Setting CVar [[r.Streaming.Boost:1]]
[2023.10.13-10.13.06:436][  0]LogConfig: Setting CVar [[r.MaxAnisotropy:8]]
[2023.10.13-10.13.06:436][  0]LogConfig: Setting CVar [[r.VT.MaxAnisotropy:8]]
[2023.10.13-10.13.06:436][  0]LogConfig: Setting CVar [[r.Streaming.LimitPoolSizeToVRAM:0]]
[2023.10.13-10.13.06:436][  0]LogConfig: Setting CVar [[r.Streaming.PoolSize:1000]]
[2023.10.13-10.13.06:436][  0]LogConfig: Setting CVar [[r.Streaming.MaxEffectiveScreenSize:0]]
[2023.10.13-10.13.06:436][  0]LogConfig: Applying CVar settings from Section [EffectsQuality@3] File [C:/Users/s.dronskiy/Documents/Unreal Projects/UE_CPP_Classes/CppTPS/Saved/Config/Windows/Scalability.ini]
[2023.10.13-10.13.06:436][  0]LogConfig: Setting CVar [[r.TranslucencyLightingVolumeDim:64]]
[2023.10.13-10.13.06:436][  0]LogConfig: Setting CVar [[r.RefractionQuality:2]]
[2023.10.13-10.13.06:436][  0]LogConfig: Setting CVar [[r.SSR.Quality:3]]
[2023.10.13-10.13.06:436][  0]LogConfig: Setting CVar [[r.SSR.HalfResSceneColor:0]]
[2023.10.13-10.13.06:436][  0]LogConfig: Setting CVar [[r.SceneColorFormat:4]]
[2023.10.13-10.13.06:436][  0]LogConfig: Setting CVar [[r.DetailMode:2]]
[2023.10.13-10.13.06:436][  0]LogConfig: Setting CVar [[r.TranslucencyVolumeBlur:1]]
[2023.10.13-10.13.06:436][  0]LogConfig: Setting CVar [[r.MaterialQualityLevel:1 ; High quality]]
[2023.10.13-10.13.06:436][  0]LogConfig: Setting CVar [[r.AnisotropicMaterials:1]]
[2023.10.13-10.13.06:436][  0]LogConfig: Setting CVar [[r.SSS.Scale:1]]
[2023.10.13-10.13.06:436][  0]LogConfig: Setting CVar [[r.SSS.SampleSet:2]]
[2023.10.13-10.13.06:436][  0]LogConfig: Setting CVar [[r.SSS.Quality:1]]
[2023.10.13-10.13.06:436][  0]LogConfig: Setting CVar [[r.SSS.HalfRes:0]]
[2023.10.13-10.13.06:436][  0]LogConfig: Setting CVar [[r.SSGI.Quality:3]]
[2023.10.13-10.13.06:436][  0]LogConfig: Setting CVar [[r.EmitterSpawnRateScale:1.0]]
[2023.10.13-10.13.06:436][  0]LogConfig: Setting CVar [[r.ParticleLightQuality:2]]
[2023.10.13-10.13.06:436][  0]LogConfig: Setting CVar [[r.SkyAtmosphere.AerialPerspectiveLUT.FastApplyOnOpaque:1 ; Always have FastSkyLUT 1 in this case to avoid wrong sky]]
[2023.10.13-10.13.06:436][  0]LogConfig: Setting CVar [[r.SkyAtmosphere.AerialPerspectiveLUT.SampleCountMaxPerSlice:4]]
[2023.10.13-10.13.06:436][  0]LogConfig: Setting CVar [[r.SkyAtmosphere.AerialPerspectiveLUT.DepthResolution:16.0]]
[2023.10.13-10.13.06:436][  0]LogConfig: Setting CVar [[r.SkyAtmosphere.FastSkyLUT:1]]
[2023.10.13-10.13.06:436][  0]LogConfig: Setting CVar [[r.SkyAtmosphere.FastSkyLUT.SampleCountMin:4.0]]
[2023.10.13-10.13.06:436][  0]LogConfig: Setting CVar [[r.SkyAtmosphere.FastSkyLUT.SampleCountMax:128.0]]
[2023.10.13-10.13.06:436][  0]LogConfig: Setting CVar [[r.SkyAtmosphere.SampleCountMin:4.0]]
[2023.10.13-10.13.06:436][  0]LogConfig: Setting CVar [[r.SkyAtmosphere.SampleCountMax:128.0]]
[2023.10.13-10.13.06:436][  0]LogConfig: Setting CVar [[r.SkyAtmosphere.TransmittanceLUT.UseSmallFormat:0]]
[2023.10.13-10.13.06:436][  0]LogConfig: Setting CVar [[r.SkyAtmosphere.TransmittanceLUT.SampleCount:10.0]]
[2023.10.13-10.13.06:436][  0]LogConfig: Setting CVar [[r.SkyAtmosphere.MultiScatteringLUT.SampleCount:15.0]]
[2023.10.13-10.13.06:436][  0]LogConfig: Setting CVar [[r.SkyLight.RealTimeReflectionCapture:1]]
[2023.10.13-10.13.06:436][  0]LogConfig: Applying CVar settings from Section [FoliageQuality@3] File [C:/Users/s.dronskiy/Documents/Unreal Projects/UE_CPP_Classes/CppTPS/Saved/Config/Windows/Scalability.ini]
[2023.10.13-10.13.06:436][  0]LogConfig: Setting CVar [[foliage.DensityScale:1.0]]
[2023.10.13-10.13.06:436][  0]LogConfig: Setting CVar [[grass.DensityScale:1.0]]
[2023.10.13-10.13.06:437][  0]LogConfig: Applying CVar settings from Section [ShadingQuality@3] File [C:/Users/s.dronskiy/Documents/Unreal Projects/UE_CPP_Classes/CppTPS/Saved/Config/Windows/Scalability.ini]
[2023.10.13-10.13.06:437][  0]LogConfig: Setting CVar [[r.HairStrands.SkyLighting.IntegrationType:2]]
[2023.10.13-10.13.06:437][  0]LogConfig: Setting CVar [[r.HairStrands.SkyAO.SampleCount:4]]
[2023.10.13-10.13.06:437][  0]LogConfig: Setting CVar [[r.HairStrands.Visibility.MSAA.SamplePerPixel:4]]
[2023.10.13-10.13.06:470][  0]LogInit: Selected Device Profile: [Windows]
[2023.10.13-10.13.06:472][  0]LogInit: Applying CVar settings loaded from the selected device profile: [Windows]
[2023.10.13-10.13.06:474][  0]LogHAL: Display: Platform has ~ 8 GB [8413999104 / 8589934592 / 8], which maps to Default [LargestMinGB=32, LargerMinGB=12, DefaultMinGB=8, SmallerMinGB=6, SmallestMinGB=0)
[2023.10.13-10.13.06:475][  0]LogInit: Going up to parent DeviceProfile []
[2023.10.13-10.13.06:476][  0]LogConfig: Applying CVar settings from Section [ViewDistanceQuality@3] File [C:/Users/s.dronskiy/Documents/Unreal Projects/UE_CPP_Classes/CppTPS/Saved/Config/Windows/Scalability.ini]
[2023.10.13-10.13.06:476][  0]LogConfig: Setting CVar [[r.SkeletalMeshLODBias:0]]
[2023.10.13-10.13.06:476][  0]LogConfig: Setting CVar [[r.ViewDistanceScale:1.0]]
[2023.10.13-10.13.06:476][  0]LogConfig: Applying CVar settings from Section [AntiAliasingQuality@3] File [C:/Users/s.dronskiy/Documents/Unreal Projects/UE_CPP_Classes/CppTPS/Saved/Config/Windows/Scalability.ini]
[2023.10.13-10.13.06:476][  0]LogConfig: Setting CVar [[r.PostProcessAAQuality:4]]
[2023.10.13-10.13.06:476][  0]LogConfig: Applying CVar settings from Section [ShadowQuality@3] File [C:/Users/s.dronskiy/Documents/Unreal Projects/UE_CPP_Classes/CppTPS/Saved/Config/Windows/Scalability.ini]
[2023.10.13-10.13.06:477][  0]LogConfig: Setting CVar [[r.LightFunctionQuality:1]]
[2023.10.13-10.13.06:477][  0]LogConfig: Setting CVar [[r.ShadowQuality:5]]
[2023.10.13-10.13.06:477][  0]LogConfig: Setting CVar [[r.Shadow.CSM.MaxCascades:10]]
[2023.10.13-10.13.06:477][  0]LogConfig: Setting CVar [[r.Shadow.MaxResolution:2048]]
[2023.10.13-10.13.06:477][  0]LogConfig: Setting CVar [[r.Shadow.MaxCSMResolution:2048]]
[2023.10.13-10.13.06:477][  0]LogConfig: Setting CVar [[r.Shadow.RadiusThreshold:0.01]]
[2023.10.13-10.13.06:477][  0]LogConfig: Setting CVar [[r.Shadow.DistanceScale:1.0]]
[2023.10.13-10.13.06:477][  0]LogConfig: Setting CVar [[r.Shadow.CSM.TransitionScale:1.0]]
[2023.10.13-10.13.06:477][  0]LogConfig: Setting CVar [[r.Shadow.PreShadowResolutionFactor:1.0]]
[2023.10.13-10.13.06:477][  0]LogConfig: Setting CVar [[r.DistanceFieldShadowing:1]]
[2023.10.13-10.13.06:477][  0]LogConfig: Setting CVar [[r.DistanceFieldAO:1]]
[2023.10.13-10.13.06:477][  0]LogConfig: Setting CVar [[r.AOQuality:2]]
[2023.10.13-10.13.06:477][  0]LogConfig: Setting CVar [[r.VolumetricFog:1]]
[2023.10.13-10.13.06:477][  0]LogConfig: Setting CVar [[r.VolumetricFog.GridPixelSize:8]]
[2023.10.13-10.13.06:477][  0]LogConfig: Setting CVar [[r.VolumetricFog.GridSizeZ:128]]
[2023.10.13-10.13.06:477][  0]LogConfig: Setting CVar [[r.VolumetricFog.HistoryMissSupersampleCount:4]]
[2023.10.13-10.13.06:477][  0]LogConfig: Setting CVar [[r.LightMaxDrawDistanceScale:1]]
[2023.10.13-10.13.06:477][  0]LogConfig: Setting CVar [[r.CapsuleShadows:1]]
[2023.10.13-10.13.06:477][  0]LogConfig: Applying CVar settings from Section [PostProcessQuality@3] File [C:/Users/s.dronskiy/Documents/Unreal Projects/UE_CPP_Classes/CppTPS/Saved/Config/Windows/Scalability.ini]
[2023.10.13-10.13.06:477][  0]LogConfig: Setting CVar [[r.MotionBlurQuality:4]]
[2023.10.13-10.13.06:477][  0]LogConfig: Setting CVar [[r.AmbientOcclusionMipLevelFactor:0.4]]
[2023.10.13-10.13.06:477][  0]LogConfig: Setting CVar [[r.AmbientOcclusionMaxQuality:100]]
[2023.10.13-10.13.06:477][  0]LogConfig: Setting CVar [[r.AmbientOcclusionLevels:-1]]
[2023.10.13-10.13.06:477][  0]LogConfig: Setting CVar [[r.AmbientOcclusionRadiusScale:1.0]]
[2023.10.13-10.13.06:477][  0]LogConfig: Setting CVar [[r.DepthOfFieldQuality:2]]
[2023.10.13-10.13.06:477][  0]LogConfig: Setting CVar [[r.RenderTargetPoolMin:400]]
[2023.10.13-10.13.06:477][  0]LogConfig: Setting CVar [[r.LensFlareQuality:2]]
[2023.10.13-10.13.06:477][  0]LogConfig: Setting CVar [[r.SceneColorFringeQuality:1]]
[2023.10.13-10.13.06:477][  0]LogConfig: Setting CVar [[r.EyeAdaptationQuality:2]]
[2023.10.13-10.13.06:477][  0]LogConfig: Setting CVar [[r.BloomQuality:5]]
[2023.10.13-10.13.06:477][  0]LogConfig: Setting CVar [[r.FastBlurThreshold:100]]
[2023.10.13-10.13.06:477][  0]LogConfig: Setting CVar [[r.Upscale.Quality:3]]
[2023.10.13-10.13.06:477][  0]LogConfig: Setting CVar [[r.Tonemapper.GrainQuantization:1]]
[2023.10.13-10.13.06:477][  0]LogConfig: Setting CVar [[r.LightShaftQuality:1]]
[2023.10.13-10.13.06:477][  0]LogConfig: Setting CVar [[r.Filter.SizeScale:1]]
[2023.10.13-10.13.06:477][  0]LogConfig: Setting CVar [[r.Tonemapper.Quality:5]]
[2023.10.13-10.13.06:477][  0]LogConfig: Setting CVar [[r.DOF.Gather.AccumulatorQuality:1        ; higher gathering accumulator quality]]
[2023.10.13-10.13.06:477][  0]LogConfig: Setting CVar [[r.DOF.Gather.PostfilterMethod:1          ; Median3x3 postfilering method]]
[2023.10.13-10.13.06:477][  0]LogConfig: Setting CVar [[r.DOF.Gather.EnableBokehSettings:0       ; no bokeh simulation when gathering]]
[2023.10.13-10.13.06:477][  0]LogConfig: Setting CVar [[r.DOF.Gather.RingCount:4                 ; medium number of samples when gathering]]
[2023.10.13-10.13.06:477][  0]LogConfig: Setting CVar [[r.DOF.Scatter.ForegroundCompositing:1    ; additive foreground scattering]]
[2023.10.13-10.13.06:477][  0]LogConfig: Setting CVar [[r.DOF.Scatter.BackgroundCompositing:2    ; additive background scattering]]
[2023.10.13-10.13.06:477][  0]LogConfig: Setting CVar [[r.DOF.Scatter.EnableBokehSettings:1      ; bokeh simulation when scattering]]
[2023.10.13-10.13.06:477][  0]LogConfig: Setting CVar [[r.DOF.Scatter.MaxSpriteRatio:0.1         ; only a maximum of 10% of scattered bokeh]]
[2023.10.13-10.13.06:477][  0]LogConfig: Setting CVar [[r.DOF.Recombine.Quality:1                ; cheap slight out of focus]]
[2023.10.13-10.13.06:477][  0]LogConfig: Setting CVar [[r.DOF.Recombine.EnableBokehSettings:0    ; no bokeh simulation on slight out of focus]]
[2023.10.13-10.13.06:477][  0]LogConfig: Setting CVar [[r.DOF.TemporalAAQuality:1                ; more stable temporal accumulation]]
[2023.10.13-10.13.06:477][  0]LogConfig: Setting CVar [[r.DOF.Kernel.MaxForegroundRadius:0.025]]
[2023.10.13-10.13.06:477][  0]LogConfig: Setting CVar [[r.DOF.Kernel.MaxBackgroundRadius:0.025]]
[2023.10.13-10.13.06:477][  0]LogConfig: Applying CVar settings from Section [TextureQuality@3] File [C:/Users/s.dronskiy/Documents/Unreal Projects/UE_CPP_Classes/CppTPS/Saved/Config/Windows/Scalability.ini]
[2023.10.13-10.13.06:477][  0]LogConfig: Setting CVar [[r.Streaming.MipBias:0]]
[2023.10.13-10.13.06:477][  0]LogConfig: Setting CVar [[r.Streaming.AmortizeCPUToGPUCopy:0]]
[2023.10.13-10.13.06:477][  0]LogConfig: Setting CVar [[r.Streaming.MaxNumTexturesToStreamPerFrame:0]]
[2023.10.13-10.13.06:477][  0]LogConfig: Setting CVar [[r.Streaming.Boost:1]]
[2023.10.13-10.13.06:477][  0]LogConfig: Setting CVar [[r.MaxAnisotropy:8]]
[2023.10.13-10.13.06:477][  0]LogConfig: Setting CVar [[r.VT.MaxAnisotropy:8]]
[2023.10.13-10.13.06:477][  0]LogConfig: Setting CVar [[r.Streaming.LimitPoolSizeToVRAM:0]]
[2023.10.13-10.13.06:477][  0]LogConfig: Setting CVar [[r.Streaming.PoolSize:1000]]
[2023.10.13-10.13.06:477][  0]LogConfig: Setting CVar [[r.Streaming.MaxEffectiveScreenSize:0]]
[2023.10.13-10.13.06:477][  0]LogConfig: Applying CVar settings from Section [EffectsQuality@3] File [C:/Users/s.dronskiy/Documents/Unreal Projects/UE_CPP_Classes/CppTPS/Saved/Config/Windows/Scalability.ini]
[2023.10.13-10.13.06:477][  0]LogConfig: Setting CVar [[r.TranslucencyLightingVolumeDim:64]]
[2023.10.13-10.13.06:477][  0]LogConfig: Setting CVar [[r.RefractionQuality:2]]
[2023.10.13-10.13.06:477][  0]LogConfig: Setting CVar [[r.SSR.Quality:3]]
[2023.10.13-10.13.06:477][  0]LogConfig: Setting CVar [[r.SSR.HalfResSceneColor:0]]
[2023.10.13-10.13.06:477][  0]LogConfig: Setting CVar [[r.SceneColorFormat:4]]
[2023.10.13-10.13.06:477][  0]LogConfig: Setting CVar [[r.DetailMode:2]]
[2023.10.13-10.13.06:477][  0]LogConfig: Setting CVar [[r.TranslucencyVolumeBlur:1]]
[2023.10.13-10.13.06:477][  0]LogConfig: Setting CVar [[r.MaterialQualityLevel:1 ; High quality]]
[2023.10.13-10.13.06:477][  0]LogConfig: Setting CVar [[r.AnisotropicMaterials:1]]
[2023.10.13-10.13.06:477][  0]LogConfig: Setting CVar [[r.SSS.Scale:1]]
[2023.10.13-10.13.06:477][  0]LogConfig: Setting CVar [[r.SSS.SampleSet:2]]
[2023.10.13-10.13.06:477][  0]LogConfig: Setting CVar [[r.SSS.Quality:1]]
[2023.10.13-10.13.06:477][  0]LogConfig: Setting CVar [[r.SSS.HalfRes:0]]
[2023.10.13-10.13.06:477][  0]LogConfig: Setting CVar [[r.SSGI.Quality:3]]
[2023.10.13-10.13.06:477][  0]LogConfig: Setting CVar [[r.EmitterSpawnRateScale:1.0]]
[2023.10.13-10.13.06:478][  0]LogConfig: Setting CVar [[r.ParticleLightQuality:2]]
[2023.10.13-10.13.06:478][  0]LogConfig: Setting CVar [[r.SkyAtmosphere.AerialPerspectiveLUT.FastApplyOnOpaque:1 ; Always have FastSkyLUT 1 in this case to avoid wrong sky]]
[2023.10.13-10.13.06:478][  0]LogConfig: Setting CVar [[r.SkyAtmosphere.AerialPerspectiveLUT.SampleCountMaxPerSlice:4]]
[2023.10.13-10.13.06:478][  0]LogConfig: Setting CVar [[r.SkyAtmosphere.AerialPerspectiveLUT.DepthResolution:16.0]]
[2023.10.13-10.13.06:478][  0]LogConfig: Setting CVar [[r.SkyAtmosphere.FastSkyLUT:1]]
[2023.10.13-10.13.06:478][  0]LogConfig: Setting CVar [[r.SkyAtmosphere.FastSkyLUT.SampleCountMin:4.0]]
[2023.10.13-10.13.06:478][  0]LogConfig: Setting CVar [[r.SkyAtmosphere.FastSkyLUT.SampleCountMax:128.0]]
[2023.10.13-10.13.06:478][  0]LogConfig: Setting CVar [[r.SkyAtmosphere.SampleCountMin:4.0]]
[2023.10.13-10.13.06:478][  0]LogConfig: Setting CVar [[r.SkyAtmosphere.SampleCountMax:128.0]]
[2023.10.13-10.13.06:478][  0]LogConfig: Setting CVar [[r.SkyAtmosphere.TransmittanceLUT.UseSmallFormat:0]]
[2023.10.13-10.13.06:478][  0]LogConfig: Setting CVar [[r.SkyAtmosphere.TransmittanceLUT.SampleCount:10.0]]
[2023.10.13-10.13.06:478][  0]LogConfig: Setting CVar [[r.SkyAtmosphere.MultiScatteringLUT.SampleCount:15.0]]
[2023.10.13-10.13.06:478][  0]LogConfig: Setting CVar [[r.SkyLight.RealTimeReflectionCapture:1]]
[2023.10.13-10.13.06:478][  0]LogConfig: Applying CVar settings from Section [FoliageQuality@3] File [C:/Users/s.dronskiy/Documents/Unreal Projects/UE_CPP_Classes/CppTPS/Saved/Config/Windows/Scalability.ini]
[2023.10.13-10.13.06:478][  0]LogConfig: Setting CVar [[foliage.DensityScale:1.0]]
[2023.10.13-10.13.06:478][  0]LogConfig: Setting CVar [[grass.DensityScale:1.0]]
[2023.10.13-10.13.06:478][  0]LogConfig: Applying CVar settings from Section [ShadingQuality@3] File [C:/Users/s.dronskiy/Documents/Unreal Projects/UE_CPP_Classes/CppTPS/Saved/Config/Windows/Scalability.ini]
[2023.10.13-10.13.06:478][  0]LogConfig: Setting CVar [[r.HairStrands.SkyLighting.IntegrationType:2]]
[2023.10.13-10.13.06:478][  0]LogConfig: Setting CVar [[r.HairStrands.SkyAO.SampleCount:4]]
[2023.10.13-10.13.06:478][  0]LogConfig: Setting CVar [[r.HairStrands.Visibility.MSAA.SamplePerPixel:4]]
[2023.10.13-10.13.06:478][  0]LogConfig: Applying CVar settings from Section [Startup] File [../../../Engine/Config/ConsoleVariables.ini]
[2023.10.13-10.13.06:493][  0]LogConfig: Setting CVar [[net.UseAdaptiveNetUpdateFrequency:0]]
[2023.10.13-10.13.06:493][  0]LogConfig: Setting CVar [[p.chaos.AllowCreatePhysxBodies:1]]
[2023.10.13-10.13.06:493][  0]LogConfig: Setting CVar [[fx.SkipVectorVMBackendOptimizations:1]]
[2023.10.13-10.13.06:493][  0]LogConfig: Applying CVar settings from Section [ConsoleVariables] File [C:/Users/s.dronskiy/Documents/Unreal Projects/UE_CPP_Classes/CppTPS/Saved/Config/Windows/Engine.ini]
[2023.10.13-10.13.06:493][  0]LogConfig: Applying CVar settings from Section [ConsoleVariables] File [C:/Users/s.dronskiy/Documents/Unreal Projects/UE_CPP_Classes/CppTPS/Saved/Config/Windows/Editor.ini]
[2023.10.13-10.13.06:499][  0]LogInit: Computer: 1CNEW
[2023.10.13-10.13.06:499][  0]LogInit: User: sdronskiy
[2023.10.13-10.13.06:499][  0]LogInit: CPU Page size=4096, Cores=6
[2023.10.13-10.13.06:499][  0]LogInit: High frequency timer resolution =10.000000 MHz
[2023.10.13-10.13.06:500][  0]LogMemory: Memory total: Physical=7.8GB (8GB approx)
[2023.10.13-10.13.06:502][  0]LogMemory: Platform Memory Stats for Windows
[2023.10.13-10.13.06:502][  0]LogMemory: Process Physical Memory: 138.58 MB used, 138.58 MB peak
[2023.10.13-10.13.06:502][  0]LogMemory: Process Virtual Memory: 110.80 MB used, 110.80 MB peak
[2023.10.13-10.13.06:502][  0]LogMemory: Physical Memory: 7497.45 MB used,  526.77 MB free, 8024.21 MB total
[2023.10.13-10.13.06:502][  0]LogMemory: Virtual Memory: 134214056.00 MB used,  3673.75 MB free, 134217728.00 MB total
[2023.10.13-10.13.06:513][  0]LogWindows: WindowsPlatformFeatures enabled
[2023.10.13-10.13.07:408][  0]LogInit: Physics initialised using underlying interface: PhysX
[2023.10.13-10.13.07:414][  0]LogInit: Using OS detected language (ru-RU).
[2023.10.13-10.13.07:414][  0]LogInit: Using OS detected locale (ru-RU).
[2023.10.13-10.13.07:460][  0]LogTextLocalizationManager: No specific localization for 'ru-RU' exists, so the 'ru' localization will be used.
[2023.10.13-10.13.07:466][  0]LogTextLocalizationResource: LocRes '../../../Engine/Content/Localization/Editor/ru/Editor.locres' could not be opened for reading!
[2023.10.13-10.13.07:466][  0]LogTextLocalizationResource: LocRes '../../../Engine/Content/Localization/EditorTutorials/ru/EditorTutorials.locres' could not be opened for reading!
[2023.10.13-10.13.07:466][  0]LogTextLocalizationResource: LocRes '../../../Engine/Content/Localization/Keywords/ru/Keywords.locres' could not be opened for reading!
[2023.10.13-10.13.07:466][  0]LogTextLocalizationResource: LocRes '../../../Engine/Content/Localization/Category/ru/Category.locres' could not be opened for reading!
[2023.10.13-10.13.07:467][  0]LogTextLocalizationResource: LocRes '../../../Engine/Content/Localization/ToolTips/ru/ToolTips.locres' could not be opened for reading!
[2023.10.13-10.13.07:467][  0]LogTextLocalizationResource: LocRes '../../../Engine/Content/Localization/PropertyNames/ru/PropertyNames.locres' could not be opened for reading!
[2023.10.13-10.13.07:467][  0]LogTextLocalizationResource: LocRes '../../../Engine/Content/Localization/Engine/ru/Engine.locres' could not be opened for reading!
[2023.10.13-10.13.13:462][  0]LogTargetPlatformManager: Display: Loaded TargetPlatform 'AllDesktop'
[2023.10.13-10.13.13:534][  0]LogTargetPlatformManager: Display: Loaded TargetPlatform 'Android'
[2023.10.13-10.13.13:534][  0]LogTargetPlatformManager: Display: Loaded TargetPlatform 'Android_ASTC'
[2023.10.13-10.13.13:535][  0]LogTargetPlatformManager: Display: Loaded TargetPlatform 'Android_DXT'
[2023.10.13-10.13.13:535][  0]LogTargetPlatformManager: Display: Loaded TargetPlatform 'Android_ETC2'
[2023.10.13-10.13.13:535][  0]LogTargetPlatformManager: Display: Loaded TargetPlatform 'AndroidClient'
[2023.10.13-10.13.13:535][  0]LogTargetPlatformManager: Display: Loaded TargetPlatform 'Android_ASTCClient'
[2023.10.13-10.13.13:535][  0]LogTargetPlatformManager: Display: Loaded TargetPlatform 'Android_DXTClient'
[2023.10.13-10.13.13:535][  0]LogTargetPlatformManager: Display: Loaded TargetPlatform 'Android_ETC2Client'
[2023.10.13-10.13.13:535][  0]LogTargetPlatformManager: Display: Loaded TargetPlatform 'Android_Multi'
[2023.10.13-10.13.13:535][  0]LogTargetPlatformManager: Display: Loaded TargetPlatform 'Android_MultiClient'
[2023.10.13-10.13.13:671][  0]LogTargetPlatformManager: Display: Loaded TargetPlatform 'IOSClient'
[2023.10.13-10.13.13:671][  0]LogTargetPlatformManager: Display: Loaded TargetPlatform 'IOS'
[2023.10.13-10.13.13:728][  0]LogTargetPlatformManager: Display: Loaded TargetPlatform 'Linux'
[2023.10.13-10.13.13:762][  0]LogTargetPlatformManager: Display: Loaded TargetPlatform 'LinuxNoEditor'
[2023.10.13-10.13.13:797][  0]LogTargetPlatformManager: Display: Loaded TargetPlatform 'LinuxClient'
[2023.10.13-10.13.13:832][  0]LogTargetPlatformManager: Display: Loaded TargetPlatform 'LinuxServer'
[2023.10.13-10.13.13:883][  0]LogTargetPlatformManager: Display: Loaded TargetPlatform 'LinuxAArch64NoEditor'
[2023.10.13-10.13.13:923][  0]LogTargetPlatformManager: Display: Loaded TargetPlatform 'LinuxAArch64Client'
[2023.10.13-10.13.13:961][  0]LogTargetPlatformManager: Display: Loaded TargetPlatform 'LinuxAArch64Server'
[2023.10.13-10.13.14:031][  0]LogTargetPlatformManager: Display: Loaded TargetPlatform 'Lumin'
[2023.10.13-10.13.14:031][  0]LogTargetPlatformManager: Display: Loaded TargetPlatform 'LuminClient'
[2023.10.13-10.13.14:085][  0]LogTargetPlatformManager: Display: Loaded TargetPlatform 'MacNoEditor'
[2023.10.13-10.13.14:135][  0]LogTargetPlatformManager: Display: Loaded TargetPlatform 'Mac'
[2023.10.13-10.13.14:171][  0]LogTargetPlatformManager: Display: Loaded TargetPlatform 'MacClient'
[2023.10.13-10.13.14:205][  0]LogTargetPlatformManager: Display: Loaded TargetPlatform 'MacServer'
[2023.10.13-10.13.14:240][  0]LogTargetPlatformManager: Display: Loaded TargetPlatform 'TVOSClient'
[2023.10.13-10.13.14:240][  0]LogTargetPlatformManager: Display: Loaded TargetPlatform 'TVOS'
[2023.10.13-10.13.14:287][  0]LogTargetPlatformManager: Display: Loaded TargetPlatform 'WindowsNoEditor'
[2023.10.13-10.13.14:328][  0]LogTargetPlatformManager: Display: Loaded TargetPlatform 'Windows'
[2023.10.13-10.13.14:363][  0]LogTargetPlatformManager: Display: Loaded TargetPlatform 'WindowsClient'
[2023.10.13-10.13.14:403][  0]LogTargetPlatformManager: Display: Loaded TargetPlatform 'WindowsServer'
[2023.10.13-10.13.14:403][  0]LogTargetPlatformManager: Display: Building Assets For Windows
[2023.10.13-10.13.14:572][  0]LogAudioDebug: Display: Lib vorbis DLL was dynamically loaded.
[2023.10.13-10.13.15:079][  0]LogTextureFormatOodle: Display: Oodle Texture 2.9.0 init RDO Off
[2023.10.13-10.13.15:860][  0]LogRendererCore: Ray tracing is disabled. Reason: r.RayTracing=0.
[2023.10.13-10.13.15:921][  0]LogDerivedDataCache: Display: Max Cache Size: 512 MB
[2023.10.13-10.13.15:922][  0]LogDerivedDataCache: Display: Starting with empty Boot cache
[2023.10.13-10.13.15:923][  0]LogDerivedDataCache: FDerivedDataBackendGraph:  Pak pak cache file C:/Users/s.dronskiy/Documents/Unreal Projects/UE_CPP_Classes/CppTPS/DerivedDataCache/DDC.ddp not found, will not use a pak cache.
[2023.10.13-10.13.15:923][  0]LogDerivedDataCache: Unable to find inner node Pak for hierarchical cache Hierarchy.
[2023.10.13-10.13.16:068][  0]LogDerivedDataCache: Speed tests for ../../../Engine/DerivedDataCache took 0.14 seconds
[2023.10.13-10.13.16:068][  0]LogDerivedDataCache: Display: Performance to ../../../Engine/DerivedDataCache: Latency=0.31ms. RandomReadSpeed=9.41MBs, RandomWriteSpeed=22.28MBs. Assigned SpeedClass 'Local'
[2023.10.13-10.13.16:069][  0]LogDerivedDataCache: Using Local data cache path ../../../Engine/DerivedDataCache: Writable
[2023.10.13-10.13.16:165][  0]LogAssetRegistry: FAssetRegistry took 0.0197 seconds to start up
[2023.10.13-10.13.17:586][  0]LogInit: Selected Device Profile: [Windows]
[2023.10.13-10.13.17:586][  0]LogInit: Active device profile: [000001D40FADF600][000001D4047285C0 49] Windows
[2023.10.13-10.13.17:586][  0]LogInit: Profiles: [000001D40FADF600][000001D4047285C0 49] Windows, [000001D40FA9CC00][000001D40386A740 49] WindowsNoEditor, [000001D40FADCC00][000001D40472C880 49] WindowsServer, [000001D40FA9EC00][000001D40386E9C0 49] WindowsClient, [000001D40FADEB00][000001D403872B00 49] IOS, [000001D40FA9D700][000001D403876C40 49] iPadAir, [000001D40FADD500][000001D40387EDC0 49] iPadAir2, [000001D40FA47900][000001D40D963080 49] IPadPro, [000001D40FA47A00][000001D40D9590C0 49] iPadAir3, [000001D40FADE400][000001D40D96D240 49] iPadAir4, [000001D40FA45100][000001D40D9713C0 49] iPadMini2, [000001D40FADF300][000001D40D975540 49] iPadMini3, [000001D40FA46600][000001D40D9796C0 49] iPadMini4, [000001D40FADE100][000001D40D97D840 49] iPadMini5, [000001D40FAD3200][000001D40D985B00 49] iPhone6, [000001D40FAD3300][000001D40D981B40 49] iPodTouch6, [000001D40FA44400][000001D40D98C280 49] iPhone7, [000001D40FA44200][000001D40D9882C0 49] iPodTouch7, [000001D40FAD1000][000001D40DA5E440 49] iPhone5S, [000001D40FA45000][000001D40DA625C0 49] iPhone6Plus, [000001D40FAD2700][000001D40DA66740 49] iPhone6S, [000001D40FA47100][000001D40DA6A8C0 49] iPhone6SPlus, [000001D40FAD3D00][000001D40387AA00 49] iPhone7Plus, [000001D40FA47500][000001D40DA6EB40 49] iPhoneSE, [000001D40FAD0500][000001D40DA72C80 49] iPhone8, [000001D40FA45A00][000001D40DA76DC0 49] iPhone8Plus, [000001D40FAD2500][000001D40DA7EF40 49] iPhoneX, [000001D40FA45700][000001D40DA830C0 49] iPhoneXS, [000001D40FAD1E00][000001D40DA87240 49] iPhoneXSMax, [000001D40FA44E00][000001D40DA8B3C0 49] iPhoneXR, [000001D40FAD3700][000001D40DA8F540 49] iPhone11, [000001D40FA46000][000001D40DA936C0 49] iPhone11Pro, [000001D40FAD1A00][000001D40DA97840 49] iPhone11ProMax, [000001D40FA46A00][000001D40DA9B9C0 49] iPhoneSE2, [000001D40FAD0F00][000001D40DA9FB40 49] iPhone12Mini, [000001D40FA46700][000001D40DAA2140 49] iPhone12, [000001D40FAD2600][000001D40DAA62C0 49] iPhone12Pro, [000001D40FA44F00][000001D40DAAA440 49] iPhone12ProMax, [000001D40FAD0C00][000001D40DAAE5C0 49] iPadPro105, [000001D40FA47400][000001D40DAB2740 49] iPadPro129, [000001D40FAD1700][000001D40DAB68C0 49] iPadPro97, [000001D40FA47700][000001D40DABAA40 49] iPadPro2_129, [000001D40FAD2900][000001D40DABEBC0 49] iPad5, [000001D40FA45200][000001D40DA7AD00 49] iPad6, [000001D40FAD3500][000001D40DAC2E40 49] iPad7, [000001D40FA45C00][000001D40DAC6F80 49] iPad8, [000001D40FAD0800][000001D40DACF100 49] iPadPro11, [000001D40FA44300][000001D40DAD3280 49] iPadPro2_11, [000001D40FAD3A00][000001D40DAD7400 49] iPadPro3_129, [000001D40FA47D00][000001D40DADB580 49] iPadPro4_129, [000001D40FAD0E00][000001D40DADF700 49] AppleTV, [000001D40FA46F00][000001D40DAE3880 49] AppleTV4K, [000001D40FAD3900][000001D40DAE7A00 49] TVOS, [000001D40FA44700][000001D40DAEBB80 49] Mac, [000001D40FA9C800][000001D40DAEE180 49] MacClient, [000001D40FB14D00][000001D40DAF2300 49] MacNoEditor, [000001D40FA9E300][000001D40DAF6480 49] MacServer, [000001D40FB15200][000001D40DAFA600 49] Linux, [000001D40FA9F300][000001D40DAFE780 49] LinuxAArch64, [000001D40FB15600][000001D40F8D2900 49] LinuxNoEditor, [000001D40FA9DA00][000001D40F8D6A80 49] LinuxAArch64NoEditor, [000001D40FB15B00][000001D40F8DAC00 49] LinuxClient, [000001D40FA9D000][000001D40F8DED80 49] LinuxAArch64Client, [000001D40FB14900][000001D40DACAEC0 49] LinuxServer, [000001D40FA9E500][000001D40F8E3000 49] LinuxAArch64Server, [000001D40FB15000][000001D40F8E7140 49] Android, [000001D40FA9F500][000001D40F8EF2C0 49] Android_Low, [000001D40FB16000][000001D40F8F3440 49] Android_Mid, [000001D40FA9D500][000001D40F8F75C0 49] Android_High, [000001D40FB15900][000001D40F8FB740 49] Android_Default, [000001D40FA9FD00][000001D40F8FF8C0 49] Android_Adreno4xx, [000001D40FB14A00][000001D40F903A40 49] Android_Adreno5xx_Low, [000001D40FA9CA00][000001D40F907BC0 49] Android_Adreno5xx, [000001D40FB15500][000001D40F90A1C0 49] Android_Adreno6xx, [000001D40FA9C400][000001D40F90E340 49] Android_Adreno6xx_Vulkan, [000001D40FB15A00][000001D40F9124C0 49] Android_Mali_T6xx, [000001D40FA9EE00][000001D40F916640 49] Android_Mali_T7xx, [000001D40FB16D00][000001D40F91A7C0 49] Android_Mali_T8xx, [000001D40FA46D00][000001D40F91E940 49] Android_Mali_G71, [000001D40FAD2E00][000001D40F922AC0 49] Android_Mali_G72, [000001D40FA46300][000001D40F926C40 49] Android_Mali_G72_Vulkan, [000001D40FAD0A00][000001D40F92ADC0 49] Android_Mali_G76, [000001D40FA44800][000001D40F92EF40 49] Android_Mali_G76_Vulkan, [000001D40FAD0D00][000001D40F8EB080 49] Android_Mali_G77, [000001D40FA47200][000001D40F9331C0 49] Android_Mali_G77_Vulkan, [000001D40FB14F00][000001D40F937300 49] Android_Mali_G78, [000001D40FA47000][000001D40F93B440 49] Android_Mali_G78_Vulkan, [000001D40FB14E00][000001D40F9435C0 49] Android_Mali_G710, [000001D40FA46100][000001D40F947740 49] Android_Mali_G710_Vulkan, [000001D40FB14B00][000001D40F94B8C0 49] Android_Vulkan_SM5, [000001D40FA44600][000001D40F94FA40 49] Android_PowerVR_G6xxx, [000001D40FB15300][000001D40F953BC0 49] Android_PowerVR_GT7xxx, [000001D40FA44500][000001D40F9561C0 49] Android_PowerVR_GE8xxx, [000001D40FB15D00][000001D40F95A340 49] Android_PowerVR_GM9xxx, [000001D40FA45800][000001D40F95E4C0 49] Android_PowerVR_GM9xxx_Vulkan, [000001D40FB14600][000001D40F962640 49] Android_TegraK1, [000001D40FA44100][000001D40F9667C0 49] Android_Unknown_Vulkan, [000001D40FB15700][000001D40F96A940 49] Lumin, [000001D40FA46B00][000001D40F96EAC0 49] Lumin_Desktop, [000001D40FB14800][000001D40F972C40 49] HoloLens, 
[2023.10.13-10.13.18:595][  0]LogMeshReduction: Using QuadricMeshReduction for automatic static mesh reduction
[2023.10.13-10.13.18:595][  0]LogMeshReduction: Using SimplygonMeshReduction for automatic skeletal mesh reduction
[2023.10.13-10.13.18:595][  0]LogMeshReduction: Using ProxyLODMeshReduction for automatic mesh merging
[2023.10.13-10.13.18:595][  0]LogMeshReduction: No distributed automatic mesh merging module available
[2023.10.13-10.13.18:598][  0]LogMeshMerging: No distributed automatic mesh merging module available
[2023.10.13-10.13.18:777][  0]LogNetVersion: CppTPS 1.0.0, NetCL: 17155196, EngineNetVer: 17, GameNetVer: 0 (Checksum: 3479814757)
[2023.10.13-10.13.21:563][  0]LogHMD: PokeAHoleMaterial loaded successfully
[2023.10.13-10.13.23:143][  0]LogCollectionManager: Loaded 0 collections in 0.003743 seconds
[2023.10.13-10.13.23:149][  0]LogFileCache: Scanning file cache for directory 'C:/Users/s.dronskiy/Documents/Unreal Projects/UE_CPP_Classes/CppTPS/Saved/Collections/' took 0.00s
[2023.10.13-10.13.23:149][  0]LogFileCache: Scanning file cache for directory 'C:/Users/s.dronskiy/Documents/Unreal Projects/UE_CPP_Classes/CppTPS/Content/Developers/sdronskiy/Collections/' took 0.00s
[2023.10.13-10.13.23:149][  0]LogFileCache: Scanning file cache for directory 'C:/Users/s.dronskiy/Documents/Unreal Projects/UE_CPP_Classes/CppTPS/Content/Collections/' took 0.00s
[2023.10.13-10.13.23:149][  0]LogCollectionManager: Fixed up redirectors for 0 collections in 0.000002 seconds (updated 0 objects)
[2023.10.13-10.13.24:742][  0]LogPython: Using Python 3.7.7
[2023.10.13-10.13.27:767][  0]LogNiagaraDebuggerClient: Niagara Debugger Client Initialized | Session: D47711EA42E28E3659289F84C82230AB | Instance: 6774EEC142885E7A95F13091198D05A0 (1CNEW-12928).
[2023.10.13-10.13.29:625][  0]LogPython: Warning: 'DamageType' and 'EDamageType' have the same name (DamageType) when exposed to Python. Rename one of them using 'ScriptName' meta-data.
[2023.10.13-10.13.31:581][  0]SourceControl: Source control is disabled
[2023.10.13-10.13.31:586][  0]SourceControl: Source control is disabled
[2023.10.13-10.13.31:722][  0]SourceControl: Source control is disabled
[2023.10.13-10.13.31:771][  0]SourceControl: Source control is disabled
[2023.10.13-10.13.31:821][  0]SourceControl: Source control is disabled
[2023.10.13-10.13.31:889][  0]LogUProjectInfo: Found projects:
[2023.10.13-10.13.34:339][  0]LogOpenImageDenoise: OIDN starting up
[2023.10.13-10.13.34:848][  0]LogAndroidPermission: UAndroidPermissionCallbackProxy::GetInstance
[2023.10.13-10.13.36:497][  0]LogAudioCaptureCore: Display: No Audio Capture implementations found. Audio input will be silent.
[2023.10.13-10.13.36:498][  0]LogAudioCaptureCore: Display: No Audio Capture implementations found. Audio input will be silent.
[2023.10.13-10.13.37:094][  0]LogOcInput: OculusInput pre-init called
[2023.10.13-10.13.38:098][  0]LogUObjectArray: 24057 objects as part of root set at end of initial load.
[2023.10.13-10.13.38:098][  0]LogUObjectAllocator: 6787968 out of 0 bytes used by permanent object pool.
[2023.10.13-10.13.38:099][  0]LogUObjectArray: CloseDisregardForGC: 0/0 objects in disregard for GC pool
[2023.10.13-10.13.38:128][  0]LogInit: Error: VisualStudioToolsCommandlet looked like a commandlet, but we could not find the class.
[2023.10.13-10.13.38:130][  0]LogCore: Engine exit requested (reason: Failed to find commandlet class VisualStudioToolsCommandlet)
[2023.10.13-10.13.38:130][  0]LogCore: Engine exit requested (reason: EngineExit() was called; note: exit was already requested)
[2023.10.13-10.13.38:162][  0]LogExit: Preparing to exit.
[2023.10.13-10.13.38:404][  0]LogUObjectHash: Compacting FUObjectHashTables data took   1.97ms
[2023.10.13-10.13.38:907][  0]LogDemo: Cleaned up 0 splitscreen connections with owner deletion
[2023.10.13-10.13.39:921][  0]LogExit: Object subsystem successfully closed.
[2023.10.13-10.13.40:526][  0]LogModuleManager: Shutting down and abandoning module AudioSynesthesiaEditor (598)
[2023.10.13-10.13.40:526][  0]LogModuleManager: Shutting down and abandoning module WoodyQuests (596)
[2023.10.13-10.13.40:526][  0]LogModuleManager: Shutting down and abandoning module OculusEditor (594)
[2023.10.13-10.13.40:529][  0]LogModuleManager: Shutting down and abandoning module OculusInput (592)
[2023.10.13-10.13.40:529][  0]LogModuleManager: Shutting down and abandoning module ContentBrowserFileDataSource (590)
[2023.10.13-10.13.40:529][  0]LogModuleManager: Shutting down and abandoning module ContentBrowserAssetDataSource (588)
[2023.10.13-10.13.40:529][  0]LogModuleManager: Shutting down and abandoning module ContentBrowserClassDataSource (586)
[2023.10.13-10.13.40:529][  0]LogModuleManager: Shutting down and abandoning module ToolMenus (585)
[2023.10.13-10.13.40:529][  0]LogModuleManager: Shutting down and abandoning module TemplateSequence (582)
[2023.10.13-10.13.40:529][  0]LogModuleManager: Shutting down and abandoning module NiagaraEditorWidgets (580)
[2023.10.13-10.13.40:548][  0]LogModuleManager: Shutting down and abandoning module CustomMeshComponent (578)
[2023.10.13-10.13.40:548][  0]LogModuleManager: Shutting down and abandoning module CableComponent (576)
[2023.10.13-10.13.40:548][  0]LogModuleManager: Shutting down and abandoning module AudioCapture (574)
[2023.10.13-10.13.40:548][  0]LogModuleManager: Shutting down and abandoning module AudioCaptureRtAudio (573)
[2023.10.13-10.13.40:549][  0]LogModuleManager: Shutting down and abandoning module TakeSequencer (570)
[2023.10.13-10.13.40:555][  0]LogModuleManager: Shutting down and abandoning module TakeMovieScene (568)
[2023.10.13-10.13.40:555][  0]LogModuleManager: Shutting down and abandoning module AppleImageUtilsBlueprintSupport (566)
[2023.10.13-10.13.40:555][  0]LogModuleManager: Shutting down and abandoning module AppleImageUtils (564)
[2023.10.13-10.13.40:555][  0]LogModuleManager: Shutting down and abandoning module ScreenshotTools (562)
[2023.10.13-10.13.40:555][  0]LogModuleManager: Shutting down and abandoning module SynthesisEditor (560)
[2023.10.13-10.13.40:555][  0]LogModuleManager: Shutting down and abandoning module Synthesis (558)
[2023.10.13-10.13.40:557][  0]LogModuleManager: Shutting down and abandoning module ProceduralMeshComponentEditor (556)
[2023.10.13-10.13.40:557][  0]LogModuleManager: Shutting down and abandoning module ProceduralMeshComponent (554)
[2023.10.13-10.13.40:557][  0]LogModuleManager: Shutting down and abandoning module OpenXREditor (552)
[2023.10.13-10.13.40:558][  0]LogModuleManager: Shutting down and abandoning module MobilePatchingUtils (550)
[2023.10.13-10.13.40:558][  0]LogModuleManager: Shutting down and abandoning module GooglePAD (548)
[2023.10.13-10.13.40:558][  0]LogModuleManager: Shutting down and abandoning module AndroidPermission (546)
[2023.10.13-10.13.40:558][  0]LogModuleManager: Shutting down and abandoning module EditableMesh (544)
[2023.10.13-10.13.40:559][  0]LogModuleManager: Shutting down and abandoning module AssetTags (542)
[2023.10.13-10.13.40:559][  0]LogModuleManager: Shutting down and abandoning module ArchVisCharacter (540)
[2023.10.13-10.13.40:560][  0]LogModuleManager: Shutting down and abandoning module ActorLayerUtilitiesEditor (538)
[2023.10.13-10.13.40:560][  0]LogModuleManager: Shutting down and abandoning module ActorLayerUtilities (536)
[2023.10.13-10.13.40:560][  0]LogModuleManager: Shutting down and abandoning module MediaCompositing (534)
[2023.10.13-10.13.40:560][  0]LogModuleManager: Shutting down and abandoning module MagicLeapLightEstimation (532)
[2023.10.13-10.13.40:560][  0]LogModuleManager: Shutting down and abandoning module MagicLeapSharedWorld (530)
[2023.10.13-10.13.40:560][  0]LogModuleManager: Shutting down and abandoning module MagicLeapHelperVulkan (528)
[2023.10.13-10.13.40:560][  0]LogModuleManager: Shutting down and abandoning module MagicLeapHelperOpenGL (526)
[2023.10.13-10.13.40:560][  0]LogModuleManager: Shutting down and abandoning module MagicLeapAudio (524)
[2023.10.13-10.13.40:561][  0]LogModuleManager: Shutting down and abandoning module OpenImageDenoise (522)
[2023.10.13-10.13.40:561][  0]LogOpenImageDenoise: OIDN shutting down
[2023.10.13-10.13.40:561][  0]LogModuleManager: Shutting down and abandoning module MotoSynthEditor (520)
[2023.10.13-10.13.40:561][  0]LogModuleManager: Shutting down and abandoning module MotoSynth (518)
[2023.10.13-10.13.40:561][  0]LogModuleManager: Shutting down and abandoning module VariantManagerContentEditor (516)
[2023.10.13-10.13.40:563][  0]LogModuleManager: Shutting down and abandoning module DatasmithContentEditor (514)
[2023.10.13-10.13.40:566][  0]LogModuleManager: Shutting down and abandoning module MeshConversion (512)
[2023.10.13-10.13.40:567][  0]LogModuleManager: Shutting down and abandoning module DynamicMesh (510)
[2023.10.13-10.13.40:569][  0]LogModuleManager: Shutting down and abandoning module GeometryAlgorithms (508)
[2023.10.13-10.13.40:571][  0]LogModuleManager: Shutting down and abandoning module GeometricObjects (506)
[2023.10.13-10.13.40:574][  0]LogModuleManager: Shutting down and abandoning module GeometryCollectionTracks (504)
[2023.10.13-10.13.40:574][  0]LogModuleManager: Shutting down and abandoning module GeometryCollectionSequencer (503)
[2023.10.13-10.13.40:574][  0]LogModuleManager: Shutting down and abandoning module GeometryCollectionEditor (500)
[2023.10.13-10.13.40:575][  0]LogModuleManager: Shutting down and abandoning module ChaosNiagara (498)
[2023.10.13-10.13.40:576][  0]LogModuleManager: Shutting down and abandoning module GeometryCacheTracks (496)
[2023.10.13-10.13.40:576][  0]LogModuleManager: Shutting down and abandoning module GeometryCacheStreamer (494)
[2023.10.13-10.13.40:577][  0]LogModuleManager: Shutting down and abandoning module GeometryCacheSequencer (492)
[2023.10.13-10.13.40:577][  0]LogModuleManager: Shutting down and abandoning module ChaosSolverEditor (490)
[2023.10.13-10.13.40:577][  0]LogModuleManager: Shutting down and abandoning module FractureEditor (488)
[2023.10.13-10.13.40:581][  0]LogModuleManager: Shutting down and abandoning module FieldSystemEngine (487)
[2023.10.13-10.13.40:581][  0]LogModuleManager: Shutting down and abandoning module ChaosClothEditor (484)
[2023.10.13-10.13.40:582][  0]LogModuleManager: Shutting down and abandoning module AutomationUtilsEditor (482)
[2023.10.13-10.13.40:582][  0]LogModuleManager: Shutting down and abandoning module AutomationUtils (480)
[2023.10.13-10.13.40:582][  0]LogModuleManager: Shutting down and abandoning module AlembicImporter (478)
[2023.10.13-10.13.40:582][  0]LogModuleManager: Shutting down and abandoning module AlembicLibrary (477)
[2023.10.13-10.13.40:583][  0]LogModuleManager: Shutting down and abandoning module GeometryCache (476)
[2023.10.13-10.13.40:583][  0]LogModuleManager: Shutting down and abandoning module GeometryCacheEd (475)
[2023.10.13-10.13.40:583][  0]LogModuleManager: Shutting down and abandoning module SpeedTreeImporter (470)
[2023.10.13-10.13.40:583][  0]LogModuleManager: Shutting down and abandoning module MobileLauncherProfileWizard (468)
[2023.10.13-10.13.40:586][  0]LogModuleManager: Shutting down and abandoning module PluginBrowser (466)
[2023.10.13-10.13.40:602][  0]LogModuleManager: Shutting down and abandoning module MaterialAnalyzer (464)
[2023.10.13-10.13.40:603][  0]LogModuleManager: Shutting down and abandoning module CurveEditorTools (462)
[2023.10.13-10.13.40:609][  0]LogModuleManager: Shutting down and abandoning module OodleNetworkHandlerComponent (460)
[2023.10.13-10.13.40:609][  0]LogModuleManager: Shutting down and abandoning module CryptoKeysOpenSSL (458)
[2023.10.13-10.13.40:609][  0]LogModuleManager: Shutting down and abandoning module CryptoKeys (456)
[2023.10.13-10.13.40:609][  0]LogModuleManager: Shutting down and abandoning module VisualStudioSourceCodeAccess (454)
[2023.10.13-10.13.40:611][  0]LogModuleManager: Shutting down and abandoning module UObjectPlugin (452)
[2023.10.13-10.13.40:611][  0]LogModuleManager: Shutting down and abandoning module VisualStudioCodeSourceCodeAccess (450)
[2023.10.13-10.13.40:611][  0]LogModuleManager: Shutting down and abandoning module PluginUtils (448)
[2023.10.13-10.13.40:612][  0]LogModuleManager: Shutting down and abandoning module PlasticSourceControl (446)
[2023.10.13-10.13.40:615][  0]LogModuleManager: Shutting down and abandoning module SubversionSourceControl (444)
[2023.10.13-10.13.40:620][  0]LogModuleManager: Shutting down and abandoning module PerforceSourceControl (442)
[2023.10.13-10.13.40:627][  0]LogModuleManager: Shutting down and abandoning module GitSourceControl (440)
[2023.10.13-10.13.40:630][  0]LogModuleManager: Shutting down and abandoning module SourceControl (439)
[2023.10.13-10.13.40:632][  0]LogModuleManager: Shutting down and abandoning module CLionSourceCodeAccess (436)
[2023.10.13-10.13.40:632][  0]LogModuleManager: Shutting down and abandoning module AnimationSharingEd (434)
[2023.10.13-10.13.40:632][  0]LogModuleManager: Shutting down and abandoning module LightPropagationVolumeEditor (432)
[2023.10.13-10.13.40:632][  0]LogModuleManager: Shutting down and abandoning module LiveLinkSequencer (430)
[2023.10.13-10.13.40:634][  0]LogModuleManager: Shutting down and abandoning module LiveLinkMovieScene (428)
[2023.10.13-10.13.40:634][  0]LogModuleManager: Shutting down and abandoning module LiveLinkGraphNode (426)
[2023.10.13-10.13.40:634][  0]LogModuleManager: Shutting down and abandoning module LiveLinkEditor (424)
[2023.10.13-10.13.40:639][  0]LogModuleManager: Shutting down and abandoning module LiveLinkComponents (422)
[2023.10.13-10.13.40:639][  0]LogModuleManager: Shutting down and abandoning module LiveLink (420)
[2023.10.13-10.13.41:601][  0]LogModuleManager: Shutting down and abandoning module PaperTiledImporter (418)
[2023.10.13-10.13.41:601][  0]LogModuleManager: Shutting down and abandoning module PaperSpriteSheetImporter (416)
[2023.10.13-10.13.41:603][  0]LogModuleManager: Shutting down and abandoning module Paper2DEditor (414)
[2023.10.13-10.13.41:607][  0]LogModuleManager: Shutting down and abandoning module MeshPaintingToolset (412)
[2023.10.13-10.13.41:610][  0]LogModuleManager: Shutting down and abandoning module MeshPaintEditorMode (410)
[2023.10.13-10.13.41:612][  0]LogModuleManager: Shutting down and abandoning module CppTPS (408)
[2023.10.13-10.13.41:612][  0]LogModuleManager: Shutting down and abandoning module AnimGraph (407)
[2023.10.13-10.13.41:617][  0]LogModuleManager: Shutting down and abandoning module ActorSequence (404)
[2023.10.13-10.13.41:617][  0]LogModuleManager: Shutting down and abandoning module UdpMessaging (402)
[2023.10.13-10.13.41:623][  0]LogModuleManager: Shutting down and abandoning module TcpMessaging (400)
[2023.10.13-10.13.41:626][  0]LogModuleManager: Shutting down and abandoning module NiagaraAnimNotifies (398)
[2023.10.13-10.13.41:626][  0]LogModuleManager: Shutting down and abandoning module Niagara (396)
[2023.10.13-10.13.41:648][  0]LogModuleManager: Shutting down and abandoning module SignalProcessing (395)
[2023.10.13-10.13.41:649][  0]LogModuleManager: Shutting down and abandoning module NiagaraEditor (393)
[2023.10.13-10.13.41:664][  0]LogModuleManager: Shutting down and abandoning module NiagaraCore (390)
[2023.10.13-10.13.41:664][  0]LogModuleManager: Shutting down and abandoning module AudioSynesthesia (388)
[2023.10.13-10.13.41:665][  0]LogModuleManager: Shutting down and abandoning module AudioSynesthesiaCore (386)
[2023.10.13-10.13.41:666][  0]LogModuleManager: Shutting down and abandoning module SoundFields (384)
[2023.10.13-10.13.41:667][  0]LogModuleManager: Shutting down and abandoning module SignificanceManager (382)
[2023.10.13-10.13.41:667][  0]LogModuleManager: Shutting down and abandoning module RuntimePhysXCooking (380)
[2023.10.13-10.13.41:667][  0]LogModuleManager: Shutting down and abandoning module PropertyAccessEditor (378)
[2023.10.13-10.13.41:671][  0]LogModuleManager: Shutting down and abandoning module PhysXVehiclesEditor (376)
[2023.10.13-10.13.41:673][  0]LogModuleManager: Shutting down and abandoning module LocationServicesBPLibrary (372)
[2023.10.13-10.13.41:673][  0]LogModuleManager: Shutting down and abandoning module MagicLeapARPin (370)
[2023.10.13-10.13.41:673][  0]LogModuleManager: Shutting down and abandoning module MagicLeapHandMeshing (368)
[2023.10.13-10.13.41:676][  0]LogModuleManager: Shutting down and abandoning module MagicLeapSecureStorage (366)
[2023.10.13-10.13.41:676][  0]LogModuleManager: Shutting down and abandoning module MagicLeapPrivileges (364)
[2023.10.13-10.13.41:678][  0]LogModuleManager: Shutting down and abandoning module MagicLeapPlanes (362)
[2023.10.13-10.13.41:681][  0]LogMagicLeapPlanes: Planes tracker already destroyed.
[2023.10.13-10.13.41:681][  0]LogModuleManager: Shutting down and abandoning module MagicLeapImageTracker (360)
[2023.10.13-10.13.41:682][  0]LogModuleManager: Shutting down and abandoning module MagicLeapIdentity (358)
[2023.10.13-10.13.41:682][  0]LogModuleManager: Shutting down and abandoning module MagicLeapHandTracking (356)
[2023.10.13-10.13.41:689][  0]LogModuleManager: Shutting down and abandoning module MagicLeapEyeTracker (354)
[2023.10.13-10.13.41:690][  0]LogModuleManager: Shutting down and abandoning module MagicLeapController (352)
[2023.10.13-10.13.41:694][  0]LogModuleManager: Shutting down and abandoning module MagicLeapARPinImpl (350)
[2023.10.13-10.13.41:695][  0]LogModuleManager: Shutting down and abandoning module MagicLeapAR (348)
[2023.10.13-10.13.41:695][  0]LogModuleManager: Shutting down and abandoning module PythonScriptPlugin (346)
[2023.10.13-10.13.41:695][  0]LogModuleManager: Shutting down and abandoning module GameplayTagsEditor (344)
[2023.10.13-10.13.41:697][  0]LogModuleManager: Shutting down and abandoning module FacialAnimationEditor (342)
[2023.10.13-10.13.41:699][  0]LogModuleManager: Shutting down and abandoning module FacialAnimation (340)
[2023.10.13-10.13.41:699][  0]LogModuleManager: Shutting down and abandoning module DataValidation (338)
[2023.10.13-10.13.41:699][  0]LogModuleManager: Shutting down and abandoning module AssetManagerEditor (336)
[2023.10.13-10.13.41:702][  0]LogModuleManager: Shutting down and abandoning module TreeMap (335)
[2023.10.13-10.13.41:705][  0]LogModuleManager: Shutting down and abandoning module PropertyAccessNode (332)
[2023.10.13-10.13.41:709][  0]LogModuleManager: Shutting down and abandoning module AnimationSharing (330)
[2023.10.13-10.13.41:709][  0]LogModuleManager: Shutting down and abandoning module LightPropagationVolumeRuntime (328)
[2023.10.13-10.13.41:709][  0]LogModuleManager: Shutting down and abandoning module GameplayCameras (326)
[2023.10.13-10.13.41:709][  0]LogModuleManager: Shutting down and abandoning module EnvironmentQueryEditor (324)
[2023.10.13-10.13.41:714][  0]LogModuleManager: Shutting down and abandoning module Paper2D (322)
[2023.10.13-10.13.41:715][  0]LogModuleManager: Shutting down and abandoning module NetworkReplayStreaming (320)
[2023.10.13-10.13.41:716][  0]LogModuleManager: Shutting down and abandoning module PacketHandler (318)
[2023.10.13-10.13.41:716][  0]LogModuleManager: Shutting down and abandoning module ClothingSystemEditor (316)
[2023.10.13-10.13.41:717][  0]LogModuleManager: Shutting down and abandoning module ClothingSystemRuntimeNv (314)
[2023.10.13-10.13.41:723][  0]LogModuleManager: Shutting down and abandoning module MediaAssets (312)
[2023.10.13-10.13.41:724][  0]LogModuleManager: Shutting down and abandoning module Overlay (310)
[2023.10.13-10.13.41:724][  0]LogModuleManager: Shutting down and abandoning module OverlayEditor (309)
[2023.10.13-10.13.41:724][  0]LogModuleManager: Shutting down and abandoning module Blutility (306)
[2023.10.13-10.13.41:727][  0]LogModuleManager: Shutting down and abandoning module LevelEditor (305)
[2023.10.13-10.13.41:752][  0]LogModuleManager: Shutting down and abandoning module PixelInspectorModule (304)
[2023.10.13-10.13.41:757][  0]LogModuleManager: Shutting down and abandoning module CommonMenuExtensions (302)
[2023.10.13-10.13.41:760][  0]LogModuleManager: Shutting down and abandoning module MainFrame (300)
[2023.10.13-10.13.41:769][  0]LogModuleManager: Shutting down and abandoning module HotReload (299)
[2023.10.13-10.13.41:774][  0]LogModuleManager: Shutting down and abandoning module ContentBrowser (295)
[2023.10.13-10.13.41:789][  0]LogModuleManager: Shutting down and abandoning module CollectionManager (294)
[2023.10.13-10.13.41:798][  0]LogModuleManager: Shutting down and abandoning module ContentBrowserData (292)
[2023.10.13-10.13.41:798][  0]LogModuleManager: Shutting down and abandoning module IntroTutorials (288)
[2023.10.13-10.13.41:804][  0]LogModuleManager: Shutting down and abandoning module VREditor (286)
[2023.10.13-10.13.41:807][  0]LogModuleManager: Shutting down and abandoning module StringTableEditor (284)
[2023.10.13-10.13.41:811][  0]LogModuleManager: Shutting down and abandoning module GameplayTasksEditor (282)
[2023.10.13-10.13.41:812][  0]LogModuleManager: Shutting down and abandoning module BehaviorTreeEditor (280)
[2023.10.13-10.13.41:818][  0]LogModuleManager: Shutting down and abandoning module FunctionalTesting (278)
[2023.10.13-10.13.41:822][  0]LogModuleManager: Shutting down and abandoning module CollisionAnalyzer (276)
[2023.10.13-10.13.41:827][  0]LogModuleManager: Shutting down and abandoning module WorkspaceMenuStructure (275)
[2023.10.13-10.13.41:831][  0]LogModuleManager: Shutting down and abandoning module UMG (272)
[2023.10.13-10.13.41:833][  0]LogModuleManager: Shutting down and abandoning module UMGEditor (271)
[2023.10.13-10.13.41:845][  0]LogModuleManager: Shutting down and abandoning module MessageLog (269)
[2023.10.13-10.13.41:847][  0]LogModuleManager: Shutting down and abandoning module SlateReflector (264)
[2023.10.13-10.13.41:864][  0]LogModuleManager: Shutting down and abandoning module Slate (262)
[2023.10.13-10.13.41:866][  0]LogModuleManager: Shutting down and abandoning module SlateCore (260)
[2023.10.13-10.13.41:871][  0]LogModuleManager: Shutting down and abandoning module LandscapeEditorUtilities (258)
[2023.10.13-10.13.41:871][  0]LogModuleManager: Shutting down and abandoning module UnrealEd (256)
[2023.10.13-10.13.41:873][  0]LogModuleManager: Shutting down and abandoning module MRMesh (254)
[2023.10.13-10.13.41:873][  0]LogModuleManager: Shutting down and abandoning module SourceCodeAccess (252)
[2023.10.13-10.13.41:874][  0]LogModuleManager: Shutting down and abandoning module HeadMountedDisplay (250)
[2023.10.13-10.13.41:875][  0]LogModuleManager: Shutting down and abandoning module XAudio2 (248)
[2023.10.13-10.13.41:876][  0]LogModuleManager: Shutting down and abandoning module Networking (246)
[2023.10.13-10.13.41:876][  0]LogModuleManager: Shutting down and abandoning module Core (244)
[2023.10.13-10.13.41:876][  0]LogModuleManager: Shutting down and abandoning module MaterialEditor (242)
[2023.10.13-10.13.41:883][  0]LogModuleManager: Shutting down and abandoning module Settings (241)
[2023.10.13-10.13.41:883][  0]LogModuleManager: Shutting down and abandoning module MovieSceneTools (238)
[2023.10.13-10.13.41:892][  0]LogModuleManager: Shutting down and abandoning module CurveEditor (237)
[2023.10.13-10.13.41:899][  0]LogModuleManager: Shutting down and abandoning module Sequencer (235)
[2023.10.13-10.13.41:910][  0]LogModuleManager: Shutting down and abandoning module EditorStyle (234)
[2023.10.13-10.13.41:927][  0]LogModuleManager: Shutting down and abandoning module KismetCompiler (230)
[2023.10.13-10.13.41:927][  0]LogModuleManager: Shutting down and abandoning module MeshBuilder (228)
[2023.10.13-10.13.41:928][  0]LogModuleManager: Shutting down and abandoning module MeshUtilities (226)
[2023.10.13-10.13.41:932][  0]LogModuleManager: Shutting down and abandoning module MeshMergeUtilities (225)
[2023.10.13-10.13.41:936][  0]LogModuleManager: Shutting down and abandoning module MeshReductionInterface (224)
[2023.10.13-10.13.41:936][  0]LogModuleManager: Shutting down and abandoning module MeshBoneReduction (223)
[2023.10.13-10.13.41:937][  0]LogModuleManager: Shutting down and abandoning module SkeletalMeshReduction (221)
[2023.10.13-10.13.41:939][  0]LogModuleManager: Shutting down and abandoning module ProxyLODMeshReduction (219)
[2023.10.13-10.13.41:949][  0]LogModuleManager: Shutting down and abandoning module QuadricMeshReduction (217)
[2023.10.13-10.13.41:951][  0]LogModuleManager: Shutting down and abandoning module MaterialBaking (213)
[2023.10.13-10.13.41:954][  0]LogModuleManager: Shutting down and abandoning module DirectoryWatcher (209)
[2023.10.13-10.13.41:954][  0]LogModuleManager: Shutting down and abandoning module NullInstallBundleManager (206)
[2023.10.13-10.13.41:954][  0]LogModuleManager: Shutting down and abandoning module DerivedDataCache (204)
[2023.10.13-10.13.41:957][  0]LogModuleManager: Shutting down and abandoning module TargetPlatform (202)
[2023.10.13-10.13.41:960][  0]LogModuleManager: Shutting down and abandoning module VulkanShaderFormat (201)
[2023.10.13-10.13.41:966][  0]LogModuleManager: Shutting down and abandoning module ShaderFormatVectorVM (199)
[2023.10.13-10.13.41:967][  0]LogModuleManager: Shutting down and abandoning module ShaderFormatOpenGL (197)
[2023.10.13-10.13.41:969][  0]LogModuleManager: Shutting down and abandoning module ShaderFormatD3D (195)
[2023.10.13-10.13.41:971][  0]LogModuleManager: Shutting down and abandoning module MetalShaderFormat (193)
[2023.10.13-10.13.41:974][  0]LogModuleManager: Shutting down and abandoning module TextureFormatOodle (191)
[2023.10.13-10.13.41:975][  0]LogModuleManager: Shutting down and abandoning module TextureFormatUncompressed (189)
[2023.10.13-10.13.41:976][  0]LogModuleManager: Shutting down and abandoning module TextureFormatPVR (187)
[2023.10.13-10.13.41:977][  0]LogModuleManager: Shutting down and abandoning module TextureFormatETC2 (185)
[2023.10.13-10.13.41:978][  0]LogModuleManager: Shutting down and abandoning module TextureFormatDXT (183)
[2023.10.13-10.13.41:978][  0]LogModuleManager: Shutting down and abandoning module TextureFormatIntelISPCTexComp (181)
[2023.10.13-10.13.41:982][  0]LogModuleManager: Shutting down and abandoning module TextureFormatASTC (179)
[2023.10.13-10.13.41:982][  0]LogModuleManager: Shutting down and abandoning module ImageWrapper (178)
[2023.10.13-10.13.41:983][  0]LogModuleManager: Shutting down and abandoning module AudioFormatOpus (175)
[2023.10.13-10.13.41:984][  0]LogModuleManager: Shutting down and abandoning module AudioFormatOgg (173)
[2023.10.13-10.13.41:984][  0]LogModuleManager: Shutting down and abandoning module AudioFormatADPCM (171)
[2023.10.13-10.13.41:985][  0]LogModuleManager: Shutting down and abandoning module WindowsServerTargetPlatform (169)
[2023.10.13-10.13.41:986][  0]LogModuleManager: Shutting down and abandoning module WindowsClientTargetPlatform (167)
[2023.10.13-10.13.41:987][  0]LogModuleManager: Shutting down and abandoning module WindowsTargetPlatform (165)
[2023.10.13-10.13.41:987][  0]LogModuleManager: Shutting down and abandoning module WindowsNoEditorTargetPlatform (163)
[2023.10.13-10.13.41:988][  0]LogModuleManager: Shutting down and abandoning module TVOSTargetPlatform (161)
[2023.10.13-10.13.41:994][  0]LogModuleManager: Shutting down and abandoning module MacServerTargetPlatform (159)
[2023.10.13-10.13.41:994][  0]LogModuleManager: Shutting down and abandoning module MacClientTargetPlatform (157)
[2023.10.13-10.13.41:995][  0]LogModuleManager: Shutting down and abandoning module MacTargetPlatform (155)
[2023.10.13-10.13.41:995][  0]LogModuleManager: Shutting down and abandoning module MacNoEditorTargetPlatform (153)
[2023.10.13-10.13.41:995][  0]LogModuleManager: Shutting down and abandoning module LuminTargetPlatform (151)
[2023.10.13-10.13.41:999][  0]LogModuleManager: Shutting down and abandoning module LinuxAArch64ServerTargetPlatform (149)
[2023.10.13-10.13.42:000][  0]LogModuleManager: Shutting down and abandoning module LinuxAArch64ClientTargetPlatform (147)
[2023.10.13-10.13.42:001][  0]LogModuleManager: Shutting down and abandoning module LinuxAArch64NoEditorTargetPlatform (145)
[2023.10.13-10.13.42:002][  0]LogModuleManager: Shutting down and abandoning module LinuxServerTargetPlatform (143)
[2023.10.13-10.13.42:003][  0]LogModuleManager: Shutting down and abandoning module LinuxClientTargetPlatform (141)
[2023.10.13-10.13.42:003][  0]LogModuleManager: Shutting down and abandoning module LinuxNoEditorTargetPlatform (139)
[2023.10.13-10.13.42:004][  0]LogModuleManager: Shutting down and abandoning module LinuxTargetPlatform (137)
[2023.10.13-10.13.42:004][  0]LogModuleManager: Shutting down and abandoning module Messaging (135)
[2023.10.13-10.13.42:004][  0]LogModuleManager: Shutting down and abandoning module IOSTargetPlatform (133)
[2023.10.13-10.13.42:005][  0]LogModuleManager: Shutting down and abandoning module AndroidTargetPlatform (131)
[2023.10.13-10.13.42:009][  0]LogModuleManager: Shutting down and abandoning module AllDesktopTargetPlatform (129)
[2023.10.13-10.13.42:010][  0]LogModuleManager: Shutting down and abandoning module NullDrv (126)
[2023.10.13-10.13.42:010][  0]LogModuleManager: Shutting down and abandoning module PhysXCooking (124)
[2023.10.13-10.13.42:010][  0]LogModuleManager: Shutting down and abandoning module Chaos (122)
[2023.10.13-10.13.42:011][  0]LogModuleManager: Shutting down and abandoning module WindowsPlatformFeatures (120)
[2023.10.13-10.13.42:013][  0]LogModuleManager: Shutting down and abandoning module GameplayMediaEncoder (119)
[2023.10.13-10.13.42:015][  0]LogModuleManager: Shutting down and abandoning module AVEncoder (118)
[2023.10.13-10.13.42:017][  0]LogModuleManager: Shutting down and abandoning module ExampleDeviceProfileSelector (114)
[2023.10.13-10.13.42:017][  0]LogModuleManager: Shutting down and abandoning module SteamVRInputDevice (112)
[2023.10.13-10.13.42:018][  0]LogModuleManager: Shutting down and abandoning module SteamVRInput (110)
[2023.10.13-10.13.42:019][  0]LogModuleManager: Shutting down and abandoning module SteamVR (108)
[2023.10.13-10.13.42:021][  0]LogHMD: Freeing OpenVRDLLHandle.
[2023.10.13-10.13.42:021][  0]LogModuleManager: Shutting down and abandoning module OculusHMD (106)
[2023.10.13-10.13.42:023][  0]LogModuleManager: Shutting down and abandoning module LauncherChunkInstaller (104)
[2023.10.13-10.13.42:025][  0]LogModuleManager: Shutting down and abandoning module NiagaraVertexFactories (102)
[2023.10.13-10.13.42:028][  0]LogModuleManager: Shutting down and abandoning module NiagaraShader (100)
[2023.10.13-10.13.42:031][  0]LogModuleManager: Shutting down and abandoning module OpenXRHandTracking (98)
[2023.10.13-10.13.42:032][  0]LogModuleManager: Shutting down and abandoning module OpenXREyeTracker (96)
[2023.10.13-10.13.42:033][  0]LogModuleManager: Shutting down and abandoning module OpenXRAR (94)
[2023.10.13-10.13.42:034][  0]LogModuleManager: Shutting down and abandoning module AugmentedReality (93)
[2023.10.13-10.13.42:034][  0]LogModuleManager: Shutting down and abandoning module OpenXRHMD (90)
[2023.10.13-10.13.42:035][  0]LogModuleManager: Shutting down and abandoning module ChunkDownloader (88)
[2023.10.13-10.13.42:037][  0]LogModuleManager: Shutting down and abandoning module WmfMedia (86)
[2023.10.13-10.13.42:047][  0]LogModuleManager: Shutting down and abandoning module Media (85)
[2023.10.13-10.13.42:049][  0]LogModuleManager: Shutting down and abandoning module MediaInfo (84)
[2023.10.13-10.13.42:049][  0]LogModuleManager: Shutting down and abandoning module OnlineBlueprintSupport (80)
[2023.10.13-10.13.42:049][  0]LogModuleManager: Shutting down and abandoning module OnlineSubsystem (76)
[2023.10.13-10.13.42:067][  0]LogModuleManager: Shutting down and abandoning module XMPP (71)
[2023.10.13-10.13.42:072][  0]LogModuleManager: Shutting down and abandoning module WebSockets (70)
[2023.10.13-10.13.42:093][  0]LogModuleManager: Shutting down and abandoning module HTTP (67)
[2023.10.13-10.13.42:100][  0]LogHttp: Display: cleaning up 0 outstanding Http requests.
[2023.10.13-10.13.42:135][  0]LogModuleManager: Shutting down and abandoning module SSL (66)
[2023.10.13-10.13.42:170][  0]LogModuleManager: Shutting down and abandoning module ExrReaderGpu (62)
[2023.10.13-10.13.42:171][  0]LogModuleManager: Shutting down and abandoning module MLSDK (60)
[2023.10.13-10.13.42:172][  0]LogModuleManager: Shutting down and abandoning module MagicLeap (58)
[2023.10.13-10.13.42:172][  0]LogModuleManager: Shutting down and abandoning module VariantManagerContent (56)
[2023.10.13-10.13.42:172][  0]LogModuleManager: Shutting down and abandoning module DatasmithContent (54)
[2023.10.13-10.13.42:173][  0]LogModuleManager: Shutting down and abandoning module ChaosCloth (52)
[2023.10.13-10.13.42:176][  0]LogModuleManager: Shutting down and abandoning module PixWinPlugin (50)
[2023.10.13-10.13.42:176][  0]LogModuleManager: Shutting down and abandoning module AISupportModule (48)
[2023.10.13-10.13.42:176][  0]LogModuleManager: Shutting down and abandoning module PythonScriptPluginPreload (46)
[2023.10.13-10.13.42:177][  0]LogModuleManager: Shutting down and abandoning module PlatformCryptoOpenSSL (44)
[2023.10.13-10.13.42:178][  0]LogModuleManager: Shutting down and abandoning module PlatformCryptoTypes (42)
[2023.10.13-10.13.42:178][  0]LogModuleManager: Shutting down and abandoning module PlatformCrypto (40)
[2023.10.13-10.13.42:178][  0]LogModuleManager: Shutting down and abandoning module OodleDataCompressionFormat (38)
[2023.10.13-10.13.42:182][  0]LogModuleManager: Shutting down and abandoning module XGEController (36)
[2023.10.13-10.13.42:184][  0]LogXGEController: Cannot use XGE Controller as Incredibuild is not installed on this machine.
[2023.10.13-10.13.42:184][  0]LogXGEController: Cleaning working directory: C:/Users/s.dronskiy/AppData/Local/Temp/UnrealXGEWorkingDir/
[2023.10.13-10.13.42:184][  0]LogModuleManager: Shutting down and abandoning module AnimationModifiers (34)
[2023.10.13-10.13.42:189][  0]LogModuleManager: Shutting down and abandoning module AudioEditor (32)
[2023.10.13-10.13.42:198][  0]LogModuleManager: Shutting down and abandoning module PropertyEditor (31)
[2023.10.13-10.13.42:209][  0]LogModuleManager: Shutting down and abandoning module TextureCompressor (28)
[2023.10.13-10.13.42:212][  0]LogModuleManager: Shutting down and abandoning module RenderCore (26)
[2023.10.13-10.13.42:212][  0]LogModuleManager: Shutting down and abandoning module Landscape (24)
[2023.10.13-10.13.42:213][  0]LogModuleManager: Shutting down and abandoning module SlateRHIRenderer (22)
[2023.10.13-10.13.42:215][  0]LogModuleManager: Shutting down and abandoning module AnimGraphRuntime (20)
[2023.10.13-10.13.42:217][  0]LogModuleManager: Shutting down and abandoning module Renderer (18)
[2023.10.13-10.13.42:231][  0]LogModuleManager: Shutting down and abandoning module Engine (16)
[2023.10.13-10.13.42:240][  0]LogModuleManager: Shutting down and abandoning module CoreUObject (14)
[2023.10.13-10.13.42:240][  0]LogModuleManager: Shutting down and abandoning module NetworkFile (12)
[2023.10.13-10.13.42:241][  0]LogModuleManager: Shutting down and abandoning module CookedIterativeFile (10)
[2023.10.13-10.13.42:241][  0]LogModuleManager: Shutting down and abandoning module StreamingFile (8)
[2023.10.13-10.13.42:242][  0]LogModuleManager: Shutting down and abandoning module SandboxFile (6)
[2023.10.13-10.13.42:243][  0]LogModuleManager: Shutting down and abandoning module PakFile (4)
[2023.10.13-10.13.42:252][  0]LogModuleManager: Shutting down and abandoning module RSA (3)
[2023.10.13-10.13.42:295][  0]LogContentStreaming: Display: There are 1 unreleased StreamingManagers
[2023.10.13-10.13.42:330][  0]LogExit: Exiting.
[2023.10.13-10.13.42:362][  0]Log file closed, 10/13/23 13:13:42
